Traceback (most recent call last):
  File "/home/npc/pbt/agentic-pbt/worker_/19/hypo.py", line 18, in <module>
    test_multiply_broadcast()
    ~~~~~~~~~~~~~~~~~~~~~~~^^
  File "/home/npc/pbt/agentic-pbt/worker_/19/hypo.py", line 6, in test_multiply_broadcast
    @example(['\x00'])  # Explicitly add the failing case
                   ^^^
  File "/home/npc/miniconda/lib/python3.13/site-packages/hypothesis/core.py", line 2062, in wrapped_test
    _raise_to_user(errors, state.settings, [], " in explicit examples")
    ~~~~~~~~~~~~~~^^^^^^^^^^^^^^^^^^^^^^^^^^^^^^^^^^^^^^^^^^^^^^^^^^^^^
  File "/home/npc/miniconda/lib/python3.13/site-packages/hypothesis/core.py", line 1613, in _raise_to_user
    raise the_error_hypothesis_found
  File "/home/npc/pbt/agentic-pbt/worker_/19/hypo.py", line 14, in test_multiply_broadcast
    assert result[i] == expected, f"Failed for string {repr(strings[i])}: expected {repr(expected)}, got {repr(result[i])}"
           ^^^^^^^^^^^^^^^^^^^^^
AssertionError: Failed for string '\x00': expected '\x00\x00\x00', got np.str_('')
Falsifying explicit example: test_multiply_broadcast(
    strings=['\x00'],
)
Test failed: Failed for string '\x00': expected '\x00\x00\x00', got np.str_('')
