Traceback (most recent call last):
  File "/home/npc/pbt/agentic-pbt/worker_/7/hypo.py", line 16, in <module>
    test_deprecated_attribute_warns()
    ~~~~~~~~~~~~~~~~~~~~~~~~~~~~~~~^^
  File "/home/npc/pbt/agentic-pbt/worker_/7/hypo.py", line 6, in test_deprecated_attribute_warns
    def test_deprecated_attribute_warns(attr_name):
                   ^^^
  File "/home/npc/miniconda/lib/python3.13/site-packages/hypothesis/core.py", line 2124, in wrapped_test
    raise the_error_hypothesis_found
  File "/home/npc/pbt/agentic-pbt/worker_/7/hypo.py", line 11, in test_deprecated_attribute_warns
    assert len(w) == 1, f"Expected 1 warning, got {len(w)}"
           ^^^^^^^^^^^
AssertionError: Expected 1 warning, got 0
Falsifying example: test_deprecated_attribute_warns(
    attr_name='NBitBase',
)
