Traceback (most recent call last):
  File "/home/npc/pbt/agentic-pbt/worker_/1/hypo.py", line 16, in <module>
    test_find_duplicate_nan_behavior()
    ~~~~~~~~~~~~~~~~~~~~~~~~~~~~~~~~^^
  File "/home/npc/pbt/agentic-pbt/worker_/1/hypo.py", line 7, in test_find_duplicate_nan_behavior
    def test_find_duplicate_nan_behavior(lst):
                   ^^^
  File "/home/npc/miniconda/lib/python3.13/site-packages/hypothesis/core.py", line 2124, in wrapped_test
    raise the_error_hypothesis_found
  File "/home/npc/pbt/agentic-pbt/worker_/1/hypo.py", line 13, in test_find_duplicate_nan_behavior
    assert nan_in_result, f"Multiple NaN values in input but none in result"
           ^^^^^^^^^^^^^
AssertionError: Multiple NaN values in input but none in result
Falsifying example: test_find_duplicate_nan_behavior(
    lst=[nan, nan],
)
Explanation:
    These lines were always and only run by failing examples:
        /home/npc/pbt/agentic-pbt/worker_/1/hypo.py:12
