Traceback (most recent call last):
  File "/home/npc/pbt/agentic-pbt/worker_/18/hypo.py", line 42, in <module>
    test_addition_associative()
    ~~~~~~~~~~~~~~~~~~~~~~~~~^^
  File "/home/npc/pbt/agentic-pbt/worker_/18/hypo.py", line 36, in test_addition_associative
    def test_addition_associative(a, b, c):
                   ^^^
  File "/home/npc/pbt/agentic-pbt/envs/numpy_env/lib/python3.13/site-packages/hypothesis/core.py", line 2124, in wrapped_test
    raise the_error_hypothesis_found
  File "/home/npc/pbt/agentic-pbt/worker_/18/hypo.py", line 39, in test_addition_associative
    assert left_assoc == right_assoc, f"Associativity violated: ({a} + {b}) + {c} = {left_assoc} != {right_assoc} = {a} + ({b} + {c})"
           ^^^^^^^^^^^^^^^^^^^^^^^^^
AssertionError: Associativity violated: (0_8 + 1) + a = 1_8 + a != 1 + a = 0_8 + (1 + a)
Falsifying example: test_addition_associative(
    a=Expr(Op.INTEGER, (0, 8)),
    b=Expr(Op.INTEGER, (1, 4)),
    c=Expr(Op.SYMBOL, 'a'),
)
Explanation:
    These lines were always and only run by failing examples:
        /home/npc/pbt/agentic-pbt/envs/numpy_env/lib/python3.13/site-packages/numpy/f2py/symbolic.py:250
        /home/npc/pbt/agentic-pbt/envs/numpy_env/lib/python3.13/site-packages/numpy/f2py/symbolic.py:274
        /home/npc/pbt/agentic-pbt/envs/numpy_env/lib/python3.13/site-packages/numpy/f2py/symbolic.py:280
        /home/npc/pbt/agentic-pbt/envs/numpy_env/lib/python3.13/site-packages/numpy/f2py/symbolic.py:318
        /home/npc/miniconda/lib/python3.13/enum.py:1336
