Traceback (most recent call last):
  File "/home/npc/pbt/agentic-pbt/worker_/44/hypo.py", line 15, in <module>
    test_add_associativity()
    ~~~~~~~~~~~~~~~~~~~~~~^^
  File "/home/npc/pbt/agentic-pbt/worker_/44/hypo.py", line 7, in test_add_associativity
    @settings(max_examples=1000)
                   ^^^
  File "/home/npc/miniconda/lib/python3.13/site-packages/hypothesis/core.py", line 2124, in wrapped_test
    raise the_error_hypothesis_found
  File "/home/npc/pbt/agentic-pbt/worker_/44/hypo.py", line 12, in test_add_associativity
    assert np.array_equal(left, right), f"Failed for strings={strings!r}, s1={s1!r}, s2={s2!r}"
           ~~~~~~~~~~~~~~^^^^^^^^^^^^^
AssertionError: Failed for strings=[''], s1='\x00', s2='0'
Falsifying example: test_add_associativity(
    strings=[''],
    s1='\x00',
    s2='0',
)
