Traceback (most recent call last):
  File "<string>", line 20, in <module>
  File "<string>", line 9, in test_partition_matches_python
  File "/home/npc/miniconda/lib/python3.13/site-packages/hypothesis/core.py", line 2062, in wrapped_test
    _raise_to_user(errors, state.settings, [], " in explicit examples")
    ~~~~~~~~~~~~~~^^^^^^^^^^^^^^^^^^^^^^^^^^^^^^^^^^^^^^^^^^^^^^^^^^^^^
  File "/home/npc/miniconda/lib/python3.13/site-packages/hypothesis/core.py", line 1613, in _raise_to_user
    raise the_error_hypothesis_found
  File "<string>", line 18, in test_partition_matches_python
AssertionError: Failed for s='0', sep='00'
Falsifying explicit example: test_partition_matches_python(
    s='0',
    sep='00',
)
