Traceback (most recent call last):
  File "/home/npc/pbt/agentic-pbt/worker_/9/hypo.py", line 17, in <module>
    test_deprecated_attributes_trigger_warnings()
    ~~~~~~~~~~~~~~~~~~~~~~~~~~~~~~~~~~~~~~~~~~~^^
  File "/home/npc/pbt/agentic-pbt/worker_/9/hypo.py", line 9, in test_deprecated_attributes_trigger_warnings
    def test_deprecated_attributes_trigger_warnings(attr_name):
                   ^^^
  File "/home/npc/miniconda/lib/python3.13/site-packages/hypothesis/core.py", line 2124, in wrapped_test
    raise the_error_hypothesis_found
  File "/home/npc/pbt/agentic-pbt/worker_/9/hypo.py", line 13, in test_deprecated_attributes_trigger_warnings
    assert len(w) >= 1, f"Expected deprecation warning for {attr_name} but got none"
           ^^^^^^^^^^^
AssertionError: Expected deprecation warning for NBitBase but got none
Falsifying example: test_deprecated_attributes_trigger_warnings(
    attr_name='NBitBase',
)
