Traceback (most recent call last):
  File "/home/npc/pbt/agentic-pbt/worker_/45/hypo.py", line 15, in <module>
    test_dirichlet_sums_to_one()
    ~~~~~~~~~~~~~~~~~~~~~~~~~~^^
  File "/home/npc/pbt/agentic-pbt/worker_/45/hypo.py", line 6, in test_dirichlet_sums_to_one
    min_size=2, max_size=10))
    ^^
  File "/home/npc/miniconda/lib/python3.13/site-packages/hypothesis/core.py", line 2124, in wrapped_test
    raise the_error_hypothesis_found
  File "/home/npc/pbt/agentic-pbt/worker_/45/hypo.py", line 11, in test_dirichlet_sums_to_one
    assert np.allclose(sums, 1.0)
           ~~~~~~~~~~~^^^^^^^^^^^
AssertionError
Falsifying example: test_dirichlet_sums_to_one(
    alpha=[0.001953125, 0.00390625],
)
