Traceback (most recent call last):
  File "/home/npc/pbt/agentic-pbt/worker_/4/hypo.py", line 35, in <module>
    test_replace_length_calculation()
    ~~~~~~~~~~~~~~~~~~~~~~~~~~~~~~~^^
  File "/home/npc/pbt/agentic-pbt/worker_/4/hypo.py", line 21, in test_replace_length_calculation
    @settings(max_examples=1000)
                   ^^^
  File "/home/npc/miniconda/lib/python3.13/site-packages/hypothesis/core.py", line 2124, in wrapped_test
    raise the_error_hypothesis_found
  File "/home/npc/pbt/agentic-pbt/worker_/4/hypo.py", line 32, in test_replace_length_calculation
    assert np.array_equal(result_lengths, expected_lengths)
           ~~~~~~~~~~~~~~^^^^^^^^^^^^^^^^^^^^^^^^^^^^^^^^^^
AssertionError
Falsifying example: test_replace_length_calculation(
    arr=(lambda lst: np.array(lst, dtype='U'))(['0']),
    old_str='0',
    new_str='00',
)
