Traceback (most recent call last):
  File "/home/npc/pbt/agentic-pbt/worker_/54/hypo.py", line 27, in <module>
    test_bug_multiply_strips_trailing_nulls()
    ~~~~~~~~~~~~~~~~~~~~~~~~~~~~~~~~~~~~~~~^^
  File "/home/npc/pbt/agentic-pbt/worker_/54/hypo.py", line 18, in test_bug_multiply_strips_trailing_nulls
    @settings(max_examples=200)
                   ^^^
  File "/home/npc/miniconda/lib/python3.13/site-packages/hypothesis/core.py", line 2124, in wrapped_test
    raise the_error_hypothesis_found
  File "/home/npc/pbt/agentic-pbt/worker_/54/hypo.py", line 23, in test_bug_multiply_strips_trailing_nulls
    assert result == expected, f"Failed: char.multiply({repr(s)}, {n}) = {repr(result)}, expected {repr(expected)}"
           ^^^^^^^^^^^^^^^^^^
AssertionError: Failed: char.multiply('0\x00', 1) = np.str_('0'), expected '0\x00'
Falsifying example: test_bug_multiply_strips_trailing_nulls(
    # The test always failed when commented parts were varied together.
    s='0\x00',  # or any other generated value
    n=1,  # or any other generated value
)
