============================= test session starts ==============================
platform linux -- Python 3.13.2, pytest-8.4.1, pluggy-1.5.0 -- /home/npc/miniconda/bin/python3
cachedir: .pytest_cache
hypothesis profile 'default'
rootdir: /home/npc/pbt/agentic-pbt/worker_/4
plugins: anyio-4.9.0, hypothesis-6.139.1, asyncio-1.2.0, langsmith-0.4.29
asyncio: mode=Mode.STRICT, debug=False, asyncio_default_fixture_loop_scope=None, asyncio_default_test_loop_scope=function
collecting ... collected 1 item

hypo.py::test_swapcase_matches_python FAILED                             [100%]

=================================== FAILURES ===================================
_________________________ test_swapcase_matches_python _________________________

    @given(st.lists(st.text(), min_size=1))
>   def test_swapcase_matches_python(strings):
                   ^^^

hypo.py:7: 
_ _ _ _ _ _ _ _ _ _ _ _ _ _ _ _ _ _ _ _ _ _ _ _ _ _ _ _ _ _ _ _ _ _ _ _ _ _ _ _ 

strings = ['ß']

    @given(st.lists(st.text(), min_size=1))
    def test_swapcase_matches_python(strings):
        arr = np.array(strings)
        numpy_result = numpy.char.swapcase(arr)
    
        for i in range(len(strings)):
            python_result = strings[i].swapcase()
>           assert numpy_result[i] == python_result
E           AssertionError: assert np.str_('S') == 'SS'
E             
E             - SS
E             + S
E           Falsifying example: test_swapcase_matches_python(
E               strings=['ß'],
E           )

hypo.py:13: AssertionError
=========================== short test summary info ============================
FAILED hypo.py::test_swapcase_matches_python - AssertionError: assert np.str_...
============================== 1 failed in 0.20s ===============================
