Traceback (most recent call last):
  File "/home/npc/pbt/agentic-pbt/worker_/1/hypo.py", line 15, in <module>
    test_combine_hash_arrays_empty_with_nonzero_count()
    ~~~~~~~~~~~~~~~~~~~~~~~~~~~~~~~~~~~~~~~~~~~~~~~~~^^
  File "/home/npc/pbt/agentic-pbt/worker_/1/hypo.py", line 6, in test_combine_hash_arrays_empty_with_nonzero_count
    def test_combine_hash_arrays_empty_with_nonzero_count(num_items):
                   ^^^
  File "/home/npc/miniconda/lib/python3.13/site-packages/hypothesis/core.py", line 2124, in wrapped_test
    raise the_error_hypothesis_found
  File "/home/npc/pbt/agentic-pbt/worker_/1/hypo.py", line 12, in test_combine_hash_arrays_empty_with_nonzero_count
    assert False, f"Expected assertion error for num_items={num_items} with empty iterator"
           ^^^^^
AssertionError: Expected assertion error for num_items=1 with empty iterator
Falsifying example: test_combine_hash_arrays_empty_with_nonzero_count(
    num_items=1,
)
