============================= test session starts ==============================
platform linux -- Python 3.13.2, pytest-8.4.1, pluggy-1.5.0 -- /home/npc/miniconda/bin/python3
cachedir: .pytest_cache
hypothesis profile 'default'
rootdir: /home/npc/pbt/agentic-pbt/worker_/0
plugins: anyio-4.9.0, hypothesis-6.139.1, asyncio-1.2.0, langsmith-0.4.29
asyncio: mode=Mode.STRICT, debug=False, asyncio_default_fixture_loop_scope=None, asyncio_default_test_loop_scope=function
collecting ... collected 1 item

hypo.py::test_upper_lower_unicode FAILED                                 [100%]

=================================== FAILURES ===================================
___________________________ test_upper_lower_unicode ___________________________
hypo.py:6: in test_upper_lower_unicode
    def test_upper_lower_unicode(strings):
                   ^^^
hypo.py:11: in test_upper_lower_unicode
    assert upper_result[i] == strings[i].upper()
E   AssertionError: assert np.str_('ʼ') == 'ʼN'
E     
E     - ʼN
E     + ʼ
E   Falsifying example: test_upper_lower_unicode(
E       strings=['ŉ'],
E   )
=========================== short test summary info ============================
FAILED hypo.py::test_upper_lower_unicode - AssertionError: assert np.str_('ʼ'...
============================== 1 failed in 0.26s ===============================
