Traceback (most recent call last):
  File "/home/npc/pbt/agentic-pbt/worker_/52/hypo.py", line 13, in <module>
    test_upper_matches_python()
    ~~~~~~~~~~~~~~~~~~~~~~~~~^^
  File "/home/npc/pbt/agentic-pbt/worker_/52/hypo.py", line 5, in test_upper_matches_python
    @settings(max_examples=500, deadline=None)
                   ^^^
  File "/home/npc/miniconda/lib/python3.13/site-packages/hypothesis/core.py", line 2124, in wrapped_test
    raise the_error_hypothesis_found
  File "/home/npc/pbt/agentic-pbt/worker_/52/hypo.py", line 10, in test_upper_matches_python
    assert numpy_str == python_result
           ^^^^^^^^^^^^^^^^^^^^^^^^^^
AssertionError
Falsifying example: test_upper_matches_python(
    s='ÃŸ',
)
