Traceback (most recent call last):
  File "/home/npc/pbt/agentic-pbt/worker_/1/hypo.py", line 22, in <module>
    test_slice_none_end_with_step()
    ~~~~~~~~~~~~~~~~~~~~~~~~~~~~~^^
  File "/home/npc/pbt/agentic-pbt/worker_/1/hypo.py", line 7, in test_slice_none_end_with_step
    st.lists(st.text(min_size=1, max_size=20), min_size=1, max_size=20),
               ^^^
  File "/home/npc/miniconda/lib/python3.13/site-packages/hypothesis/core.py", line 2124, in wrapped_test
    raise the_error_hypothesis_found
  File "/home/npc/pbt/agentic-pbt/worker_/1/hypo.py", line 19, in test_slice_none_end_with_step
    assert actual == expected, f"Failed for string '{s}': expected '{expected}', got '{actual}'"
           ^^^^^^^^^^^^^^^^^^
AssertionError: Failed for string '0': expected '0', got ''
Falsifying example: test_slice_none_end_with_step(
    string_list=['0'],
    start=0,
    step=2,
)
