Traceback (most recent call last):
  File "/home/npc/pbt/agentic-pbt/worker_/22/hypo.py", line 16, in <module>
    test_dirichlet_all_zeros_violates_simplex_constraint()
    ~~~~~~~~~~~~~~~~~~~~~~~~~~~~~~~~~~~~~~~~~~~~~~~~~~~~^^
  File "/home/npc/pbt/agentic-pbt/worker_/22/hypo.py", line 7, in test_dirichlet_all_zeros_violates_simplex_constraint
    def test_dirichlet_all_zeros_violates_simplex_constraint(size):
                   ^^^
  File "/home/npc/miniconda/lib/python3.13/site-packages/hypothesis/core.py", line 2124, in wrapped_test
    raise the_error_hypothesis_found
  File "/home/npc/pbt/agentic-pbt/worker_/22/hypo.py", line 13, in test_dirichlet_all_zeros_violates_simplex_constraint
    assert np.isclose(result.sum(), 1.0)
           ~~~~~~~~~~^^^^^^^^^^^^^^^^^^^
AssertionError
Falsifying example: test_dirichlet_all_zeros_violates_simplex_constraint(
    size=2,
)
