Traceback (most recent call last):
  File "/home/npc/pbt/agentic-pbt/worker_/25/hypo.py", line 15, in <module>
    test_replace_matches_python()
    ~~~~~~~~~~~~~~~~~~~~~~~~~~~^^
  File "/home/npc/pbt/agentic-pbt/worker_/25/hypo.py", line 6, in test_replace_matches_python
    def test_replace_matches_python(strings, old, new):
                   ^^^
  File "/home/npc/miniconda/lib/python3.13/site-packages/hypothesis/core.py", line 2124, in wrapped_test
    raise the_error_hypothesis_found
  File "/home/npc/pbt/agentic-pbt/worker_/25/hypo.py", line 12, in test_replace_matches_python
    assert np_result == py_result, f"Failed for s='{s}', old='{old}', new='{new}': expected '{py_result}' but got '{np_result}'"
           ^^^^^^^^^^^^^^^^^^^^^^
AssertionError: Failed for s='0', old='0', new='00': expected '00' but got '0'
Falsifying example: test_replace_matches_python(
    strings=['0'],
    old='0',
    new='00',
)
