Traceback (most recent call last):
  File "/home/npc/pbt/agentic-pbt/worker_/23/hypo.py", line 15, in <module>
    test_matrix_remains_2d_after_operations()
    ~~~~~~~~~~~~~~~~~~~~~~~~~~~~~~~~~~~~~~~^^
  File "/home/npc/pbt/agentic-pbt/worker_/23/hypo.py", line 6, in test_matrix_remains_2d_after_operations
    def test_matrix_remains_2d_after_operations(rows, cols):
                   ^^^
  File "/home/npc/miniconda/lib/python3.13/site-packages/hypothesis/core.py", line 2124, in wrapped_test
    raise the_error_hypothesis_found
  File "/home/npc/pbt/agentic-pbt/worker_/23/hypo.py", line 11, in test_matrix_remains_2d_after_operations
    assert result.ndim == 2, f"Expected 2D matrix, got {result.ndim}D with shape {result.shape}"
           ^^^^^^^^^^^^^^^^
AssertionError: Expected 2D matrix, got 3D with shape (2, 1, 2)
Falsifying example: test_matrix_remains_2d_after_operations(
    # The test always failed when commented parts were varied together.
    rows=2,  # or any other generated value
    cols=2,  # or any other generated value
)
