Traceback (most recent call last):
  File "/home/npc/pbt/agentic-pbt/worker_/60/hypo.py", line 22, in <module>
    test_upper_preserves_null_bytes()
    ~~~~~~~~~~~~~~~~~~~~~~~~~~~~~~~^^
  File "/home/npc/pbt/agentic-pbt/worker_/60/hypo.py", line 10, in test_upper_preserves_null_bytes
    def test_upper_preserves_null_bytes(strings):
                   ^^^
  File "/home/npc/miniconda/lib/python3.13/site-packages/hypothesis/core.py", line 2124, in wrapped_test
    raise the_error_hypothesis_found
  File "/home/npc/pbt/agentic-pbt/worker_/60/hypo.py", line 17, in test_upper_preserves_null_bytes
    assert res == expected, f"Expected {repr(expected)}, got {repr(res)}"
           ^^^^^^^^^^^^^^^
AssertionError: Expected '\x00', got np.str_('')
Falsifying example: test_upper_preserves_null_bytes(
    strings=['\x00'],  # or any other generated value
)
