Traceback (most recent call last):
  File "/home/npc/pbt/agentic-pbt/worker_/6/hypo.py", line 27, in <module>
    test_slice_with_none_stop_matches_python()
    ~~~~~~~~~~~~~~~~~~~~~~~~~~~~~~~~~~~~~~~~^^
  File "/home/npc/pbt/agentic-pbt/worker_/6/hypo.py", line 14, in test_slice_with_none_stop_matches_python
    @given(string_arrays(), st.integers(min_value=0, max_value=10))
                   ^^^
  File "/home/npc/miniconda/lib/python3.13/site-packages/hypothesis/core.py", line 2124, in wrapped_test
    raise the_error_hypothesis_found
  File "/home/npc/pbt/agentic-pbt/worker_/6/hypo.py", line 23, in test_slice_with_none_stop_matches_python
    assert actual == expected, f"Failed for string '{s}' with start={start}. Expected '{expected}', got '{actual}'"
           ^^^^^^^^^^^^^^^^^^
AssertionError: Failed for string '0' with start=0. Expected '0', got ''
Falsifying example: test_slice_with_none_stop_matches_python(
    arr=array(['0'], dtype='<U1'),
    start=0,
)
