Traceback (most recent call last):
  File "/home/npc/pbt/agentic-pbt/worker_/2/hypo.py", line 14, in <module>
    test_gammainccinv_inverse_property()
    ~~~~~~~~~~~~~~~~~~~~~~~~~~~~~~~~~~^^
  File "/home/npc/pbt/agentic-pbt/worker_/2/hypo.py", line 6, in test_gammainccinv_inverse_property
    def test_gammainccinv_inverse_property(a):
                   ^^^
  File "/home/npc/miniconda/lib/python3.13/site-packages/hypothesis/core.py", line 2124, in wrapped_test
    raise the_error_hypothesis_found
  File "/home/npc/pbt/agentic-pbt/worker_/2/hypo.py", line 10, in test_gammainccinv_inverse_property
    assert abs(result - y) < 1e-6, \
           ^^^^^^^^^^^^^^^^^^^^^^
AssertionError: For a=5.338506319915343e-05, gammainccinv(5.338506319915343e-05, 0.5) = 0.0, but gammaincc(5.338506319915343e-05, 0.0) = 1.0, expected 0.5
Falsifying example: test_gammainccinv_inverse_property(
    a=5.338506319915343e-05,
)
