Running Hypothesis test for scipy.datasets._download_all.main() error handling...
======================================================================
Traceback (most recent call last):
  File "/home/npc/pbt/agentic-pbt/worker_/14/hypo.py", line 56, in test_main_gives_helpful_error_without_pooch
    main()
    ~~~~^^
  File "/home/npc/pbt/agentic-pbt/worker_/14/hypo.py", line 40, in main
    default=pooch.os_cache('scipy-data'),  # BUG: This line causes AttributeError when pooch is None
            ^^^^^^^^^^^^^^
AttributeError: 'NoneType' object has no attribute 'os_cache'

During handling of the above exception, another exception occurred:

Traceback (most recent call last):
  File "/home/npc/pbt/agentic-pbt/worker_/14/hypo.py", line 73, in <module>
    test_main_gives_helpful_error_without_pooch()
    ~~~~~~~~~~~~~~~~~~~~~~~~~~~~~~~~~~~~~~~~~~~^^
  File "/home/npc/pbt/agentic-pbt/worker_/14/hypo.py", line 20, in test_main_gives_helpful_error_without_pooch
    @example(False)  # Explicitly test the failing case
                   ^^^
  File "/home/npc/miniconda/lib/python3.13/site-packages/hypothesis/core.py", line 2062, in wrapped_test
    _raise_to_user(errors, state.settings, [], " in explicit examples")
    ~~~~~~~~~~~~~~^^^^^^^^^^^^^^^^^^^^^^^^^^^^^^^^^^^^^^^^^^^^^^^^^^^^^
  File "/home/npc/miniconda/lib/python3.13/site-packages/hypothesis/core.py", line 1613, in _raise_to_user
    raise the_error_hypothesis_found
  File "/home/npc/pbt/agentic-pbt/worker_/14/hypo.py", line 64, in test_main_gives_helpful_error_without_pooch
    assert False, f"Got confusing AttributeError instead of helpful ImportError: {e}"
           ^^^^^
AssertionError: Got confusing AttributeError instead of helpful ImportError: 'NoneType' object has no attribute 'os_cache'
Falsifying explicit example: test_main_gives_helpful_error_without_pooch(
    has_pooch=False,
)
