Traceback (most recent call last):
  File "/home/npc/pbt/agentic-pbt/worker_/18/hypo.py", line 26, in <module>
    test_sobel_constant_zero()
    ~~~~~~~~~~~~~~~~~~~~~~~~^^
  File "/home/npc/pbt/agentic-pbt/worker_/18/hypo.py", line 7, in test_sobel_constant_zero
    value=st.floats(-100.0, 100.0, allow_nan=False, allow_infinity=False),
               ^^^
  File "/home/npc/miniconda/lib/python3.13/site-packages/hypothesis/core.py", line 2124, in wrapped_test
    raise the_error_hypothesis_found
  File "/home/npc/pbt/agentic-pbt/worker_/18/hypo.py", line 22, in test_sobel_constant_zero
    assert np.allclose(result, 0.0, atol=1e-10), \
           ~~~~~~~~~~~^^^^^^^^^^^^^^^^^^^^^^^^^
AssertionError: Sobel on constant not zero: max = 1.0
Falsifying example: test_sobel_constant_zero(
    # The test always failed when commented parts were varied together.
    value=1.0,
    rows=5,  # or any other generated value
    cols=5,  # or any other generated value
)
Explanation:
    These lines were always and only run by failing examples:
        /home/npc/pbt/agentic-pbt/worker_/18/hypo.py:23
