Traceback (most recent call last):
  File "/home/npc/pbt/agentic-pbt/worker_/33/hypo.py", line 34, in <module>
    test_grayscale_formula_overflow()
    ~~~~~~~~~~~~~~~~~~~~~~~~~~~~~~~^^
  File "/home/npc/pbt/agentic-pbt/worker_/33/hypo.py", line 5, in test_grayscale_formula_overflow
    r=st.integers(min_value=0, max_value=255),
               ^^^
  File "/home/npc/miniconda/lib/python3.13/site-packages/hypothesis/core.py", line 2124, in wrapped_test
    raise the_error_hypothesis_found
  File "/home/npc/pbt/agentic-pbt/worker_/33/hypo.py", line 28, in test_grayscale_formula_overflow
    assert min_val <= actual_gray <= max_val, \
           ^^^^^^^^^^^^^^^^^^^^^^^^^^^^^^^^^
AssertionError: Gray 0 outside [1, 1] for RGB=(1, 1, 1), expected_float=0.99
Falsifying example: test_grayscale_formula_overflow(
    r=1,
    g=1,
    b=1,
)
Explanation:
    These lines were always and only run by failing examples:
        /home/npc/pbt/agentic-pbt/worker_/33/hypo.py:29
