/home/npc/.local/lib/python3.13/site-packages/scipy/spatial/distance.py:1503: RuntimeWarning: invalid value encountered in divide
  return float((ntf + nft) / np.array(2.0 * ntt + ntf + nft))
Traceback (most recent call last):
  File "/home/npc/pbt/agentic-pbt/worker_/55/hypo.py", line 14, in <module>
    test_dice_identity_property()
    ~~~~~~~~~~~~~~~~~~~~~~~~~~~^^
  File "/home/npc/pbt/agentic-pbt/worker_/55/hypo.py", line 8, in test_dice_identity_property
    def test_dice_identity_property(u):
                   ^^^
  File "/home/npc/miniconda/lib/python3.13/site-packages/hypothesis/core.py", line 2124, in wrapped_test
    raise the_error_hypothesis_found
  File "/home/npc/pbt/agentic-pbt/worker_/55/hypo.py", line 10, in test_dice_identity_property
    assert not np.isnan(d), f"dice(u, u) should not be NaN, got {d} for u={u}"
           ^^^^^^^^^^^^^^^
AssertionError: dice(u, u) should not be NaN, got nan for u=[False False False False False False False False False False]
Falsifying example: test_dice_identity_property(
    u=array([False, False, False, False, False, False, False, False, False,
           False]),
)
Explanation:
    These lines were always and only run by failing examples:
        /home/npc/miniconda/lib/python3.13/site-packages/numpy/_core/arrayprint.py:1708
