/home/npc/.local/lib/python3.13/site-packages/scipy/spatial/distance.py:1503: RuntimeWarning: invalid value encountered in divide
  return float((ntf + nft) / np.array(2.0 * ntt + ntf + nft))
Traceback (most recent call last):
  File "/home/npc/pbt/agentic-pbt/worker_/25/hypo.py", line 31, in <module>
    test_dice_symmetry()
    ~~~~~~~~~~~~~~~~~~^^
  File "/home/npc/pbt/agentic-pbt/worker_/25/hypo.py", line 10, in test_dice_symmetry
    u=npst.arrays(
               ^^^
  File "/home/npc/miniconda/lib/python3.13/site-packages/hypothesis/core.py", line 2124, in wrapped_test
    raise the_error_hypothesis_found
  File "/home/npc/pbt/agentic-pbt/worker_/25/hypo.py", line 27, in test_dice_symmetry
    assert math.isclose(d_uv, d_vu, rel_tol=1e-9, abs_tol=1e-9)
           ~~~~~~~~~~~~^^^^^^^^^^^^^^^^^^^^^^^^^^^^^^^^^^^^^^^^
AssertionError
Falsifying example: test_dice_symmetry(
    u=array([False]),
    v=array([False]),
)
Explanation:
    These lines were always and only run by failing examples:
        /home/npc/pbt/agentic-pbt/worker_/25/hypo.py:24
