Traceback (most recent call last):
  File "/home/npc/pbt/agentic-pbt/worker_/20/hypo.py", line 17, in <module>
    test_next_fast_len_rejects_non_positive()
    ~~~~~~~~~~~~~~~~~~~~~~~~~~~~~~~~~~~~~~~^^
  File "/home/npc/pbt/agentic-pbt/worker_/20/hypo.py", line 5, in test_next_fast_len_rejects_non_positive
    @settings(max_examples=100)
                   ^^^
  File "/home/npc/miniconda/lib/python3.13/site-packages/hypothesis/core.py", line 2124, in wrapped_test
    raise the_error_hypothesis_found
  File "/home/npc/pbt/agentic-pbt/worker_/20/hypo.py", line 11, in test_next_fast_len_rejects_non_positive
    assert False, f"Should raise ValueError for target={target} but returned {result}"
           ^^^^^
AssertionError: Should raise ValueError for target=0 but returned 0
Falsifying example: test_next_fast_len_rejects_non_positive(
    target=0,
)
Explanation:
    These lines were always and only run by failing examples:
        /home/npc/pbt/agentic-pbt/worker_/20/hypo.py:10
