Traceback (most recent call last):
  File "pandas/_libs/tslibs/np_datetime.pyx", line 736, in pandas._libs.tslibs.np_datetime.add_overflowsafe
OverflowError: value too large

The above exception was the direct cause of the following exception:

Traceback (most recent call last):
  File "/home/npc/miniconda/lib/python3.13/site-packages/xarray/coding/times.py", line 1083, in _eagerly_encode_cf_datetime
    time_deltas = dates_as_index - ref_date
                  ~~~~~~~~~~~~~~~^~~~~~~~~~
  File "/home/npc/miniconda/lib/python3.13/site-packages/pandas/core/ops/common.py", line 76, in new_method
    return method(self, other)
  File "/home/npc/miniconda/lib/python3.13/site-packages/pandas/core/arraylike.py", line 194, in __sub__
    return self._arith_method(other, operator.sub)
           ~~~~~~~~~~~~~~~~~~^^^^^^^^^^^^^^^^^^^^^
  File "/home/npc/miniconda/lib/python3.13/site-packages/pandas/core/indexes/base.py", line 7304, in _arith_method
    return super()._arith_method(other, op)
           ~~~~~~~~~~~~~~~~~~~~~^^^^^^^^^^^
  File "/home/npc/miniconda/lib/python3.13/site-packages/pandas/core/base.py", line 1391, in _arith_method
    result = ops.arithmetic_op(lvalues, rvalues, op)
  File "/home/npc/miniconda/lib/python3.13/site-packages/pandas/core/ops/array_ops.py", line 273, in arithmetic_op
    res_values = op(left, right)
  File "/home/npc/miniconda/lib/python3.13/site-packages/pandas/core/ops/common.py", line 76, in new_method
    return method(self, other)
  File "/home/npc/miniconda/lib/python3.13/site-packages/pandas/core/arrays/datetimelike.py", line 1459, in __sub__
    result = self._sub_datetimelike_scalar(other)
  File "/home/npc/miniconda/lib/python3.13/site-packages/pandas/core/arrays/datetimelike.py", line 1166, in _sub_datetimelike_scalar
    return self._sub_datetimelike(ts)
           ~~~~~~~~~~~~~~~~~~~~~~^^^^
  File "/home/npc/miniconda/lib/python3.13/site-packages/pandas/core/arrays/datetimelike.py", line 1194, in _sub_datetimelike
    res_values = add_overflowsafe(self.asi8, np.asarray(-other_i8, dtype="i8"))
  File "pandas/_libs/tslibs/np_datetime.pyx", line 708, in pandas._libs.tslibs.np_datetime.add_overflowsafe
  File "pandas/_libs/tslibs/np_datetime.pyx", line 743, in pandas._libs.tslibs.np_datetime.add_overflowsafe
OverflowError: Overflow in int64 addition

During handling of the above exception, another exception occurred:

Traceback (most recent call last):
  File "/home/npc/pbt/agentic-pbt/worker_/2/hypo.py", line 40, in <module>
    encoded_var = coder.encode(original_var)
  File "/home/npc/miniconda/lib/python3.13/site-packages/xarray/coding/times.py", line 1375, in encode
    (data, units, calendar) = encode_cf_datetime(data, units, calendar, dtype)
                              ~~~~~~~~~~~~~~~~~~^^^^^^^^^^^^^^^^^^^^^^^^^^^^^^
  File "/home/npc/miniconda/lib/python3.13/site-packages/xarray/coding/times.py", line 1020, in encode_cf_datetime
    return _eagerly_encode_cf_datetime(dates, units, calendar, dtype)
  File "/home/npc/miniconda/lib/python3.13/site-packages/xarray/coding/times.py", line 1122, in _eagerly_encode_cf_datetime
    time_units, ref_date = _unpack_time_units_and_ref_date_cftime(units, calendar)
                           ~~~~~~~~~~~~~~~~~~~~~~~~~~~~~~~~~~~~~~^^^^^^^^^^^^^^^^^
  File "/home/npc/miniconda/lib/python3.13/site-packages/xarray/coding/times.py", line 312, in _unpack_time_units_and_ref_date_cftime
    ref_date = cftime.num2date(
               ^^^^^^^^^^^^^^^
AttributeError: 'NoneType' object has no attribute 'num2date'
Testing with failing input: values=[703_036_036_854_775_809, -8_520_336_000_000_000_000]
Test failed with AttributeError: 'NoneType' object has no attribute 'num2date'

Full traceback:

Running property-based tests...
Property-based tests failed: Hypothesis found 2 distinct failures. (2 sub-exceptions)
