/home/npc/.local/lib/python3.13/site-packages/scipy/signal/windows/_windows.py:946: RuntimeWarning: overflow encountered in divide
  w3 = 0.5 * (1 + xp.cos(xp.pi * (-2.0/alpha + 1 + 2.0*n3/alpha/(M-1))))
/home/npc/.local/lib/python3.13/site-packages/scipy/signal/windows/_windows.py:946: RuntimeWarning: invalid value encountered in add
  w3 = 0.5 * (1 + xp.cos(xp.pi * (-2.0/alpha + 1 + 2.0*n3/alpha/(M-1))))
/home/npc/.local/lib/python3.13/site-packages/scipy/signal/windows/_windows.py:946: RuntimeWarning: invalid value encountered in cos
  w3 = 0.5 * (1 + xp.cos(xp.pi * (-2.0/alpha + 1 + 2.0*n3/alpha/(M-1))))
Traceback (most recent call last):
  File "/home/npc/pbt/agentic-pbt/worker_/54/hypo.py", line 17, in <module>
    test_tukey_no_nan_with_tiny_alpha()
    ~~~~~~~~~~~~~~~~~~~~~~~~~~~~~~~~~^^
  File "/home/npc/pbt/agentic-pbt/worker_/54/hypo.py", line 7, in test_tukey_no_nan_with_tiny_alpha
    st.floats(min_value=1e-320, max_value=1e-100, allow_nan=False, allow_infinity=False))
            ^^^
  File "/home/npc/miniconda/lib/python3.13/site-packages/hypothesis/core.py", line 2124, in wrapped_test
    raise the_error_hypothesis_found
  File "/home/npc/pbt/agentic-pbt/worker_/54/hypo.py", line 12, in test_tukey_no_nan_with_tiny_alpha
    assert np.all(np.isfinite(w)), \
           ~~~~~~^^^^^^^^^^^^^^^^
AssertionError: tukey(2, alpha=1e-320) contains non-finite values: [ 0. nan]
Falsifying example: test_tukey_no_nan_with_tiny_alpha(
    M=2,  # or any other generated value
    alpha=1e-320,
)
Explanation:
    These lines were always and only run by failing examples:
        /home/npc/pbt/agentic-pbt/worker_/54/hypo.py:13
        /home/npc/miniconda/lib/python3.13/site-packages/numpy/_core/arrayprint.py:1085
