Traceback (most recent call last):
  File "/home/npc/pbt/agentic-pbt/worker_/36/hypo.py", line 20, in <module>
    test_find_searches_all_physical_constants()
    ~~~~~~~~~~~~~~~~~~~~~~~~~~~~~~~~~~~~~~~~~^^
  File "/home/npc/pbt/agentic-pbt/worker_/36/hypo.py", line 8, in test_find_searches_all_physical_constants
    @example('muon Compton wavelength over 2 pi')  # Explicitly test the failing case from bug report
                   ^^^
  File "/home/npc/miniconda/lib/python3.13/site-packages/hypothesis/core.py", line 2062, in wrapped_test
    _raise_to_user(errors, state.settings, [], " in explicit examples")
    ~~~~~~~~~~~~~~^^^^^^^^^^^^^^^^^^^^^^^^^^^^^^^^^^^^^^^^^^^^^^^^^^^^^
  File "/home/npc/miniconda/lib/python3.13/site-packages/hypothesis/core.py", line 1613, in _raise_to_user
    raise the_error_hypothesis_found
  File "/home/npc/pbt/agentic-pbt/worker_/36/hypo.py", line 16, in test_find_searches_all_physical_constants
    assert key in find_result, f"Key '{key}' should be in find('{search_term}') results but was not found"
           ^^^^^^^^^^^^^^^^^^
AssertionError: Key 'muon Compton wavelength over 2 pi' should be in find('muon') results but was not found
Falsifying explicit example: test_find_searches_all_physical_constants(
    key='muon Compton wavelength over 2 pi',
)
