Traceback (most recent call last):
  File "/home/npc/pbt/agentic-pbt/worker_/7/hypo.py", line 20, in <module>
    test_percentileofscore_bounds()
    ~~~~~~~~~~~~~~~~~~~~~~~~~~~~~^^
  File "/home/npc/pbt/agentic-pbt/worker_/7/hypo.py", line 6, in test_percentileofscore_bounds
    npst.arrays(
               ^
  File "/home/npc/miniconda/lib/python3.13/site-packages/hypothesis/core.py", line 2124, in wrapped_test
    raise the_error_hypothesis_found
  File "/home/npc/pbt/agentic-pbt/worker_/7/hypo.py", line 16, in test_percentileofscore_bounds
    assert 0 <= percentile <= 100, \
           ^^^^^^^^^^^^^^^^^^^^^^
AssertionError: Percentile should be in [0, 100], got 100.00000000000001
Falsifying example: test_percentileofscore_bounds(
    arr=array([0., 0., 0., 0., 0., 0., 0., 0., 0., 0., 0., 0., 0., 0., 0., 0., 0.,
           0., 0., 0., 0., 0., 0., 0., 0., 0., 0., 0., 0., 0., 0., 0., 0., 0.,
           0., 0., 0., 0., 0., 0., 0., 0., 0., 0., 0., 0., 0., 0., 0., 0., 0.,
           0., 0., 0., 0., 0., 0., 0., 0., 0., 0., 0., 0., 0., 0., 0., 0., 0.,
           0., 0., 0., 0., 0., 0., 0., 0., 0., 0., 0., 0., 0., 0., 0., 0., 0.,
           0., 0., 0., 0., 0., 0.]),
    score=1.0,
)
Explanation:
    These lines were always and only run by failing examples:
        /home/npc/pbt/agentic-pbt/worker_/7/hypo.py:17
