Traceback (most recent call last):
  File "/home/npc/pbt/agentic-pbt/worker_/58/hypo.py", line 29, in <module>
    test_deconvolve_inverse_property()
    ~~~~~~~~~~~~~~~~~~~~~~~~~~~~~~~~^^
  File "/home/npc/pbt/agentic-pbt/worker_/58/hypo.py", line 6, in test_deconvolve_inverse_property
    @given(
    
  File "/home/npc/miniconda/lib/python3.13/site-packages/hypothesis/core.py", line 2124, in wrapped_test
    raise the_error_hypothesis_found
  File "/home/npc/pbt/agentic-pbt/worker_/58/hypo.py", line 26, in test_deconvolve_inverse_property
    np.testing.assert_allclose(signal_arr, reconstructed_trimmed, rtol=1e-5, atol=1e-8)
    ~~~~~~~~~~~~~~~~~~~~~~~~~~^^^^^^^^^^^^^^^^^^^^^^^^^^^^^^^^^^^^^^^^^^^^^^^^^^^^^^^^^
  File "/home/npc/miniconda/lib/python3.13/site-packages/numpy/testing/_private/utils.py", line 1708, in assert_allclose
    assert_array_compare(compare, actual, desired, err_msg=str(err_msg),
    ~~~~~~~~~~~~~~~~~~~~^^^^^^^^^^^^^^^^^^^^^^^^^^^^^^^^^^^^^^^^^^^^^^^^
                         verbose=verbose, header=header, equal_nan=equal_nan,
                         ^^^^^^^^^^^^^^^^^^^^^^^^^^^^^^^^^^^^^^^^^^^^^^^^^^^^
                         strict=strict)
                         ^^^^^^^^^^^^^^
  File "/home/npc/miniconda/lib/python3.13/site-packages/numpy/testing/_private/utils.py", line 916, in assert_array_compare
    raise AssertionError(msg)
AssertionError: 
Not equal to tolerance rtol=1e-05, atol=1e-08

Mismatched elements: 1 / 10 (10%)
Max absolute difference among violations: 1.
Max relative difference among violations: inf
 ACTUAL: array([ 0.,  0.,  0.,  0.,  0., 10.,  0.,  0.,  1.,  0.])
 DESIRED: array([ 0.,  0.,  0.,  0.,  0., 10.,  0.,  0.,  0.,  0.])
Falsifying example: test_deconvolve_inverse_property(
    signal=[0.0, 0.0, 0.0, 0.0, 0.0, 10.0, 0.0, 0.0, 1.0, 0.0],
    divisor=[1e-05, 1.0, 0.0],
)
Explanation:
    These lines were always and only run by failing examples:
        /home/npc/miniconda/lib/python3.13/site-packages/numpy/_core/arrayprint.py:964
        /home/npc/miniconda/lib/python3.13/site-packages/numpy/_core/arrayprint.py:1016
        /home/npc/miniconda/lib/python3.13/site-packages/numpy/_core/arrayprint.py:1021
        /home/npc/miniconda/lib/python3.13/site-packages/numpy/_core/fromnumeric.py:102
        /home/npc/miniconda/lib/python3.13/site-packages/numpy/testing/_private/utils.py:862
        (and 3 more with settings.verbosity >= verbose)
