/home/npc/.local/lib/python3.13/site-packages/scipy/spatial/distance.py:1245: RuntimeWarning: invalid value encountered in scalar divide
  return l1_diff.sum() / l1_sum.sum()
Traceback (most recent call last):
  File "/home/npc/pbt/agentic-pbt/worker_/31/hypo.py", line 20, in <module>
    test_braycurtis_range_positive_inputs()
    ~~~~~~~~~~~~~~~~~~~~~~~~~~~~~~~~~~~~~^^
  File "/home/npc/pbt/agentic-pbt/worker_/31/hypo.py", line 7, in test_braycurtis_range_positive_inputs
    st.lists(st.floats(min_value=0.0, max_value=1e6, allow_nan=False, allow_infinity=False),
               ^^^
  File "/home/npc/miniconda/lib/python3.13/site-packages/hypothesis/core.py", line 2124, in wrapped_test
    raise the_error_hypothesis_found
  File "/home/npc/pbt/agentic-pbt/worker_/31/hypo.py", line 17, in test_braycurtis_range_positive_inputs
    assert 0.0 <= d <= 1.0 + 1e-9
           ^^^^^^^^^^^^^^^^^^^^^^
AssertionError
Falsifying example: test_braycurtis_range_positive_inputs(
    u=[0.0],
    v=[0.0],
)
