/home/npc/.local/lib/python3.13/site-packages/scipy/signal/windows/_windows.py:946: RuntimeWarning: overflow encountered in divide
  w3 = 0.5 * (1 + xp.cos(xp.pi * (-2.0/alpha + 1 + 2.0*n3/alpha/(M-1))))
/home/npc/.local/lib/python3.13/site-packages/scipy/signal/windows/_windows.py:946: RuntimeWarning: invalid value encountered in add
  w3 = 0.5 * (1 + xp.cos(xp.pi * (-2.0/alpha + 1 + 2.0*n3/alpha/(M-1))))
Traceback (most recent call last):
  File "/home/npc/pbt/agentic-pbt/worker_/23/hypo.py", line 16, in <module>
    test_tukey_no_nan()
    ~~~~~~~~~~~~~~~~~^^
  File "/home/npc/pbt/agentic-pbt/worker_/23/hypo.py", line 6, in test_tukey_no_nan
    @given(
    
  File "/home/npc/miniconda/lib/python3.13/site-packages/hypothesis/core.py", line 2124, in wrapped_test
    raise the_error_hypothesis_found
  File "/home/npc/pbt/agentic-pbt/worker_/23/hypo.py", line 12, in test_tukey_no_nan
    assert not np.any(np.isnan(result)), f"tukey({M}, alpha={alpha}) contains NaN"
           ^^^^^^^^^^^^^^^^^^^^^^^^^^^^
AssertionError: tukey(3, alpha=5e-324) contains NaN
Falsifying example: test_tukey_no_nan(
    M=3,
    alpha=5e-324,
)
