Traceback (most recent call last):
  File "<string>", line 1, in <module>
    from hypo import test_pseudo_huber_returns_finite; test_pseudo_huber_returns_finite()
                                                       ~~~~~~~~~~~~~~~~~~~~~~~~~~~~~~~~^^
  File "/home/npc/pbt/agentic-pbt/worker_/6/hypo.py", line 6, in test_pseudo_huber_returns_finite
    @given(st.floats(allow_nan=False, allow_infinity=False, min_value=1e-308, max_value=10),
                   ^^^
  File "/home/npc/miniconda/lib/python3.13/site-packages/hypothesis/core.py", line 2124, in wrapped_test
    raise the_error_hypothesis_found
  File "/home/npc/pbt/agentic-pbt/worker_/6/hypo.py", line 10, in test_pseudo_huber_returns_finite
    assert np.isfinite(result), f"pseudo_huber({delta}, {r}) returned {result}, expected finite value"
           ~~~~~~~~~~~^^^^^^^^
AssertionError: pseudo_huber(1e-308, 1.0) returned nan, expected finite value
Falsifying example: test_pseudo_huber_returns_finite(
    delta=1e-308,
    r=1.0,
)
