/home/npc/.local/lib/python3.13/site-packages/scipy/spatial/distance.py:1387: RuntimeWarning: divide by zero encountered in log
  js /= np.log(base)
/home/npc/.local/lib/python3.13/site-packages/scipy/spatial/distance.py:1387: RuntimeWarning: invalid value encountered in log
  js /= np.log(base)
/home/npc/.local/lib/python3.13/site-packages/scipy/spatial/distance.py:1388: RuntimeWarning: invalid value encountered in sqrt
  return np.sqrt(js / 2.0)
/home/npc/.local/lib/python3.13/site-packages/scipy/spatial/distance.py:1387: RuntimeWarning: divide by zero encountered in scalar divide
  js /= np.log(base)
Traceback (most recent call last):
  File "/home/npc/pbt/agentic-pbt/worker_/11/hypo.py", line 23, in <module>
    test_jensenshannon_base_produces_finite_result()
    ~~~~~~~~~~~~~~~~~~~~~~~~~~~~~~~~~~~~~~~~~~~~~~^^
  File "/home/npc/pbt/agentic-pbt/worker_/11/hypo.py", line 7, in test_jensenshannon_base_produces_finite_result
    @given(
    
  File "/home/npc/miniconda/lib/python3.13/site-packages/hypothesis/core.py", line 2124, in wrapped_test
    raise the_error_hypothesis_found
  File "/home/npc/pbt/agentic-pbt/worker_/11/hypo.py", line 19, in test_jensenshannon_base_produces_finite_result
    assert np.isfinite(result), \
           ~~~~~~~~~~~^^^^^^^^
AssertionError: Jensen-Shannon should produce finite result for base=1.0, got inf
Falsifying example: test_jensenshannon_base_produces_finite_result(
    k=2,  # or any other generated value
    base=1.0,
)
Explanation:
    These lines were always and only run by failing examples:
        /home/npc/pbt/agentic-pbt/worker_/11/hypo.py:20
