/home/npc/pbt/agentic-pbt/worker_/1/hypo.py:20: RuntimeWarning: invalid value encountered in add
  reconstructed = scipy.signal.convolve(divisor_arr, quotient) + remainder
  + Exception Group Traceback (most recent call last):
  |   File "/home/npc/pbt/agentic-pbt/worker_/1/hypo.py", line 27, in <module>
  |     test_deconvolve_round_trip()
  |     ~~~~~~~~~~~~~~~~~~~~~~~~~~^^
  |   File "/home/npc/pbt/agentic-pbt/worker_/1/hypo.py", line 7, in test_deconvolve_round_trip
  |     signal=st.lists(st.floats(min_value=-1e6, max_value=1e6, allow_nan=False, allow_infinity=False), min_size=2, max_size=50),
  |                ^^^
  |   File "/home/npc/miniconda/lib/python3.13/site-packages/hypothesis/core.py", line 2124, in wrapped_test
  |     raise the_error_hypothesis_found
  | ExceptionGroup: Hypothesis found 2 distinct failures. (2 sub-exceptions)
  +-+---------------- 1 ----------------
    | Traceback (most recent call last):
    |   File "/home/npc/pbt/agentic-pbt/worker_/1/hypo.py", line 22, in test_deconvolve_round_trip
    |     np.testing.assert_allclose(reconstructed, signal_arr, rtol=1e-10, atol=1e-10)
    |     ~~~~~~~~~~~~~~~~~~~~~~~~~~^^^^^^^^^^^^^^^^^^^^^^^^^^^^^^^^^^^^^^^^^^^^^^^^^^^
    |   File "/home/npc/miniconda/lib/python3.13/site-packages/numpy/testing/_private/utils.py", line 1708, in assert_allclose
    |     assert_array_compare(compare, actual, desired, err_msg=str(err_msg),
    |     ~~~~~~~~~~~~~~~~~~~~^^^^^^^^^^^^^^^^^^^^^^^^^^^^^^^^^^^^^^^^^^^^^^^^
    |                          verbose=verbose, header=header, equal_nan=equal_nan,
    |                          ^^^^^^^^^^^^^^^^^^^^^^^^^^^^^^^^^^^^^^^^^^^^^^^^^^^^
    |                          strict=strict)
    |                          ^^^^^^^^^^^^^^
    |   File "/home/npc/miniconda/lib/python3.13/site-packages/numpy/testing/_private/utils.py", line 808, in assert_array_compare
    |     flagged = func_assert_same_pos(x, y, func=isnan, hasval='nan')
    |   File "/home/npc/miniconda/lib/python3.13/site-packages/numpy/testing/_private/utils.py", line 777, in func_assert_same_pos
    |     raise AssertionError(msg)
    | AssertionError: 
    | Not equal to tolerance rtol=1e-10, atol=1e-10
    | 
    | nan location mismatch:
    |  ACTUAL: array([ 1., nan, nan])
    |  DESIRED: array([1., 0., 0.])
    | Falsifying example: test_deconvolve_round_trip(
    |     signal=[1.0, 0.0, 0.0],
    |     divisor=[1.3845498899524102e-264, 1.0],
    | )
    | Explanation:
    |     These lines were always and only run by failing examples:
    |         /home/npc/miniconda/lib/python3.13/site-packages/numpy/testing/_private/utils.py:771
    +---------------- 2 ----------------
    | Traceback (most recent call last):
    |   File "/home/npc/pbt/agentic-pbt/worker_/1/hypo.py", line 18, in test_deconvolve_round_trip
    |     quotient, remainder = scipy.signal.deconvolve(signal_arr, divisor_arr)
    |                           ~~~~~~~~~~~~~~~~~~~~~~~^^^^^^^^^^^^^^^^^^^^^^^^^
    |   File "/home/npc/.local/lib/python3.13/site-packages/scipy/signal/_signaltools.py", line 2471, in deconvolve
    |     quot = lfilter(num, den, input)
    |   File "/home/npc/.local/lib/python3.13/site-packages/scipy/signal/_signaltools.py", line 2303, in lfilter
    |     result =_sigtools._linear_filter(b, a, x, axis)
    | ValueError: BUG: filter coefficient a[0] == 0 not supported yet
    | Falsifying example: test_deconvolve_round_trip(
    |     signal=[0.0, 0.0],  # or any other generated value
    |     divisor=[0.0, 1.0],
    | )
    +------------------------------------
