Traceback (most recent call last):
  File "/home/npc/pbt/agentic-pbt/worker_/8/hypo.py", line 36, in <module>
    test_digit_start_vars_not_saved()
    ~~~~~~~~~~~~~~~~~~~~~~~~~~~~~~~^^
  File "/home/npc/pbt/agentic-pbt/worker_/8/hypo.py", line 9, in test_digit_start_vars_not_saved
    value=st.floats(min_value=-1e10, max_value=1e10,
               ^^^
  File "/home/npc/miniconda/lib/python3.13/site-packages/hypothesis/core.py", line 2124, in wrapped_test
    raise the_error_hypothesis_found
  File "/home/npc/pbt/agentic-pbt/worker_/8/hypo.py", line 29, in test_digit_start_vars_not_saved
    assert '1invalid' not in loaded, "Variables starting with digit should not be saved"
           ^^^^^^^^^^^^^^^^^^^^^^^^
AssertionError: Variables starting with digit should not be saved
Falsifying example: test_digit_start_vars_not_saved(
    value=0.0,  # or any other generated value
)
