============================= test session starts ==============================
platform linux -- Python 3.13.2, pytest-8.4.1, pluggy-1.5.0 -- /home/npc/miniconda/bin/python3
cachedir: .pytest_cache
hypothesis profile 'default'
rootdir: /home/npc/pbt/agentic-pbt/worker_/43
plugins: anyio-4.9.0, hypothesis-6.139.1, asyncio-1.2.0, langsmith-0.4.29
asyncio: mode=Mode.STRICT, debug=False, asyncio_default_fixture_loop_scope=None, asyncio_default_test_loop_scope=function
collecting ... collected 1 item

hypo.py::test_invalid_date_format_should_raise_valueerror FAILED         [100%]

=================================== FAILURES ===================================
_______________ test_invalid_date_format_should_raise_valueerror _______________

    @given(st.text(alphabet='0123456789abcdefghijklmnopqrstuvwxyzABCDEFGHIJKLMNOPQRSTUVWXYZ', min_size=1, max_size=10))
>   def test_invalid_date_format_should_raise_valueerror(invalid_pattern):
                   ^^^

hypo.py:7: 
_ _ _ _ _ _ _ _ _ _ _ _ _ _ _ _ _ _ _ _ _ _ _ _ _ _ _ _ _ _ _ _ _ _ _ _ _ _ _ _ 

invalid_pattern = '0'

    @given(st.text(alphabet='0123456789abcdefghijklmnopqrstuvwxyzABCDEFGHIJKLMNOPQRSTUVWXYZ', min_size=1, max_size=10))
    def test_invalid_date_format_should_raise_valueerror(invalid_pattern):
        assume('yyyy' not in invalid_pattern)
        assume('yy' not in invalid_pattern)
        assume('MM' not in invalid_pattern)
        assume('dd' not in invalid_pattern)
        assume('HH' not in invalid_pattern)
        assume('mm' not in invalid_pattern)
        assume('ss' not in invalid_pattern)
    
        date_string = f'date "{invalid_pattern}"'
    
>       with pytest.raises(ValueError):
             ^^^^^^^^^^^^^^^^^^^^^^^^^
E       Failed: DID NOT RAISE <class 'ValueError'>
E       Falsifying example: test_invalid_date_format_should_raise_valueerror(
E           invalid_pattern='0',
E       )
E       Explanation:
E           These lines were always and only run by failing examples:
E               /home/npc/.local/lib/python3.13/site-packages/scipy/io/arff/_arffread.py:298

hypo.py:18: Failed
=========================== short test summary info ============================
FAILED hypo.py::test_invalid_date_format_should_raise_valueerror - Failed: DI...
============================== 1 failed in 0.31s ===============================
