Traceback (most recent call last):
  File "/home/npc/pbt/agentic-pbt/worker_/49/hypo.py", line 21, in <module>
    test_kron_with_identity()
    ~~~~~~~~~~~~~~~~~~~~~~~^^
  File "/home/npc/pbt/agentic-pbt/worker_/49/hypo.py", line 5, in test_kron_with_identity
    st.integers(min_value=2, max_value=6),
               ^^^
  File "/home/npc/miniconda/lib/python3.13/site-packages/hypothesis/core.py", line 2124, in wrapped_test
    raise the_error_hypothesis_found
  File "/home/npc/pbt/agentic-pbt/worker_/49/hypo.py", line 18, in test_kron_with_identity
    assert result.nnz == m * A.nnz
           ^^^^^^^^^^^^^^^^^^^^^^^
AssertionError
Falsifying example: test_kron_with_identity(
    m=2,
    n=2,  # or any other generated value
)
Explanation:
    These lines were always and only run by failing examples:
        /home/npc/.local/lib/python3.13/site-packages/scipy/sparse/_base.py:473
        /home/npc/.local/lib/python3.13/site-packages/scipy/sparse/_bsr.py:31
        /home/npc/.local/lib/python3.13/site-packages/scipy/sparse/_bsr.py:40
        /home/npc/.local/lib/python3.13/site-packages/scipy/sparse/_bsr.py:85
        /home/npc/.local/lib/python3.13/site-packages/scipy/sparse/_bsr.py:90
        (and 30 more with settings.verbosity >= verbose)
