Traceback (most recent call last):
  File "/home/npc/pbt/agentic-pbt/worker_/7/hypo.py", line 31, in <module>
    test_rotate_90_four_times_identity()
    ~~~~~~~~~~~~~~~~~~~~~~~~~~~~~~~~~~^^
  File "/home/npc/pbt/agentic-pbt/worker_/7/hypo.py", line 7, in test_rotate_90_four_times_identity
    arr=arrays(dtype=np.float64, shape=st.tuples(
               ^^^
  File "/home/npc/miniconda/lib/python3.13/site-packages/hypothesis/core.py", line 2124, in wrapped_test
    raise the_error_hypothesis_found
  File "/home/npc/pbt/agentic-pbt/worker_/7/hypo.py", line 27, in test_rotate_90_four_times_identity
    assert np.allclose(arr, result)
           ~~~~~~~~~~~^^^^^^^^^^^^^
AssertionError
Falsifying example: test_rotate_90_four_times_identity(
    arr=array([[1., 1., 1.],
           [1., 1., 1.]]),
)
