/home/npc/.local/lib/python3.13/site-packages/scipy/spatial/distance.py:1503: RuntimeWarning: invalid value encountered in divide
  return float((ntf + nft) / np.array(2.0 * ntt + ntf + nft))
dice([False, False, False], [False, False, False]) = nan
Traceback (most recent call last):
  File "/home/npc/pbt/agentic-pbt/worker_/26/repo.py", line 10, in <module>
    assert result == 0.0, f"Expected 0.0, got {result}"
           ^^^^^^^^^^^^^
AssertionError: Expected 0.0, got nan
