Traceback (most recent call last):
  File "/home/npc/pbt/agentic-pbt/worker_/62/hypo.py", line 20, in test_join_error_message_with_invalid_type
    bag.join(invalid_input, lambda x: x)
    ~~~~~~~~^^^^^^^^^^^^^^^^^^^^^^^^^^^^
  File "/home/npc/pbt/agentic-pbt/envs/dask_env/lib/python3.13/site-packages/dask/bag/core.py", line 1203, in join
    " delayed object, or Iterable, got %s" % type(other).__name
                                             ^^^^^^^^^^^^^^^^^^
AttributeError: type object 'int' has no attribute '_Bag__name'

During handling of the above exception, another exception occurred:

Traceback (most recent call last):
  File "/home/npc/pbt/agentic-pbt/worker_/62/hypo.py", line 31, in <module>
    test_join_error_message_with_invalid_type()
    ~~~~~~~~~~~~~~~~~~~~~~~~~~~~~~~~~~~~~~~~~^^
  File "/home/npc/pbt/agentic-pbt/worker_/62/hypo.py", line 9, in test_join_error_message_with_invalid_type
    def test_join_error_message_with_invalid_type(invalid_input):
                   ^^^
  File "/home/npc/miniconda/lib/python3.13/site-packages/hypothesis/core.py", line 2124, in wrapped_test
    raise the_error_hypothesis_found
  File "/home/npc/pbt/agentic-pbt/worker_/62/hypo.py", line 26, in test_join_error_message_with_invalid_type
    raise AssertionError(
        f"Bug found! Error message construction failed with AttributeError: {e}"
    )
AssertionError: Bug found! Error message construction failed with AttributeError: type object 'int' has no attribute '_Bag__name'
Falsifying example: test_join_error_message_with_invalid_type(
    invalid_input=0,  # or any other generated value
)
