Traceback (most recent call last):
  File "/home/npc/pbt/agentic-pbt/worker_/13/hypo.py", line 21, in <module>
    test_var_chunk_aggregate()
    ~~~~~~~~~~~~~~~~~~~~~~~~^^
  File "/home/npc/pbt/agentic-pbt/worker_/13/hypo.py", line 6, in test_var_chunk_aggregate
    min_value=-1e6, max_value=1e6),
    
  File "/home/npc/miniconda/lib/python3.13/site-packages/hypothesis/core.py", line 2124, in wrapped_test
    raise the_error_hypothesis_found
  File "/home/npc/pbt/agentic-pbt/worker_/13/hypo.py", line 16, in test_var_chunk_aggregate
    assert math.isclose(aggregate_result, expected_variance,
           ~~~~~~~~~~~~^^^^^^^^^^^^^^^^^^^^^^^^^^^^^^^^^^^^^
                       rel_tol=1e-9, abs_tol=1e-9), f"Variance mismatch: got {aggregate_result}, expected {expected_variance}"
                       ^^^^^^^^^^^^^^^^^^^^^^^^^^^
AssertionError: Variance mismatch: got 32456.222259521484, expected 32456.22222222222
Falsifying example: test_var_chunk_aggregate(
    values=[427671.0, 428019.0, 428080.0],
)
