Traceback (most recent call last):
  File "/home/npc/pbt/agentic-pbt/worker_/5/hypo.py", line 43, in <module>
    test_delimiter_sampling_always_ends_with_delimiter()
    ~~~~~~~~~~~~~~~~~~~~~~~~~~~~~~~~~~~~~~~~~~~~~~~~~~^^
  File "/home/npc/pbt/agentic-pbt/worker_/5/hypo.py", line 10, in test_delimiter_sampling_always_ends_with_delimiter
    st.binary(min_size=1, max_size=100),
               ^^^
  File "/home/npc/miniconda/lib/python3.13/site-packages/hypothesis/core.py", line 2124, in wrapped_test
    raise the_error_hypothesis_found
  File "/home/npc/pbt/agentic-pbt/worker_/5/hypo.py", line 36, in test_delimiter_sampling_always_ends_with_delimiter
    assert sample.endswith(delimiter), \
           ~~~~~~~~~~~~~~~^^^^^^^^^^^
AssertionError: Sample must end with delimiter. Got: b'\x00\n\x00'
Falsifying example: test_delimiter_sampling_always_ends_with_delimiter(
    data_before=b'\x00',
    data_after=b'\x00',
    sample_size=50,  # or any other generated value
)
Explanation:
    These lines were always and only run by failing examples:
        /home/npc/pbt/agentic-pbt/worker_/5/hypo.py:21
        /home/npc/miniconda/lib/python3.13/functools.py:54
        /home/npc/miniconda/lib/python3.13/tempfile.py:498
