Traceback (most recent call last):
  File "/home/npc/pbt/agentic-pbt/worker_/55/hypo.py", line 26, in <module>
    test_truncate_name_respects_length_with_namespace()
    ~~~~~~~~~~~~~~~~~~~~~~~~~~~~~~~~~~~~~~~~~~~~~~~~~^^
  File "/home/npc/pbt/agentic-pbt/worker_/55/hypo.py", line 11, in test_truncate_name_respects_length_with_namespace
    namespace=st.text(min_size=1, max_size=10, alphabet=st.characters(whitelist_categories=('Lu',))),
               ^^^
  File "/home/npc/miniconda/lib/python3.13/site-packages/hypothesis/core.py", line 2062, in wrapped_test
    _raise_to_user(errors, state.settings, [], " in explicit examples")
    ~~~~~~~~~~~~~~^^^^^^^^^^^^^^^^^^^^^^^^^^^^^^^^^^^^^^^^^^^^^^^^^^^^^
  File "/home/npc/miniconda/lib/python3.13/site-packages/hypothesis/core.py", line 1613, in _raise_to_user
    raise the_error_hypothesis_found
  File "/home/npc/pbt/agentic-pbt/worker_/55/hypo.py", line 22, in test_truncate_name_respects_length_with_namespace
    assert result_length <= length
           ^^^^^^^^^^^^^^^^^^^^^^^
AssertionError
Falsifying explicit example: test_truncate_name_respects_length_with_namespace(
    namespace='SCHEMA',
    table_name='VERYLONGTABLENAME',
    length=20,
)
