Traceback (most recent call last):
  File "/home/npc/pbt/agentic-pbt/worker_/44/hypo.py", line 18, in <module>
    test_copy_creates_independent_children_list()
    ~~~~~~~~~~~~~~~~~~~~~~~~~~~~~~~~~~~~~~~~~~~^^
  File "/home/npc/pbt/agentic-pbt/worker_/44/hypo.py", line 8, in test_copy_creates_independent_children_list
    def test_copy_creates_independent_children_list(connector, children):
                   ^^^
  File "/home/npc/miniconda/lib/python3.13/site-packages/hypothesis/core.py", line 2124, in wrapped_test
    raise the_error_hypothesis_found
  File "/home/npc/pbt/agentic-pbt/worker_/44/hypo.py", line 14, in test_copy_creates_independent_children_list
    assert 999 not in copied.children
           ^^^^^^^^^^^^^^^^^^^^^^^^^^
AssertionError
Falsifying example: test_copy_creates_independent_children_list(
    # The test always failed when commented parts were varied together.
    connector='AND',  # or any other generated value
    children=[0],  # or any other generated value
)
