Traceback (most recent call last):
  File "/home/npc/pbt/agentic-pbt/worker_/54/hypo.py", line 30, in <module>
    test_aggregate_stats_has_name_field()
    ~~~~~~~~~~~~~~~~~~~~~~~~~~~~~~~~~~~^^
  File "/home/npc/pbt/agentic-pbt/worker_/54/hypo.py", line 8, in test_aggregate_stats_has_name_field
    col_name=st.text(min_size=1, max_size=20),
               ^^^
  File "/home/npc/pbt/agentic-pbt/envs/dask_env/lib/python3.13/site-packages/hypothesis/core.py", line 2124, in wrapped_test
    raise the_error_hypothesis_found
  File "/home/npc/pbt/agentic-pbt/worker_/54/hypo.py", line 27, in test_aggregate_stats_has_name_field
    assert "name" in col_stat, f"Column stat missing 'name' field: {col_stat}"
           ^^^^^^^^^^^^^^^^^^
AssertionError: Column stat missing 'name' field: {'null_count': 1}
Falsifying example: test_aggregate_stats_has_name_field(
    # The test always failed when commented parts were varied together.
    col_name='0',  # or any other generated value
    value=0,  # or any other generated value
    null_count=1,  # or any other generated value
)

You can reproduce this example by temporarily adding @reproduce_failure('6.139.2', b'AIEwQQBBAQ==') as a decorator on your test case
