Traceback (most recent call last):
  File "/home/npc/pbt/agentic-pbt/worker_/1/hypo.py", line 17, in <module>
    test_cache_profiler_custom_metric_name()
    ~~~~~~~~~~~~~~~~~~~~~~~~~~~~~~~~~~~~~~^^
  File "/home/npc/pbt/agentic-pbt/worker_/1/hypo.py", line 10, in test_cache_profiler_custom_metric_name
    def test_cache_profiler_custom_metric_name(metric_name):
                   ^^^
  File "/home/npc/miniconda/lib/python3.13/site-packages/hypothesis/core.py", line 2124, in wrapped_test
    raise the_error_hypothesis_found
  File "/home/npc/pbt/agentic-pbt/worker_/1/hypo.py", line 12, in test_cache_profiler_custom_metric_name
    assert prof._metric_name == metric_name
           ^^^^^^^^^^^^^^^^^^^^^^^^^^^^^^^^
AssertionError
Falsifying example: test_cache_profiler_custom_metric_name(
    metric_name='',
)
Explanation:
    These lines were always and only run by failing examples:
        /home/npc/miniconda/lib/python3.13/site-packages/dask/diagnostics/profile.py:355
Exit code: 1
