  + Exception Group Traceback (most recent call last):
  |   File "/home/npc/pbt/agentic-pbt/worker_/62/hypo.py", line 20, in <module>
  |     test_unquote_handles_dict_task()
  |     ~~~~~~~~~~~~~~~~~~~~~~~~~~~~~~^^
  |   File "/home/npc/pbt/agentic-pbt/worker_/62/hypo.py", line 9, in test_unquote_handles_dict_task
  |     def test_unquote_handles_dict_task(items):
  |                    ^^^
  |   File "/home/npc/miniconda/lib/python3.13/site-packages/hypothesis/core.py", line 2124, in wrapped_test
  |     raise the_error_hypothesis_found
  | ExceptionGroup: Hypothesis found 2 distinct failures. (2 sub-exceptions)
  +-+---------------- 1 ----------------
    | Traceback (most recent call last):
    |   File "/home/npc/pbt/agentic-pbt/worker_/62/hypo.py", line 14, in test_unquote_handles_dict_task
    |     assert result == dict(items)
    |            ^^^^^^^^^^^^^^^^^^^^^
    | AssertionError
    | Falsifying example: test_unquote_handles_dict_task(
    |     items=[('0', 0), ('0', 0)],
    | )
    +---------------- 2 ----------------
    | Traceback (most recent call last):
    |   File "/home/npc/pbt/agentic-pbt/worker_/62/hypo.py", line 11, in test_unquote_handles_dict_task
    |     result = unquote(task)
    |   File "/home/npc/miniconda/lib/python3.13/site-packages/dask/diagnostics/profile_visualize.py", line 35, in unquote
    |     return dict(map(unquote, expr[1]))
    | ValueError: dictionary update sequence element #0 has length 0; 2 is required
    | Falsifying example: test_unquote_handles_dict_task(
    |     items=[],
    | )
    +------------------------------------
