  + Exception Group Traceback (most recent call last):
  |   File "/home/npc/pbt/agentic-pbt/worker_/58/hypo.py", line 39, in <module>
  |     test_argtopk_returns_correct_size()
  |     ~~~~~~~~~~~~~~~~~~~~~~~~~~~~~~~~~^^
  |   File "/home/npc/pbt/agentic-pbt/worker_/58/hypo.py", line 31, in test_argtopk_returns_correct_size
  |     @settings(max_examples=200)
  |                    ^^^
  |   File "/home/npc/miniconda/lib/python3.13/site-packages/hypothesis/core.py", line 2124, in wrapped_test
  |     raise the_error_hypothesis_found
  | ExceptionGroup: Hypothesis found 2 distinct failures. (2 sub-exceptions)
  +-+---------------- 1 ----------------
    | Traceback (most recent call last):
    |   File "/home/npc/pbt/agentic-pbt/worker_/58/hypo.py", line 34, in test_argtopk_returns_correct_size
    |     result = da.argtopk(arr, k).compute()
    |   File "/home/npc/miniconda/lib/python3.13/site-packages/dask/base.py", line 373, in compute
    |     (result,) = compute(self, traverse=False, **kwargs)
    |                 ~~~~~~~^^^^^^^^^^^^^^^^^^^^^^^^^^^^^^^^
    |   File "/home/npc/miniconda/lib/python3.13/site-packages/dask/base.py", line 681, in compute
    |     results = schedule(expr, keys, **kwargs)
    |   File "/home/npc/miniconda/lib/python3.13/site-packages/dask/array/chunk.py", line 249, in argtopk_aggregate
    |     idx = np.take_along_axis(idx, idx2, axis)
    |   File "/home/npc/miniconda/lib/python3.13/site-packages/numpy/lib/_shape_base_impl.py", line 178, in take_along_axis
    |     axis = normalize_axis_index(axis, arr.ndim)
    |                                       ^^^^^^^^
    | AttributeError: 'tuple' object has no attribute 'ndim'
    | Falsifying example: test_argtopk_returns_correct_size(
    |     data=(dask.array<array, shape=(5,), dtype=int32, chunksize=(3,), chunktype=numpy.ndarray>,
    |      5),
    | )
    | Explanation:
    |     These lines were always and only run by failing examples:
    |         /home/npc/miniconda/lib/python3.13/site-packages/dask/local.py:540
    |         /home/npc/miniconda/lib/python3.13/site-packages/dask/local.py:541
    |         /home/npc/miniconda/lib/python3.13/site-packages/dask/utils.py:2272
    |         /home/npc/miniconda/lib/python3.13/site-packages/dask/utils.py:2277
    |         /home/npc/miniconda/lib/python3.13/site-packages/numpy/_core/fromnumeric.py:54
    +---------------- 2 ----------------
    | Traceback (most recent call last):
    |   File "/home/npc/pbt/agentic-pbt/worker_/58/hypo.py", line 34, in test_argtopk_returns_correct_size
    |     result = da.argtopk(arr, k).compute()
    |   File "/home/npc/miniconda/lib/python3.13/site-packages/dask/base.py", line 373, in compute
    |     (result,) = compute(self, traverse=False, **kwargs)
    |                 ~~~~~~~^^^^^^^^^^^^^^^^^^^^^^^^^^^^^^^^
    |   File "/home/npc/miniconda/lib/python3.13/site-packages/dask/base.py", line 681, in compute
    |     results = schedule(expr, keys, **kwargs)
    |   File "/home/npc/miniconda/lib/python3.13/site-packages/dask/array/chunk.py", line 245, in argtopk_aggregate
    |     a, idx = argtopk(a_plus_idx, k, axis, keepdims)
    |     ^^^^^^
    | ValueError: too many values to unpack (expected 2)
    | Falsifying example: test_argtopk_returns_correct_size(
    |     data=(dask.array<array, shape=(5,), dtype=int32, chunksize=(2,), chunktype=numpy.ndarray>,
    |      5),
    | )
    | Explanation:
    |     These lines were always and only run by failing examples:
    |         /home/npc/miniconda/lib/python3.13/site-packages/dask/local.py:262
    |         /home/npc/miniconda/lib/python3.13/site-packages/dask/local.py:540
    |         /home/npc/miniconda/lib/python3.13/site-packages/dask/local.py:541
    |         /home/npc/miniconda/lib/python3.13/site-packages/dask/utils.py:2272
    |         /home/npc/miniconda/lib/python3.13/site-packages/dask/utils.py:2277
    +------------------------------------
