Traceback (most recent call last):
  File "/home/npc/pbt/agentic-pbt/worker_/39/hypo.py", line 55, in <module>
    test_columns_not_mutated_in_read_orc()
    ~~~~~~~~~~~~~~~~~~~~~~~~~~~~~~~~~~~~^^
  File "/home/npc/pbt/agentic-pbt/worker_/39/hypo.py", line 15, in test_columns_not_mutated_in_read_orc
    @given(
    
  File "/home/npc/miniconda/lib/python3.13/site-packages/hypothesis/core.py", line 2124, in wrapped_test
    raise the_error_hypothesis_found
  File "/home/npc/pbt/agentic-pbt/worker_/39/hypo.py", line 52, in test_columns_not_mutated_in_read_orc
    assert read_columns == original_columns, f"Columns were mutated! Before: {original_columns}, After: {read_columns}"
           ^^^^^^^^^^^^^^^^^^^^^^^^^^^^^^^^
AssertionError: Columns were mutated! Before: ['a'], After: ['a', 'aa']
Falsifying example: test_columns_not_mutated_in_read_orc(
    # The test always failed when commented parts were varied together.
    data=[0],  # or any other generated value
    columns=['aa', 'a'],  # or any other generated value
)
