Traceback (most recent call last):
  File "/home/npc/pbt/agentic-pbt/worker_/43/hypo.py", line 33, in <module>
    test_max_min_skipna_false()
    ~~~~~~~~~~~~~~~~~~~~~~~~~^^
  File "/home/npc/pbt/agentic-pbt/worker_/43/hypo.py", line 6, in test_max_min_skipna_false
    st.one_of(
    
  File "/home/npc/miniconda/lib/python3.13/site-packages/hypothesis/core.py", line 2124, in wrapped_test
    raise the_error_hypothesis_found
  File "/home/npc/pbt/agentic-pbt/worker_/43/hypo.py", line 21, in test_max_min_skipna_false
    assert np.isnan(sparse_max) and np.isnan(dense_max), \
           ^^^^^^^^^^^^^^^^^^^^^^^^^^^^^^^^^^^^^^^^^^^^
AssertionError: When array contains NaN and skipna=False, max should return NaN. Got 0.0 for values [nan, 0.0]
Falsifying example: test_max_min_skipna_false(
    values=[nan, 0.0],
)
Explanation:
    These lines were always and only run by failing examples:
        /home/npc/pbt/agentic-pbt/worker_/43/hypo.py:18
        /home/npc/miniconda/lib/python3.13/site-packages/pandas/core/arrays/sparse/array.py:620
        /home/npc/miniconda/lib/python3.13/site-packages/pandas/core/arrays/sparse/array.py:634
        /home/npc/miniconda/lib/python3.13/site-packages/pandas/core/dtypes/missing.py:202
        /home/npc/miniconda/lib/python3.13/site-packages/pandas/core/dtypes/missing.py:204
        /home/npc/miniconda/lib/python3.13/site-packages/pandas/core/dtypes/missing.py:293
