Traceback (most recent call last):
  File "/home/npc/pbt/agentic-pbt/worker_/11/hypo.py", line 24, in <module>
    test_abstract_method_error_validation_message_format()
    ~~~~~~~~~~~~~~~~~~~~~~~~~~~~~~~~~~~~~~~~~~~~~~~~~~~~^^
  File "/home/npc/pbt/agentic-pbt/worker_/11/hypo.py", line 11, in test_abstract_method_error_validation_message_format
    def test_abstract_method_error_validation_message_format(invalid_methodtype):
                   ^^^
  File "/home/npc/miniconda/lib/python3.13/site-packages/hypothesis/core.py", line 2124, in wrapped_test
    raise the_error_hypothesis_found
  File "/home/npc/pbt/agentic-pbt/worker_/11/hypo.py", line 19, in test_abstract_method_error_validation_message_format
    assert f"methodtype must be one of {invalid_methodtype}" not in error_msg, \
           ^^^^^^^^^^^^^^^^^^^^^^^^^^^^^^^^^^^^^^^^^^^^^^^^^^^^^^^^^^^^^^^^^^
AssertionError: Bug: Error message incorrectly says 'methodtype must be one of '
Falsifying example: test_abstract_method_error_validation_message_format(
    invalid_methodtype='',  # or any other generated value
)
