Traceback (most recent call last):
  File "/home/npc/pbt/agentic-pbt/worker_/20/hypo.py", line 21, in <module>
    test_trim_zeros_complex_preserves_parentheses()
    ~~~~~~~~~~~~~~~~~~~~~~~~~~~~~~~~~~~~~~~~~~~~~^^
  File "/home/npc/pbt/agentic-pbt/worker_/20/hypo.py", line 6, in test_trim_zeros_complex_preserves_parentheses
    st.floats(min_value=-1e6, max_value=1e6, allow_nan=False, allow_infinity=False),
               ^^^
  File "/home/npc/miniconda/lib/python3.13/site-packages/hypothesis/core.py", line 2124, in wrapped_test
    raise the_error_hypothesis_found
  File "/home/npc/pbt/agentic-pbt/worker_/20/hypo.py", line 16, in test_trim_zeros_complex_preserves_parentheses
    assert result.endswith(')'), f"Lost closing parenthesis: {original} -> {result}"
           ~~~~~~~~~~~~~~~^^^^^
AssertionError: Lost closing parenthesis: (1+1j) -> (1+1j
Falsifying example: test_trim_zeros_complex_preserves_parentheses(
    float_pairs=[(1.0, 1.0)],
)
