============================= test session starts ==============================
platform linux -- Python 3.13.2, pytest-8.4.1, pluggy-1.5.0 -- /home/npc/miniconda/bin/python3
cachedir: .pytest_cache
hypothesis profile 'default'
rootdir: /home/npc/pbt/agentic-pbt/worker_/53
plugins: anyio-4.9.0, hypothesis-6.139.1, asyncio-1.2.0, langsmith-0.4.29
asyncio: mode=Mode.STRICT, debug=False, asyncio_default_fixture_loop_scope=None, asyncio_default_test_loop_scope=function
collecting ... collected 1 item

hypo.py::test_step_zero_raises_informative_error FAILED                  [100%]

=================================== FAILURES ===================================
___________________ test_step_zero_raises_informative_error ____________________

    @given(
>       num_values=st.integers(min_value=1, max_value=100),
                   ^^^
        window_size=st.integers(min_value=0, max_value=100),
    )

hypo.py:7: 
_ _ _ _ _ _ _ _ _ _ _ _ _ _ _ _ _ _ _ _ _ _ _ _ _ _ _ _ _ _ _ _ _ _ _ _ _ _ _ _ 
/home/npc/miniconda/lib/python3.13/site-packages/hypothesis/core.py:1613: in _raise_to_user
    raise the_error_hypothesis_found
_ _ _ _ _ _ _ _ _ _ _ _ _ _ _ _ _ _ _ _ _ _ _ _ _ _ _ _ _ _ _ _ _ _ _ _ _ _ _ _ 

num_values = 1, window_size = 0

    @given(
        num_values=st.integers(min_value=1, max_value=100),
        window_size=st.integers(min_value=0, max_value=100),
    )
    @example(num_values=1, window_size=0)  # The specific failing case
    def test_step_zero_raises_informative_error(num_values, window_size):
        indexer = FixedForwardWindowIndexer(window_size=window_size)
    
        with pytest.raises((ValueError, ZeroDivisionError)) as exc_info:
            indexer.get_window_bounds(num_values=num_values, step=0)
    
        if isinstance(exc_info.value, ZeroDivisionError):
>           pytest.fail("Should raise ValueError with informative message, not ZeroDivisionError")
E           Failed: Should raise ValueError with informative message, not ZeroDivisionError
E           Falsifying explicit example: test_step_zero_raises_informative_error(
E               num_values=1,
E               window_size=0,
E           )

hypo.py:18: Failed
=========================== short test summary info ============================
FAILED hypo.py::test_step_zero_raises_informative_error - Failed: Should rais...
============================== 1 failed in 0.35s ===============================
