Traceback (most recent call last):
  File "/home/npc/pbt/agentic-pbt/worker_/32/hypo.py", line 24, in <module>
    test_infinity_reflexive_comparisons()
    ~~~~~~~~~~~~~~~~~~~~~~~~~~~~~~~~~~~^^
  File "/home/npc/pbt/agentic-pbt/worker_/32/hypo.py", line 6, in test_infinity_reflexive_comparisons
    def test_infinity_reflexive_comparisons(inf):
                   ^^^
  File "/home/npc/miniconda/lib/python3.13/site-packages/hypothesis/core.py", line 2124, in wrapped_test
    raise the_error_hypothesis_found
  File "/home/npc/pbt/agentic-pbt/worker_/32/hypo.py", line 8, in test_infinity_reflexive_comparisons
    assert inf <= inf
           ^^^^^^^^^^
AssertionError
Falsifying example: test_infinity_reflexive_comparisons(
    inf=Infinity,
)
