Traceback (most recent call last):
  File "/home/npc/pbt/agentic-pbt/worker_/52/hypo.py", line 25, in <module>
    test_masked_reduction_all_masked()
    ~~~~~~~~~~~~~~~~~~~~~~~~~~~~~~~~^^
  File "/home/npc/pbt/agentic-pbt/worker_/52/hypo.py", line 8, in test_masked_reduction_all_masked
    values=npst.arrays(
               ^^^
  File "/home/npc/miniconda/lib/python3.13/site-packages/hypothesis/core.py", line 2124, in wrapped_test
    raise the_error_hypothesis_found
  File "/home/npc/pbt/agentic-pbt/worker_/52/hypo.py", line 18, in test_masked_reduction_all_masked
    assert masked_reductions.sum(values, mask, skipna=True) is libmissing.NA
           ^^^^^^^^^^^^^^^^^^^^^^^^^^^^^^^^^^^^^^^^^^^^^^^^^^^^^^^^^^^^^^^^^
AssertionError
Falsifying example: test_masked_reduction_all_masked(
    values=array([0.]),  # or any other generated value
)
