Traceback (most recent call last):
  File "/home/npc/pbt/agentic-pbt/worker_/62/hypo.py", line 21, in <module>
    test_parse_signature_preserves_all_arguments()
    ~~~~~~~~~~~~~~~~~~~~~~~~~~~~~~~~~~~~~~~~~~~~^^
  File "/home/npc/pbt/agentic-pbt/worker_/62/hypo.py", line 8, in test_parse_signature_preserves_all_arguments
    min_size=1, max_size=3, unique=True))
    ^^
  File "/home/npc/pbt/agentic-pbt/envs/cython_env/lib/python3.13/site-packages/hypothesis/core.py", line 2124, in wrapped_test
    raise the_error_hypothesis_found
  File "/home/npc/pbt/agentic-pbt/worker_/62/hypo.py", line 13, in test_parse_signature_preserves_all_arguments
    assert len(sig_args) == len(arg_names), \
           ^^^^^^^^^^^^^^^^^^^^^^^^^^^^^^^
AssertionError: Expected 1 args, got 0
Falsifying example: test_parse_signature_preserves_all_arguments(
    arg_names=['a'],  # or any other generated value
)
