  + Exception Group Traceback (most recent call last):
  |   File "/home/npc/pbt/agentic-pbt/worker_/35/hypo.py", line 20, in <module>
  |     test_is_re_compilable_should_not_crash()
  |     ~~~~~~~~~~~~~~~~~~~~~~~~~~~~~~~~~~~~~~^^
  |   File "/home/npc/pbt/agentic-pbt/worker_/35/hypo.py", line 7, in test_is_re_compilable_should_not_crash
  |     @settings(max_examples=500)
  |                    ^^^
  |   File "/home/npc/miniconda/lib/python3.13/site-packages/hypothesis/core.py", line 2124, in wrapped_test
  |     raise the_error_hypothesis_found
  | ExceptionGroup: Hypothesis found 3 distinct failures. (3 sub-exceptions)
  +-+---------------- 1 ----------------
    | Traceback (most recent call last):
    |   File "/home/npc/pbt/agentic-pbt/worker_/35/hypo.py", line 10, in test_is_re_compilable_should_not_crash
    |     result = pat.is_re_compilable(s)
    |   File "/home/npc/miniconda/lib/python3.13/site-packages/pandas/core/dtypes/inference.py", line 188, in is_re_compilable
    |     re.compile(obj)
    |     ~~~~~~~~~~^^^^^
    |   File "/home/npc/miniconda/lib/python3.13/re/__init__.py", line 289, in compile
    |     return _compile(pattern, flags)
    |   File "/home/npc/miniconda/lib/python3.13/re/__init__.py", line 350, in _compile
    |     p = _compiler.compile(pattern, flags)
    |   File "/home/npc/miniconda/lib/python3.13/re/_compiler.py", line 748, in compile
    |     p = _parser.parse(p, flags)
    |   File "/home/npc/miniconda/lib/python3.13/re/_parser.py", line 980, in parse
    |     p = _parse_sub(source, state, flags & SRE_FLAG_VERBOSE, 0)
    |   File "/home/npc/miniconda/lib/python3.13/re/_parser.py", line 459, in _parse_sub
    |     itemsappend(_parse(source, state, verbose, nested + 1,
    |                 ~~~~~~^^^^^^^^^^^^^^^^^^^^^^^^^^^^^^^^^^^^
    |                        not nested and not items))
    |                        ^^^^^^^^^^^^^^^^^^^^^^^^^
    |   File "/home/npc/miniconda/lib/python3.13/re/_parser.py", line 865, in _parse
    |     raise source.error("missing ), unterminated subpattern",
    |                        source.tell() - start)
    | re.PatternError: missing ), unterminated subpattern at position 0
    | 
    | During handling of the above exception, another exception occurred:
    | 
    | Traceback (most recent call last):
    |   File "/home/npc/pbt/agentic-pbt/worker_/35/hypo.py", line 13, in test_is_re_compilable_should_not_crash
    |     raise AssertionError(
    |         f"is_re_compilable crashed on input {s!r} with {type(e).__name__}: {e}"
    |     )
    | AssertionError: is_re_compilable crashed on input '(' with PatternError: missing ), unterminated subpattern at position 0
    | Falsifying example: test_is_re_compilable_should_not_crash(
    |     s='(',
    | )
    | Explanation:
    |     These lines were always and only run by failing examples:
    |         /home/npc/miniconda/lib/python3.13/re/_constants.py:38
    |         /home/npc/miniconda/lib/python3.13/re/_parser.py:549
    |         /home/npc/miniconda/lib/python3.13/re/_parser.py:710
    |         /home/npc/miniconda/lib/python3.13/re/_parser.py:854
    |         /home/npc/miniconda/lib/python3.13/re/_parser.py:864
    |         /home/npc/miniconda/lib/python3.13/re/_parser.py:865
    +---------------- 2 ----------------
    | Traceback (most recent call last):
    |   File "/home/npc/pbt/agentic-pbt/worker_/35/hypo.py", line 10, in test_is_re_compilable_should_not_crash
    |     result = pat.is_re_compilable(s)
    |   File "/home/npc/miniconda/lib/python3.13/site-packages/pandas/core/dtypes/inference.py", line 188, in is_re_compilable
    |     re.compile(obj)
    |     ~~~~~~~~~~^^^^^
    |   File "/home/npc/miniconda/lib/python3.13/re/__init__.py", line 289, in compile
    |     return _compile(pattern, flags)
    |   File "/home/npc/miniconda/lib/python3.13/re/__init__.py", line 350, in _compile
    |     p = _compiler.compile(pattern, flags)
    |   File "/home/npc/miniconda/lib/python3.13/re/_compiler.py", line 748, in compile
    |     p = _parser.parse(p, flags)
    |   File "/home/npc/miniconda/lib/python3.13/re/_parser.py", line 985, in parse
    |     raise source.error("unbalanced parenthesis")
    | re.PatternError: unbalanced parenthesis at position 0
    | 
    | During handling of the above exception, another exception occurred:
    | 
    | Traceback (most recent call last):
    |   File "/home/npc/pbt/agentic-pbt/worker_/35/hypo.py", line 13, in test_is_re_compilable_should_not_crash
    |     raise AssertionError(
    |         f"is_re_compilable crashed on input {s!r} with {type(e).__name__}: {e}"
    |     )
    | AssertionError: is_re_compilable crashed on input ')' with PatternError: unbalanced parenthesis at position 0
    | Falsifying example: test_is_re_compilable_should_not_crash(
    |     s=')',
    | )
    | Explanation:
    |     These lines were always and only run by failing examples:
    |         /home/npc/miniconda/lib/python3.13/re/_constants.py:38
    |         /home/npc/miniconda/lib/python3.13/re/_parser.py:984
    +---------------- 3 ----------------
    | Traceback (most recent call last):
    |   File "/home/npc/pbt/agentic-pbt/worker_/35/hypo.py", line 10, in test_is_re_compilable_should_not_crash
    |     result = pat.is_re_compilable(s)
    |   File "/home/npc/miniconda/lib/python3.13/site-packages/pandas/core/dtypes/inference.py", line 188, in is_re_compilable
    |     re.compile(obj)
    |     ~~~~~~~~~~^^^^^
    |   File "/home/npc/miniconda/lib/python3.13/re/__init__.py", line 289, in compile
    |     return _compile(pattern, flags)
    |   File "/home/npc/miniconda/lib/python3.13/re/__init__.py", line 350, in _compile
    |     p = _compiler.compile(pattern, flags)
    |   File "/home/npc/miniconda/lib/python3.13/re/_compiler.py", line 748, in compile
    |     p = _parser.parse(p, flags)
    |   File "/home/npc/miniconda/lib/python3.13/re/_parser.py", line 980, in parse
    |     p = _parse_sub(source, state, flags & SRE_FLAG_VERBOSE, 0)
    |   File "/home/npc/miniconda/lib/python3.13/re/_parser.py", line 459, in _parse_sub
    |     itemsappend(_parse(source, state, verbose, nested + 1,
    |                 ~~~~~~^^^^^^^^^^^^^^^^^^^^^^^^^^^^^^^^^^^^
    |                        not nested and not items))
    |                        ^^^^^^^^^^^^^^^^^^^^^^^^^
    |   File "/home/npc/miniconda/lib/python3.13/re/_parser.py", line 686, in _parse
    |     raise source.error("nothing to repeat",
    |                        source.tell() - here + len(this))
    | re.PatternError: nothing to repeat at position 0
    | 
    | During handling of the above exception, another exception occurred:
    | 
    | Traceback (most recent call last):
    |   File "/home/npc/pbt/agentic-pbt/worker_/35/hypo.py", line 13, in test_is_re_compilable_should_not_crash
    |     raise AssertionError(
    |         f"is_re_compilable crashed on input {s!r} with {type(e).__name__}: {e}"
    |     )
    | AssertionError: is_re_compilable crashed on input '?' with PatternError: nothing to repeat at position 0
    | Falsifying example: test_is_re_compilable_should_not_crash(
    |     s='?',
    | )
    | Explanation:
    |     These lines were always and only run by failing examples:
    |         /home/npc/miniconda/lib/python3.13/re/_constants.py:38
    |         /home/npc/miniconda/lib/python3.13/re/_parser.py:549
    |         /home/npc/miniconda/lib/python3.13/re/_parser.py:641
    |         /home/npc/miniconda/lib/python3.13/re/_parser.py:686
    +------------------------------------
