Traceback (most recent call last):
  File "/home/npc/pbt/agentic-pbt/worker_/11/hypo.py", line 32, in <module>
    test_infinity_comparison_consistency()
    ~~~~~~~~~~~~~~~~~~~~~~~~~~~~~~~~~~~~^^
  File "/home/npc/pbt/agentic-pbt/worker_/11/hypo.py", line 6, in test_infinity_comparison_consistency
    @settings(max_examples=200)
                   ^^^
  File "/home/npc/miniconda/lib/python3.13/site-packages/hypothesis/core.py", line 2124, in wrapped_test
    raise the_error_hypothesis_found
  File "/home/npc/pbt/agentic-pbt/worker_/11/hypo.py", line 12, in test_infinity_comparison_consistency
    assert not (inf1 > inf2)
           ^^^^^^^^^^^^^^^^^
AssertionError
Falsifying example: test_infinity_comparison_consistency(
    n=0,
)
