Traceback (most recent call last):
  File "/home/npc/pbt/agentic-pbt/worker_/62/hypo.py", line 14, in <module>
    test_ensure_np_dtype_string_to_object()
    ~~~~~~~~~~~~~~~~~~~~~~~~~~~~~~~~~~~~~^^
  File "/home/npc/pbt/agentic-pbt/worker_/62/hypo.py", line 7, in test_ensure_np_dtype_string_to_object
    def test_ensure_np_dtype_string_to_object(str_dtype):
                   ^^^
  File "/home/npc/miniconda/lib/python3.13/site-packages/hypothesis/core.py", line 2124, in wrapped_test
    raise the_error_hypothesis_found
  File "/home/npc/pbt/agentic-pbt/worker_/62/hypo.py", line 10, in test_ensure_np_dtype_string_to_object
    assert result == np.dtype('object'), f"Expected object dtype, got {result}"
           ^^^^^^^^^^^^^^^^^^^^^^^^^^^^
AssertionError: Expected object dtype, got <U10
Falsifying example: test_ensure_np_dtype_string_to_object(
    str_dtype=dtype('<U10'),
)
