============================= test session starts ==============================
platform linux -- Python 3.13.2, pytest-8.4.1, pluggy-1.5.0 -- /home/npc/miniconda/bin/python3
cachedir: .pytest_cache
hypothesis profile 'default'
rootdir: /home/npc/pbt/agentic-pbt/worker_/33
plugins: anyio-4.9.0, hypothesis-6.139.1, asyncio-1.2.0, langsmith-0.4.29
asyncio: mode=Mode.STRICT, debug=False, asyncio_default_fixture_loop_scope=None, asyncio_default_test_loop_scope=function
collecting ... collected 1 item

hypo.py::test_ensure_python_int_raises_typeerror_for_invalid_floats FAILED [100%]

=================================== FAILURES ===================================
__________ test_ensure_python_int_raises_typeerror_for_invalid_floats __________
  + Exception Group Traceback (most recent call last):
  |   File "/home/npc/pbt/agentic-pbt/worker_/33/hypo.py", line 7, in test_ensure_python_int_raises_typeerror_for_invalid_floats
  |     @example(float('inf'))
  |                    ^^^
  |   File "/home/npc/miniconda/lib/python3.13/site-packages/hypothesis/core.py", line 2062, in wrapped_test
  |     _raise_to_user(errors, state.settings, [], " in explicit examples")
  |     ~~~~~~~~~~~~~~^^^^^^^^^^^^^^^^^^^^^^^^^^^^^^^^^^^^^^^^^^^^^^^^^^^^^
  |   File "/home/npc/miniconda/lib/python3.13/site-packages/hypothesis/core.py", line 1613, in _raise_to_user
  |     raise the_error_hypothesis_found
  | ExceptionGroup: Hypothesis found 2 distinct failures in explicit examples. (2 sub-exceptions)
  +-+---------------- 1 ----------------
    | Traceback (most recent call last):
    |   File "/home/npc/pbt/agentic-pbt/worker_/33/hypo.py", line 11, in test_ensure_python_int_raises_typeerror_for_invalid_floats
    |     int_value = int(value)
    | OverflowError: cannot convert float infinity to integer
    | 
    | During handling of the above exception, another exception occurred:
    | 
    | Traceback (most recent call last):
    |   File "/home/npc/pbt/agentic-pbt/worker_/33/hypo.py", line 18, in test_ensure_python_int_raises_typeerror_for_invalid_floats
    |     ensure_python_int(value)
    |     ~~~~~~~~~~~~~~~~~^^^^^^^
    |   File "/home/npc/miniconda/lib/python3.13/site-packages/pandas/core/dtypes/common.py", line 116, in ensure_python_int
    |     new_value = int(value)
    | OverflowError: cannot convert float infinity to integer
    | Falsifying explicit example: test_ensure_python_int_raises_typeerror_for_invalid_floats(
    |     value=inf,
    | )
    +---------------- 2 ----------------
    | Traceback (most recent call last):
    |   File "/home/npc/pbt/agentic-pbt/worker_/33/hypo.py", line 11, in test_ensure_python_int_raises_typeerror_for_invalid_floats
    |     int_value = int(value)
    | OverflowError: cannot convert float infinity to integer
    | 
    | During handling of the above exception, another exception occurred:
    | 
    | Traceback (most recent call last):
    |   File "/home/npc/pbt/agentic-pbt/worker_/33/hypo.py", line 18, in test_ensure_python_int_raises_typeerror_for_invalid_floats
    |     ensure_python_int(value)
    |     ~~~~~~~~~~~~~~~~~^^^^^^^
    |   File "/home/npc/miniconda/lib/python3.13/site-packages/pandas/core/dtypes/common.py", line 116, in ensure_python_int
    |     new_value = int(value)
    | OverflowError: cannot convert float infinity to integer
    | Falsifying explicit example: test_ensure_python_int_raises_typeerror_for_invalid_floats(
    |     value=-inf,
    | )
    +------------------------------------
=========================== short test summary info ============================
FAILED hypo.py::test_ensure_python_int_raises_typeerror_for_invalid_floats - ...
============================== 1 failed in 0.34s ===============================
