============================= test session starts ==============================
platform linux -- Python 3.13.2, pytest-8.4.1, pluggy-1.5.0 -- /home/npc/miniconda/bin/python3
cachedir: .pytest_cache
hypothesis profile 'default'
rootdir: /home/npc/pbt/agentic-pbt/worker_/43
plugins: anyio-4.9.0, hypothesis-6.139.1, asyncio-1.2.0, langsmith-0.4.29
asyncio: mode=Mode.STRICT, debug=False, asyncio_default_fixture_loop_scope=None, asyncio_default_test_loop_scope=function
collecting ... collected 1 item

hypo.py::test_putmask_without_repeat_length_mismatch_error FAILED        [100%]

=================================== FAILURES ===================================
______________ test_putmask_without_repeat_length_mismatch_error _______________

    @given(
>       values_size=st.integers(min_value=10, max_value=50),
                   ^^^
        new_size=st.integers(min_value=1, max_value=9)
    )

hypo.py:8: 
_ _ _ _ _ _ _ _ _ _ _ _ _ _ _ _ _ _ _ _ _ _ _ _ _ _ _ _ _ _ _ _ _ _ _ _ _ _ _ _ 

values_size = 10, new_size = 1

    @given(
        values_size=st.integers(min_value=10, max_value=50),
        new_size=st.integers(min_value=1, max_value=9)
    )
    @settings(max_examples=300)
    def test_putmask_without_repeat_length_mismatch_error(values_size, new_size):
        assume(new_size != values_size)
    
        values = np.arange(values_size)
        mask = np.ones(values_size, dtype=bool)
        new = np.arange(new_size)
    
>       with pytest.raises(ValueError, match="cannot assign mismatch"):
             ^^^^^^^^^^^^^^^^^^^^^^^^^^^^^^^^^^^^^^^^^^^^^^^^^^^^^^^^^
E       Failed: DID NOT RAISE <class 'ValueError'>
E       Falsifying example: test_putmask_without_repeat_length_mismatch_error(
E           values_size=10,  # or any other generated value
E           new_size=1,
E       )
E       Explanation:
E           These lines were always and only run by failing examples:
E               /home/npc/miniconda/lib/python3.13/site-packages/pandas/core/array_algos/putmask.py:94

hypo.py:19: Failed
=========================== short test summary info ============================
FAILED hypo.py::test_putmask_without_repeat_length_mismatch_error - Failed: D...
============================== 1 failed in 0.47s ===============================
