Traceback (most recent call last):
  File "/home/npc/pbt/agentic-pbt/worker_/55/hypo.py", line 28, in <module>
    test_sum_matches_dense_skipna_false()
    ~~~~~~~~~~~~~~~~~~~~~~~~~~~~~~~~~~~^^
  File "/home/npc/pbt/agentic-pbt/worker_/55/hypo.py", line 6, in test_sum_matches_dense_skipna_false
    st.floats(allow_nan=True, allow_infinity=False),
               ^^^
  File "/home/npc/miniconda/lib/python3.13/site-packages/hypothesis/core.py", line 2062, in wrapped_test
    _raise_to_user(errors, state.settings, [], " in explicit examples")
    ~~~~~~~~~~~~~~^^^^^^^^^^^^^^^^^^^^^^^^^^^^^^^^^^^^^^^^^^^^^^^^^^^^^
  File "/home/npc/miniconda/lib/python3.13/site-packages/hypothesis/core.py", line 1613, in _raise_to_user
    raise the_error_hypothesis_found
  File "/home/npc/pbt/agentic-pbt/worker_/55/hypo.py", line 20, in test_sum_matches_dense_skipna_false
    assert np.isnan(sparse_sum), f"Expected NaN but got {sparse_sum} for data={data}"
           ~~~~~~~~^^^^^^^^^^^^
AssertionError: Expected NaN but got 0.0 for data=[nan]
Falsifying explicit example: test_sum_matches_dense_skipna_false(
    data=[nan],
)
