Traceback (most recent call last):
  File "/home/npc/pbt/agentic-pbt/worker_/16/hypo.py", line 22, in <module>
    test_string_concat_associative()
    ~~~~~~~~~~~~~~~~~~~~~~~~~~~~~~^^
  File "/home/npc/pbt/agentic-pbt/worker_/16/hypo.py", line 14, in test_string_concat_associative
    @settings(max_examples=500)
                   ^^^
  File "/home/npc/miniconda/lib/python3.13/site-packages/hypothesis/core.py", line 2124, in wrapped_test
    raise the_error_hypothesis_found
  File "/home/npc/pbt/agentic-pbt/worker_/16/hypo.py", line 18, in test_string_concat_associative
    assert normalize(result1) == normalize(result2)
           ^^^^^^^^^^^^^^^^^^^^^^^^^^^^^^^^^^^^^^^^
AssertionError
Falsifying example: test_string_concat_associative(
    a=Expr(Op.STRING, ('""', 1)),  # or any other generated value
    b=Expr(Op.STRING, ('""', 1)),  # or any other generated value
    c=Expr(Op.STRING, ("''", 1)),
)
Explanation:
    These lines were always and only run by failing examples:
        /home/npc/miniconda/lib/python3.13/site-packages/numpy/f2py/symbolic.py:913
        /home/npc/miniconda/lib/python3.13/site-packages/numpy/f2py/symbolic.py:916
