============================= test session starts ==============================
platform linux -- Python 3.13.2, pytest-8.4.1, pluggy-1.5.0 -- /home/npc/miniconda/bin/python3
cachedir: .pytest_cache
hypothesis profile 'default'
rootdir: /home/npc/pbt/agentic-pbt/worker_/51
plugins: anyio-4.9.0, hypothesis-6.139.1, asyncio-1.2.0, langsmith-0.4.29
asyncio: mode=Mode.STRICT, debug=False, asyncio_default_fixture_loop_scope=None, asyncio_default_test_loop_scope=function
collecting ... collected 1 item

hypo.py::test_abstractmethoderror_invalid_methodtype_error_message FAILED [100%]

=================================== FAILURES ===================================
__________ test_abstractmethoderror_invalid_methodtype_error_message ___________
hypo.py:11: in test_abstractmethoderror_invalid_methodtype_error_message
    def test_abstractmethoderror_invalid_methodtype_error_message(methodtype):
                   ^^^
hypo.py:21: in test_abstractmethoderror_invalid_methodtype_error_message
    assert f"methodtype must be one of {valid_types}" in error_msg, f"Error message has variables swapped: {error_msg}"
E   AssertionError: Error message has variables swapped: methodtype must be one of , got {'staticmethod', 'method', 'property', 'classmethod'} instead.
E   assert "methodtype must be one of {'staticmethod', 'method', 'property', 'classmethod'}" in "methodtype must be one of , got {'staticmethod', 'method', 'property', 'classmethod'} instead."
E   Falsifying example: test_abstractmethoderror_invalid_methodtype_error_message(
E       methodtype='',  # or any other generated value
E   )
============================ Hypothesis Statistics =============================
hypo.py::test_abstractmethoderror_invalid_methodtype_error_message:

  - during generate phase (0.05 seconds):
    - Typical runtimes: ~ 2-20 ms, of which < 1ms in data generation
    - 0 passing examples, 10 failing examples, 0 invalid examples
    - Found 1 distinct error in this phase

  - during shrink phase (0.22 seconds):
    - Typical runtimes: ~ 2ms, of which < 1ms in data generation
    - 0 passing examples, 85 failing examples, 0 invalid examples
    - Tried 85 shrinks of which 0 were successful

  - Stopped because nothing left to do


=========================== short test summary info ============================
FAILED hypo.py::test_abstractmethoderror_invalid_methodtype_error_message - A...
============================== 1 failed in 0.49s ===============================
