Traceback (most recent call last):
  File "/home/npc/pbt/agentic-pbt/worker_/32/hypo.py", line 20, in <module>
    test_categorical_codes_bounds()
    ~~~~~~~~~~~~~~~~~~~~~~~~~~~~~^^
  File "/home/npc/pbt/agentic-pbt/worker_/32/hypo.py", line 5, in test_categorical_codes_bounds
    @settings(max_examples=500)
                   ^^^
  File "/home/npc/miniconda/lib/python3.13/site-packages/hypothesis/core.py", line 2124, in wrapped_test
    raise the_error_hypothesis_found
  File "/home/npc/pbt/agentic-pbt/worker_/32/hypo.py", line 17, in test_categorical_codes_bounds
    assert cat.categories[code] == values[i], f"Code mapping wrong at {i}"
           ^^^^^^^^^^^^^^^^^^^^^^^^^^^^^^^^^
AssertionError: Code mapping wrong at 1
Falsifying example: test_categorical_codes_bounds(
    values=['', '\x00'],
)
