  + Exception Group Traceback (most recent call last):
  |   File "/home/npc/pbt/agentic-pbt/worker_/50/hypo.py", line 13, in <module>
  |     test_is_re_compilable_on_strings()
  |     ~~~~~~~~~~~~~~~~~~~~~~~~~~~~~~~~^^
  |   File "/home/npc/pbt/agentic-pbt/worker_/50/hypo.py", line 5, in test_is_re_compilable_on_strings
  |     @settings(max_examples=200)
  |                    ^^^
  |   File "/home/npc/miniconda/lib/python3.13/site-packages/hypothesis/core.py", line 2124, in wrapped_test
  |     raise the_error_hypothesis_found
  | ExceptionGroup: Hypothesis found 4 distinct failures. (4 sub-exceptions)
  +-+---------------- 1 ----------------
    | Traceback (most recent call last):
    |   File "/home/npc/pbt/agentic-pbt/worker_/50/hypo.py", line 8, in test_is_re_compilable_on_strings
    |     result = pat.is_re_compilable(s)
    |   File "/home/npc/miniconda/lib/python3.13/site-packages/pandas/core/dtypes/inference.py", line 188, in is_re_compilable
    |     re.compile(obj)
    |     ~~~~~~~~~~^^^^^
    |   File "/home/npc/miniconda/lib/python3.13/re/__init__.py", line 289, in compile
    |     return _compile(pattern, flags)
    |   File "/home/npc/miniconda/lib/python3.13/re/__init__.py", line 350, in _compile
    |     p = _compiler.compile(pattern, flags)
    |   File "/home/npc/miniconda/lib/python3.13/re/_compiler.py", line 748, in compile
    |     p = _parser.parse(p, flags)
    |   File "/home/npc/miniconda/lib/python3.13/re/_parser.py", line 980, in parse
    |     p = _parse_sub(source, state, flags & SRE_FLAG_VERBOSE, 0)
    |   File "/home/npc/miniconda/lib/python3.13/re/_parser.py", line 459, in _parse_sub
    |     itemsappend(_parse(source, state, verbose, nested + 1,
    |                 ~~~~~~^^^^^^^^^^^^^^^^^^^^^^^^^^^^^^^^^^^^
    |                        not nested and not items))
    |                        ^^^^^^^^^^^^^^^^^^^^^^^^^
    |   File "/home/npc/miniconda/lib/python3.13/re/_parser.py", line 567, in _parse
    |     raise source.error("unterminated character set",
    |                        source.tell() - here)
    | re.PatternError: unterminated character set at position 0
    | Falsifying example: test_is_re_compilable_on_strings(
    |     s='[',
    | )
    +---------------- 2 ----------------
    | Traceback (most recent call last):
    |   File "/home/npc/pbt/agentic-pbt/worker_/50/hypo.py", line 8, in test_is_re_compilable_on_strings
    |     result = pat.is_re_compilable(s)
    |   File "/home/npc/miniconda/lib/python3.13/site-packages/pandas/core/dtypes/inference.py", line 188, in is_re_compilable
    |     re.compile(obj)
    |     ~~~~~~~~~~^^^^^
    |   File "/home/npc/miniconda/lib/python3.13/re/__init__.py", line 289, in compile
    |     return _compile(pattern, flags)
    |   File "/home/npc/miniconda/lib/python3.13/re/__init__.py", line 350, in _compile
    |     p = _compiler.compile(pattern, flags)
    |   File "/home/npc/miniconda/lib/python3.13/re/_compiler.py", line 748, in compile
    |     p = _parser.parse(p, flags)
    |   File "/home/npc/miniconda/lib/python3.13/re/_parser.py", line 980, in parse
    |     p = _parse_sub(source, state, flags & SRE_FLAG_VERBOSE, 0)
    |   File "/home/npc/miniconda/lib/python3.13/re/_parser.py", line 459, in _parse_sub
    |     itemsappend(_parse(source, state, verbose, nested + 1,
    |                 ~~~~~~^^^^^^^^^^^^^^^^^^^^^^^^^^^^^^^^^^^^
    |                        not nested and not items))
    |                        ^^^^^^^^^^^^^^^^^^^^^^^^^
    |   File "/home/npc/miniconda/lib/python3.13/re/_parser.py", line 865, in _parse
    |     raise source.error("missing ), unterminated subpattern",
    |                        source.tell() - start)
    | re.PatternError: missing ), unterminated subpattern at position 0
    | Falsifying example: test_is_re_compilable_on_strings(
    |     s='(',
    | )
    +---------------- 3 ----------------
    | Traceback (most recent call last):
    |   File "/home/npc/pbt/agentic-pbt/worker_/50/hypo.py", line 8, in test_is_re_compilable_on_strings
    |     result = pat.is_re_compilable(s)
    |   File "/home/npc/miniconda/lib/python3.13/site-packages/pandas/core/dtypes/inference.py", line 188, in is_re_compilable
    |     re.compile(obj)
    |     ~~~~~~~~~~^^^^^
    |   File "/home/npc/miniconda/lib/python3.13/re/__init__.py", line 289, in compile
    |     return _compile(pattern, flags)
    |   File "/home/npc/miniconda/lib/python3.13/re/__init__.py", line 350, in _compile
    |     p = _compiler.compile(pattern, flags)
    |   File "/home/npc/miniconda/lib/python3.13/re/_compiler.py", line 748, in compile
    |     p = _parser.parse(p, flags)
    |   File "/home/npc/miniconda/lib/python3.13/re/_parser.py", line 985, in parse
    |     raise source.error("unbalanced parenthesis")
    | re.PatternError: unbalanced parenthesis at position 0
    | Falsifying example: test_is_re_compilable_on_strings(
    |     s=')',
    | )
    +---------------- 4 ----------------
    | Traceback (most recent call last):
    |   File "/home/npc/pbt/agentic-pbt/worker_/50/hypo.py", line 8, in test_is_re_compilable_on_strings
    |     result = pat.is_re_compilable(s)
    |   File "/home/npc/miniconda/lib/python3.13/site-packages/pandas/core/dtypes/inference.py", line 188, in is_re_compilable
    |     re.compile(obj)
    |     ~~~~~~~~~~^^^^^
    |   File "/home/npc/miniconda/lib/python3.13/re/__init__.py", line 289, in compile
    |     return _compile(pattern, flags)
    |   File "/home/npc/miniconda/lib/python3.13/re/__init__.py", line 350, in _compile
    |     p = _compiler.compile(pattern, flags)
    |   File "/home/npc/miniconda/lib/python3.13/re/_compiler.py", line 748, in compile
    |     p = _parser.parse(p, flags)
    |   File "/home/npc/miniconda/lib/python3.13/re/_parser.py", line 980, in parse
    |     p = _parse_sub(source, state, flags & SRE_FLAG_VERBOSE, 0)
    |   File "/home/npc/miniconda/lib/python3.13/re/_parser.py", line 459, in _parse_sub
    |     itemsappend(_parse(source, state, verbose, nested + 1,
    |                 ~~~~~~^^^^^^^^^^^^^^^^^^^^^^^^^^^^^^^^^^^^
    |                        not nested and not items))
    |                        ^^^^^^^^^^^^^^^^^^^^^^^^^
    |   File "/home/npc/miniconda/lib/python3.13/re/_parser.py", line 686, in _parse
    |     raise source.error("nothing to repeat",
    |                        source.tell() - here + len(this))
    | re.PatternError: nothing to repeat at position 0
    | Falsifying example: test_is_re_compilable_on_strings(
    |     s='?',
    | )
    +------------------------------------
