Running property-based test to find failures...
Traceback (most recent call last):
  File "/home/npc/pbt/agentic-pbt/worker_/29/hypo.py", line 18, in <module>
    test_expanding_sum_monotonic_for_nonnegative()
    ~~~~~~~~~~~~~~~~~~~~~~~~~~~~~~~~~~~~~~~~~~~~^^
  File "/home/npc/pbt/agentic-pbt/worker_/29/hypo.py", line 5, in test_expanding_sum_monotonic_for_nonnegative
    @example([1.023075029544998, 524288.3368640885, 0.0])
                   ^^^
  File "/home/npc/miniconda/lib/python3.13/site-packages/hypothesis/core.py", line 2062, in wrapped_test
    _raise_to_user(errors, state.settings, [], " in explicit examples")
    ~~~~~~~~~~~~~~^^^^^^^^^^^^^^^^^^^^^^^^^^^^^^^^^^^^^^^^^^^^^^^^^^^^^
  File "/home/npc/miniconda/lib/python3.13/site-packages/hypothesis/core.py", line 1613, in _raise_to_user
    raise the_error_hypothesis_found
  File "/home/npc/pbt/agentic-pbt/worker_/29/hypo.py", line 13, in test_expanding_sum_monotonic_for_nonnegative
    assert result.iloc[i] >= result.iloc[i-1], f"Monotonicity violated at position {i}: {result.iloc[i]} < {result.iloc[i-1]}"
           ^^^^^^^^^^^^^^^^^^^^^^^^^^^^^^^^^^
AssertionError: Monotonicity violated at position 2: 524289.359939118 < 524289.3599391181
Falsifying explicit example: test_expanding_sum_monotonic_for_nonnegative(
    data=[1.023075029544998, 524288.3368640885, 0.0],
)
