Traceback (most recent call last):
  File "/home/npc/pbt/agentic-pbt/worker_/45/hypo.py", line 28, in <module>
    test_maybe_match_name_equal_arrays()
    ~~~~~~~~~~~~~~~~~~~~~~~~~~~~~~~~~~^^
  File "/home/npc/pbt/agentic-pbt/worker_/45/hypo.py", line 12, in test_maybe_match_name_equal_arrays
    values=st.lists(st.integers(min_value=-100, max_value=100), min_size=2, max_size=10)
               ^^^
  File "/home/npc/miniconda/lib/python3.13/site-packages/hypothesis/core.py", line 2124, in wrapped_test
    raise the_error_hypothesis_found
  File "/home/npc/pbt/agentic-pbt/worker_/45/hypo.py", line 23, in test_maybe_match_name_equal_arrays
    assert result is not None, f"Expected array {arr1}, got None"
           ^^^^^^^^^^^^^^^^^^
AssertionError: Expected array [0 0], got None
Falsifying example: test_maybe_match_name_equal_arrays(
    values=[0, 0],  # or any other generated value
)
