Traceback (most recent call last):
  File "/home/npc/pbt/agentic-pbt/worker_/37/hypo.py", line 24, in <module>
    test_kleene_xor_na_commutativity_full()
    ~~~~~~~~~~~~~~~~~~~~~~~~~~~~~~~~~~~~~^^
  File "/home/npc/pbt/agentic-pbt/worker_/37/hypo.py", line 8, in test_kleene_xor_na_commutativity_full
    @settings(max_examples=10)
                   ^^^
  File "/home/npc/miniconda/lib/python3.13/site-packages/hypothesis/core.py", line 2124, in wrapped_test
    raise the_error_hypothesis_found
  File "/home/npc/pbt/agentic-pbt/worker_/37/hypo.py", line 20, in test_kleene_xor_na_commutativity_full
    assert result_value_na[0] == result_na_value[0]
           ^^^^^^^^^^^^^^^^^^^^^^^^^^^^^^^^^^^^^^^^
AssertionError
Falsifying example: test_kleene_xor_na_commutativity_full(
    left_val=True,
)
