  + Exception Group Traceback (most recent call last):
  |   File "/home/npc/pbt/agentic-pbt/worker_/3/hypo.py", line 16, in <module>
  |     test_is_re_compilable()
  |     ~~~~~~~~~~~~~~~~~~~~~^^
  |   File "/home/npc/pbt/agentic-pbt/worker_/3/hypo.py", line 5, in test_is_re_compilable
  |     def test_is_re_compilable(text):
  |                    ^^^
  |   File "/home/npc/miniconda/lib/python3.13/site-packages/hypothesis/core.py", line 2124, in wrapped_test
  |     raise the_error_hypothesis_found
  | ExceptionGroup: Hypothesis found 2 distinct failures. (2 sub-exceptions)
  +-+---------------- 1 ----------------
    | Traceback (most recent call last):
    |   File "/home/npc/pbt/agentic-pbt/worker_/3/hypo.py", line 6, in test_is_re_compilable
    |     result = pat.is_re_compilable(text)
    |   File "/home/npc/miniconda/lib/python3.13/site-packages/pandas/core/dtypes/inference.py", line 188, in is_re_compilable
    |     re.compile(obj)
    |     ~~~~~~~~~~^^^^^
    |   File "/home/npc/miniconda/lib/python3.13/re/__init__.py", line 289, in compile
    |     return _compile(pattern, flags)
    |   File "/home/npc/miniconda/lib/python3.13/re/__init__.py", line 350, in _compile
    |     p = _compiler.compile(pattern, flags)
    |   File "/home/npc/miniconda/lib/python3.13/re/_compiler.py", line 748, in compile
    |     p = _parser.parse(p, flags)
    |   File "/home/npc/miniconda/lib/python3.13/re/_parser.py", line 973, in parse
    |     source = Tokenizer(str)
    |   File "/home/npc/miniconda/lib/python3.13/re/_parser.py", line 238, in __init__
    |     self.__next()
    |     ~~~~~~~~~~~^^
    |   File "/home/npc/miniconda/lib/python3.13/re/_parser.py", line 251, in __next
    |     raise error("bad escape (end of pattern)",
    |                 self.string, len(self.string) - 1) from None
    | re.PatternError: bad escape (end of pattern) at position 0
    | Falsifying example: test_is_re_compilable(
    |     text='\\',
    | )
    | Explanation:
    |     These lines were always and only run by failing examples:
    |         /home/npc/miniconda/lib/python3.13/re/_parser.py:250
    +---------------- 2 ----------------
    | Traceback (most recent call last):
    |   File "/home/npc/pbt/agentic-pbt/worker_/3/hypo.py", line 6, in test_is_re_compilable
    |     result = pat.is_re_compilable(text)
    |   File "/home/npc/miniconda/lib/python3.13/site-packages/pandas/core/dtypes/inference.py", line 188, in is_re_compilable
    |     re.compile(obj)
    |     ~~~~~~~~~~^^^^^
    |   File "/home/npc/miniconda/lib/python3.13/re/__init__.py", line 289, in compile
    |     return _compile(pattern, flags)
    |   File "/home/npc/miniconda/lib/python3.13/re/__init__.py", line 350, in _compile
    |     p = _compiler.compile(pattern, flags)
    |   File "/home/npc/miniconda/lib/python3.13/re/_compiler.py", line 748, in compile
    |     p = _parser.parse(p, flags)
    |   File "/home/npc/miniconda/lib/python3.13/re/_parser.py", line 980, in parse
    |     p = _parse_sub(source, state, flags & SRE_FLAG_VERBOSE, 0)
    |   File "/home/npc/miniconda/lib/python3.13/re/_parser.py", line 459, in _parse_sub
    |     itemsappend(_parse(source, state, verbose, nested + 1,
    |                 ~~~~~~^^^^^^^^^^^^^^^^^^^^^^^^^^^^^^^^^^^^
    |                        not nested and not items))
    |                        ^^^^^^^^^^^^^^^^^^^^^^^^^
    |   File "/home/npc/miniconda/lib/python3.13/re/_parser.py", line 567, in _parse
    |     raise source.error("unterminated character set",
    |                        source.tell() - here)
    | re.PatternError: unterminated character set at position 0
    | Falsifying example: test_is_re_compilable(
    |     text='[',
    | )
    | Explanation:
    |     These lines were always and only run by failing examples:
    |         /home/npc/miniconda/lib/python3.13/re/_constants.py:38
    |         /home/npc/miniconda/lib/python3.13/re/_parser.py:550
    |         /home/npc/miniconda/lib/python3.13/re/_parser.py:552
    |         /home/npc/miniconda/lib/python3.13/re/_parser.py:566
    |         /home/npc/miniconda/lib/python3.13/re/_parser.py:567
    +------------------------------------
