Traceback (most recent call last):
  File "/home/npc/pbt/agentic-pbt/worker_/32/hypo.py", line 22, in <module>
    test_get_authorization_scheme_param_multiple_spaces()
    ~~~~~~~~~~~~~~~~~~~~~~~~~~~~~~~~~~~~~~~~~~~~~~~~~~~^^
  File "/home/npc/pbt/agentic-pbt/worker_/32/hypo.py", line 9, in test_get_authorization_scheme_param_multiple_spaces
    def test_get_authorization_scheme_param_multiple_spaces(scheme_input, param_input, num_spaces):
                   ^^^
  File "/home/npc/miniconda/lib/python3.13/site-packages/hypothesis/core.py", line 2124, in wrapped_test
    raise the_error_hypothesis_found
  File "/home/npc/pbt/agentic-pbt/worker_/32/hypo.py", line 18, in test_get_authorization_scheme_param_multiple_spaces
    assert param == param_input
           ^^^^^^^^^^^^^^^^^^^^
AssertionError
Falsifying example: test_get_authorization_scheme_param_multiple_spaces(
    # The test always failed when commented parts were varied together.
    scheme_input='0',  # or any other generated value
    param_input='0',  # or any other generated value
    num_spaces=2,  # or any other generated value
)
