============================= test session starts ==============================
platform linux -- Python 3.13.2, pytest-8.4.1, pluggy-1.5.0
rootdir: /home/npc/pbt/agentic-pbt/worker_/9
plugins: anyio-4.9.0, hypothesis-6.139.1, asyncio-1.2.0, langsmith-0.4.29
asyncio: mode=Mode.STRICT, debug=False, asyncio_default_fixture_loop_scope=None, asyncio_default_test_loop_scope=function
collected 1 item

hypo.py F                                                                [100%]

=================================== FAILURES ===================================
_____________ test_abstractmethoderror_invalid_methodtype_message ______________
hypo.py:6: in test_abstractmethoderror_invalid_methodtype_message
    def test_abstractmethoderror_invalid_methodtype_message(invalid_methodtype):
                   ^^^
hypo.py:23: in test_abstractmethoderror_invalid_methodtype_message
    assert invalid_methodtype not in f"must be one of {invalid_methodtype}"
E   AssertionError: assert '0' not in 'must be one of 0'
E     
E     '0' is contained here:
E       must be one of 0
E     ?                +
E   Falsifying example: test_abstractmethoderror_invalid_methodtype_message(
E       invalid_methodtype='0',
E   )
=========================== short test summary info ============================
FAILED hypo.py::test_abstractmethoderror_invalid_methodtype_message - Asserti...
============================== 1 failed in 0.36s ===============================
