Traceback (most recent call last):
  File "/home/npc/pbt/agentic-pbt/worker_/25/hypo.py", line 17, in <module>
    test_is_subperiod_is_not_superperiod_itself()
    ~~~~~~~~~~~~~~~~~~~~~~~~~~~~~~~~~~~~~~~~~~~^^
  File "/home/npc/pbt/agentic-pbt/worker_/25/hypo.py", line 5, in test_is_subperiod_is_not_superperiod_itself
    def test_is_subperiod_is_not_superperiod_itself(freq1):
                   ^^^
  File "/home/npc/miniconda/lib/python3.13/site-packages/hypothesis/core.py", line 2124, in wrapped_test
    raise the_error_hypothesis_found
  File "/home/npc/pbt/agentic-pbt/worker_/25/hypo.py", line 13, in test_is_subperiod_is_not_superperiod_itself
    assert result == False, \
           ^^^^^^^^^^^^^^^
AssertionError: is_subperiod(D, D) should be False but got True
Falsifying example: test_is_subperiod_is_not_superperiod_itself(
    freq1='D',
)
