Testing with invalid_methodtype='0'
Error message: methodtype must be one of 0, got {'method', 'property', 'staticmethod', 'classmethod'} instead.
FAIL: Valid type 'method' appears in 'got X' part
Testing with invalid_methodtype='+BÂ„ğ£²ºÃ‡'
Error message: methodtype must be one of +BÂ„ğ£²ºÃ‡, got {'method', 'property', 'staticmethod', 'classmethod'} instead.
FAIL: Valid type 'method' appears in 'got X' part
Testing with invalid_methodtype='ó¶°‰ÂªÂñ¹ƒ¯Ã­Ãƒ'
Error message: methodtype must be one of ó¶°‰ÂªÂñ¹ƒ¯Ã­Ãƒ, got {'method', 'property', 'staticmethod', 'classmethod'} instead.
FAIL: Valid type 'method' appears in 'got X' part
Testing with invalid_methodtype='oÂ†'
Error message: methodtype must be one of oÂ†, got {'method', 'property', 'staticmethod', 'classmethod'} instead.
FAIL: Valid type 'method' appears in 'got X' part
Testing with invalid_methodtype='Inf'
Error message: methodtype must be one of Inf, got {'method', 'property', 'staticmethod', 'classmethod'} instead.
FAIL: Valid type 'method' appears in 'got X' part
Testing with invalid_methodtype='Yp'
Error message: methodtype must be one of Yp, got {'method', 'property', 'staticmethod', 'classmethod'} instead.
FAIL: Valid type 'method' appears in 'got X' part
Testing with invalid_methodtype='j'
Error message: methodtype must be one of j, got {'method', 'property', 'staticmethod', 'classmethod'} instead.
FAIL: Valid type 'method' appears in 'got X' part
Testing with invalid_methodtype='S'
Error message: methodtype must be one of S, got {'method', 'property', 'staticmethod', 'classmethod'} instead.
FAIL: Valid type 'method' appears in 'got X' part
Testing with invalid_methodtype='Ø§Ù„ÙƒÙ„ ÙÙŠ Ø§Ù„Ù…Ø¬Ù…Ùˆ Ø¹Ø©'
Error message: methodtype must be one of Ø§Ù„ÙƒÙ„ ÙÙŠ Ø§Ù„Ù…Ø¬Ù…Ùˆ Ø¹Ø©, got {'method', 'property', 'staticmethod', 'classmethod'} instead.
FAIL: Valid type 'method' appears in 'got X' part
Testing with invalid_methodtype='Â„1ò¨ƒ”@Â¾Ã‹'
Error message: methodtype must be one of Â„1ò¨ƒ”@Â¾Ã‹, got {'method', 'property', 'staticmethod', 'classmethod'} instead.
FAIL: Valid type 'method' appears in 'got X' part
Testing with invalid_methodtype='0'
Error message: methodtype must be one of 0, got {'method', 'property', 'staticmethod', 'classmethod'} instead.
FAIL: Valid type 'method' appears in 'got X' part
Testing with invalid_methodtype='ñ¤†‚!Â–ğ–¸„ò˜ºµÂ Â‹Ã¯Ã¹ÃœÃº'
Error message: methodtype must be one of ñ¤†‚!Â–ğ–¸„ò˜ºµÂ Â‹Ã¯Ã¹ÃœÃº, got {'method', 'property', 'staticmethod', 'classmethod'} instead.
FAIL: Valid type 'method' appears in 'got X' part
Testing with invalid_methodtype='ó¼˜[Âµ'
Error message: methodtype must be one of ó¼˜[Âµ, got {'method', 'property', 'staticmethod', 'classmethod'} instead.
FAIL: Valid type 'method' appears in 'got X' part
Testing with invalid_methodtype='ñ¦Š»Â‘Jğ¾4'
Error message: methodtype must be one of ñ¦Š»Â‘Jğ¾4, got {'method', 'property', 'staticmethod', 'classmethod'} instead.
FAIL: Valid type 'method' appears in 'got X' part
Testing with invalid_methodtype='_'
Error message: methodtype must be one of _, got {'method', 'property', 'staticmethod', 'classmethod'} instead.
FAIL: Valid type 'method' appears in 'got X' part
Testing with invalid_methodtype=''
Error message: methodtype must be one of , got {'method', 'property', 'staticmethod', 'classmethod'} instead.
FAIL: Valid type 'method' appears in 'got X' part
Testing with invalid_methodtype='ò±†ºñ‡”¢Ã‹'
Error message: methodtype must be one of ò±†ºñ‡”¢Ã‹, got {'method', 'property', 'staticmethod', 'classmethod'} instead.
FAIL: Valid type 'method' appears in 'got X' part
Testing with invalid_methodtype='Ã¢ò†Â˜Xó†»|Hò¡½Âs2Ã­có¢š›Â¢ó…»Ã«Â‡Â·'
Error message: methodtype must be one of Ã¢ò†Â˜Xó†»|Hò¡½Âs2Ã­có¢š›Â¢ó…»Ã«Â‡Â·, got {'method', 'property', 'staticmethod', 'classmethod'} instead.
FAIL: Valid type 'method' appears in 'got X' part
Testing with invalid_methodtype='óˆ«¬'
Error message: methodtype must be one of óˆ«¬, got {'method', 'property', 'staticmethod', 'classmethod'} instead.
FAIL: Valid type 'method' appears in 'got X' part
Testing with invalid_methodtype='ğµò¸ƒ†ÂŸÃšÃ¶Zô´EÃ¿Â°0Ã¯$'
Error message: methodtype must be one of ğµò¸ƒ†ÂŸÃšÃ¶Zô´EÃ¿Â°0Ã¯$, got {'method', 'property', 'staticmethod', 'classmethod'} instead.
FAIL: Valid type 'method' appears in 'got X' part
Testing with invalid_methodtype='Ã‰ÂÂœÃ¼o/'
Error message: methodtype must be one of Ã‰ÂÂœÃ¼o/, got {'method', 'property', 'staticmethod', 'classmethod'} instead.
FAIL: Valid type 'method' appears in 'got X' part
Testing with invalid_methodtype='ÂœÂˆ[ñ™Œ¿Âó¢ '
Error message: methodtype must be one of ÂœÂˆ[ñ™Œ¿Âó¢ , got {'method', 'property', 'staticmethod', 'classmethod'} instead.
FAIL: Valid type 'method' appears in 'got X' part
Testing with invalid_methodtype='ğ¦„¿ò¾¹¶'
Error message: methodtype must be one of ğ¦„¿ò¾¹¶, got {'method', 'property', 'staticmethod', 'classmethod'} instead.
FAIL: Valid type 'method' appears in 'got X' part
Testing with invalid_methodtype='Ã˜ÂKó·…ƒ'
Error message: methodtype must be one of Ã˜ÂKó·…ƒ, got {'method', 'property', 'staticmethod', 'classmethod'} instead.
FAIL: Valid type 'method' appears in 'got X' part
Testing with invalid_methodtype='>lIRRU'
Error message: methodtype must be one of >lIRRU, got {'method', 'property', 'staticmethod', 'classmethod'} instead.
FAIL: Valid type 'method' appears in 'got X' part
Testing with invalid_methodtype='c'
Error message: methodtype must be one of c, got {'method', 'property', 'staticmethod', 'classmethod'} instead.
FAIL: Valid type 'method' appears in 'got X' part
Testing with invalid_methodtype='<[Ã„ò€¨'
Error message: methodtype must be one of <[Ã„ò€¨, got {'method', 'property', 'staticmethod', 'classmethod'} instead.
FAIL: Valid type 'method' appears in 'got X' part
Testing with invalid_methodtype='ó¨³šğ¿ŒaÃ¼Ãš5'
Error message: methodtype must be one of ó¨³šğ¿ŒaÃ¼Ãš5, got {'method', 'property', 'staticmethod', 'classmethod'} instead.
FAIL: Valid type 'method' appears in 'got X' part
Testing with invalid_methodtype='8ñ¯Ÿ¯*IÃ‹Ãˆñ†„Â­ô†‡Â¨ÂŒğ¹³‘5Ã°'
Error message: methodtype must be one of 8ñ¯Ÿ¯*IÃ‹Ãˆñ†„Â­ô†‡Â¨ÂŒğ¹³‘5Ã°, got {'method', 'property', 'staticmethod', 'classmethod'} instead.
FAIL: Valid type 'method' appears in 'got X' part
Testing with invalid_methodtype='Â¥8Ã¡ÂÃ‚UÂ“
Â­&`'
Error message: methodtype must be one of Â¥8Ã¡ÂÃ‚UÂ“
Â­&`, got {'method', 'property', 'staticmethod', 'classmethod'} instead.
FAIL: Valid type 'method' appears in 'got X' part
Testing with invalid_methodtype='x'
Error message: methodtype must be one of x, got {'method', 'property', 'staticmethod', 'classmethod'} instead.
FAIL: Valid type 'method' appears in 'got X' part
Testing with invalid_methodtype='Ã§ÂÃ³Â†Â“VÂ¸Â¾Â…'
Error message: methodtype must be one of Ã§ÂÃ³Â†Â“VÂ¸Â¾Â…, got {'method', 'property', 'staticmethod', 'classmethod'} instead.
FAIL: Valid type 'method' appears in 'got X' part
Testing with invalid_methodtype='Ã°'
Error message: methodtype must be one of Ã°, got {'method', 'property', 'staticmethod', 'classmethod'} instead.
FAIL: Valid type 'method' appears in 'got X' part
Testing with invalid_methodtype='&ñ¨¸•=Â¬XÃÃ›Â´'
Error message: methodtype must be one of &ñ¨¸•=Â¬XÃÃ›Â´, got {'method', 'property', 'staticmethod', 'classmethod'} instead.
FAIL: Valid type 'method' appears in 'got X' part
Testing with invalid_methodtype='NULL'
Error message: methodtype must be one of NULL, got {'method', 'property', 'staticmethod', 'classmethod'} instead.
FAIL: Valid type 'method' appears in 'got X' part
Testing with invalid_methodtype='-'
Error message: methodtype must be one of -, got {'method', 'property', 'staticmethod', 'classmethod'} instead.
FAIL: Valid type 'method' appears in 'got X' part
Testing with invalid_methodtype='Â‚26K4Ã§ò­”°o'
Error message: methodtype must be one of Â‚26K4Ã§ò­”°o, got {'method', 'property', 'staticmethod', 'classmethod'} instead.
FAIL: Valid type 'method' appears in 'got X' part
Testing with invalid_methodtype='N'
Error message: methodtype must be one of N, got {'method', 'property', 'staticmethod', 'classmethod'} instead.
FAIL: Valid type 'method' appears in 'got X' part
Testing with invalid_methodtype='Ã»å­ó˜ª ó°ò´ƒ ÃµE>Ã±'
Error message: methodtype must be one of Ã»å­ó˜ª ó°ò´ƒ ÃµE>Ã±, got {'method', 'property', 'staticmethod', 'classmethod'} instead.
FAIL: Valid type 'method' appears in 'got X' part
Testing with invalid_methodtype='Test passed!'
Error message: methodtype must be one of Test passed!, got {'method', 'property', 'staticmethod', 'classmethod'} instead.
FAIL: Valid type 'method' appears in 'got X' part
Testing with invalid_methodtype='1/0'
Error message: methodtype must be one of 1/0, got {'method', 'property', 'staticmethod', 'classmethod'} instead.
FAIL: Valid type 'method' appears in 'got X' part
Testing with invalid_methodtype='YÃ¼'
Error message: methodtype must be one of YÃ¼, got {'method', 'property', 'staticmethod', 'classmethod'} instead.
FAIL: Valid type 'method' appears in 'got X' part
Testing with invalid_methodtype='Â¶'
Error message: methodtype must be one of Â¶, got {'method', 'property', 'staticmethod', 'classmethod'} instead.
FAIL: Valid type 'method' appears in 'got X' part
Testing with invalid_methodtype='ÂŸÂœ'
Error message: methodtype must be one of ÂŸÂœ, got {'method', 'property', 'staticmethod', 'classmethod'} instead.
FAIL: Valid type 'method' appears in 'got X' part
Testing with invalid_methodtype='[ñ©ÂƒÂ¹n'
Error message: methodtype must be one of [ñ©ÂƒÂ¹n, got {'method', 'property', 'staticmethod', 'classmethod'} instead.
FAIL: Valid type 'method' appears in 'got X' part
Testing with invalid_methodtype='Â¾=Ã®ñ±‰ÃÂ½Â¿ÂºÃ”'
Error message: methodtype must be one of Â¾=Ã®ñ±‰ÃÂ½Â¿ÂºÃ”, got {'method', 'property', 'staticmethod', 'classmethod'} instead.
FAIL: Valid type 'method' appears in 'got X' part
Testing with invalid_methodtype='AÃe'
Error message: methodtype must be one of AÃe, got {'method', 'property', 'staticmethod', 'classmethod'} instead.
FAIL: Valid type 'method' appears in 'got X' part
Testing with invalid_methodtype='Ã†ÃˆÂ©'Ã†'
Error message: methodtype must be one of Ã†ÃˆÂ©'Ã†, got {'method', 'property', 'staticmethod', 'classmethod'} instead.
FAIL: Valid type 'method' appears in 'got X' part
Testing with invalid_methodtype='Ã¥'
Error message: methodtype must be one of Ã¥, got {'method', 'property', 'staticmethod', 'classmethod'} instead.
FAIL: Valid type 'method' appears in 'got X' part
Testing with invalid_methodtype='Ã–'
Error message: methodtype must be one of Ã–, got {'method', 'property', 'staticmethod', 'classmethod'} instead.
FAIL: Valid type 'method' appears in 'got X' part
Testing with invalid_methodtype='Ã’ñ¼¶•'
Error message: methodtype must be one of Ã’ñ¼¶•, got {'method', 'property', 'staticmethod', 'classmethod'} instead.
FAIL: Valid type 'method' appears in 'got X' part
Testing with invalid_methodtype='Ã‰'
Error message: methodtype must be one of Ã‰, got {'method', 'property', 'staticmethod', 'classmethod'} instead.
FAIL: Valid type 'method' appears in 'got X' part
Testing with invalid_methodtype='$ó˜¾¶(Â¸b'
Error message: methodtype must be one of $ó˜¾¶(Â¸b, got {'method', 'property', 'staticmethod', 'classmethod'} instead.
FAIL: Valid type 'method' appears in 'got X' part
Testing with invalid_methodtype='Â…Â¬Zò¯¶•'
Error message: methodtype must be one of Â…Â¬Zò¯¶•, got {'method', 'property', 'staticmethod', 'classmethod'} instead.
FAIL: Valid type 'method' appears in 'got X' part
Testing with invalid_methodtype='''
Error message: methodtype must be one of ', got {'method', 'property', 'staticmethod', 'classmethod'} instead.
FAIL: Valid type 'method' appears in 'got X' part
Testing with invalid_methodtype='ÃµoÃ‡ó°‚»ñ·ª±é…³1'
Error message: methodtype must be one of ÃµoÃ‡ó°‚»ñ·ª±é…³1, got {'method', 'property', 'staticmethod', 'classmethod'} instead.
FAIL: Valid type 'method' appears in 'got X' part
Testing with invalid_methodtype='\'
Error message: methodtype must be one of \, got {'method', 'property', 'staticmethod', 'classmethod'} instead.
FAIL: Valid type 'method' appears in 'got X' part
Testing with invalid_methodtype='ò‹¨™ò—•´Uòœ‰ˆ'
Error message: methodtype must be one of ò‹¨™ò—•´Uòœ‰ˆ, got {'method', 'property', 'staticmethod', 'classmethod'} instead.
FAIL: Valid type 'method' appears in 'got X' part
Testing with invalid_methodtype='Â«ğ“Œ¸'
Error message: methodtype must be one of Â«ğ“Œ¸, got {'method', 'property', 'staticmethod', 'classmethod'} instead.
FAIL: Valid type 'method' appears in 'got X' part
Testing with invalid_methodtype='Ã‘Â¥%ğ ¼¡'
Error message: methodtype must be one of Ã‘Â¥%ğ ¼¡, got {'method', 'property', 'staticmethod', 'classmethod'} instead.
FAIL: Valid type 'method' appears in 'got X' part
Testing with invalid_methodtype='Â˜RÂšÃ²ÂˆÂ£Ã²'
Error message: methodtype must be one of Â˜RÂšÃ²ÂˆÂ£Ã², got {'method', 'property', 'staticmethod', 'classmethod'} instead.
FAIL: Valid type 'method' appears in 'got X' part
Testing with invalid_methodtype='ñ½Ÿ…'
Error message: methodtype must be one of ñ½Ÿ…, got {'method', 'property', 'staticmethod', 'classmethod'} instead.
FAIL: Valid type 'method' appears in 'got X' part
Testing with invalid_methodtype='ñ˜ŒñŠ™š'
Error message: methodtype must be one of ñ˜ŒñŠ™š, got {'method', 'property', 'staticmethod', 'classmethod'} instead.
FAIL: Valid type 'method' appears in 'got X' part
Testing with invalid_methodtype='Â¶KÂ¿'
Error message: methodtype must be one of Â¶KÂ¿, got {'method', 'property', 'staticmethod', 'classmethod'} instead.
FAIL: Valid type 'method' appears in 'got X' part
Testing with invalid_methodtype='true'
Error message: methodtype must be one of true, got {'method', 'property', 'staticmethod', 'classmethod'} instead.
FAIL: Valid type 'method' appears in 'got X' part
Testing with invalid_methodtype='Ã´Hk'
Error message: methodtype must be one of Ã´Hk, got {'method', 'property', 'staticmethod', 'classmethod'} instead.
FAIL: Valid type 'method' appears in 'got X' part
Testing with invalid_methodtype='Ã  ò†«PÂÂ¬Xò—‚ò¥–°'
Error message: methodtype must be one of Ã  ò†«PÂÂ¬Xò—‚ò¥–°, got {'method', 'property', 'staticmethod', 'classmethod'} instead.
FAIL: Valid type 'method' appears in 'got X' part
Testing with invalid_methodtype='Â…mfÂ¨Ã½+Âœ:ò–¤„-ñƒ±³NÂ¡Â¦Ã‰ğ¾«´Ã›'
Error message: methodtype must be one of Â…mfÂ¨Ã½+Âœ:ò–¤„-ñƒ±³NÂ¡Â¦Ã‰ğ¾«´Ã›, got {'method', 'property', 'staticmethod', 'classmethod'} instead.
FAIL: Valid type 'method' appears in 'got X' part
Testing with invalid_methodtype='Âñ¯°¸rÂƒ'
Error message: methodtype must be one of Âñ¯°¸rÂƒ, got {'method', 'property', 'staticmethod', 'classmethod'} instead.
FAIL: Valid type 'method' appears in 'got X' part
Testing with invalid_methodtype='Â–P%Â¶r'
Error message: methodtype must be one of Â–P%Â¶r, got {'method', 'property', 'staticmethod', 'classmethod'} instead.
FAIL: Valid type 'method' appears in 'got X' part
Testing with invalid_methodtype='Ã«ÃŸFò¹©œ'
Error message: methodtype must be one of Ã«ÃŸFò¹©œ, got {'method', 'property', 'staticmethod', 'classmethod'} instead.
FAIL: Valid type 'method' appears in 'got X' part
Testing with invalid_methodtype='ñ€¯Ÿáº£3ÃºeÃ•'
Error message: methodtype must be one of ñ€¯Ÿáº£3ÃºeÃ•, got {'method', 'property', 'staticmethod', 'classmethod'} instead.
FAIL: Valid type 'method' appears in 'got X' part
Testing with invalid_methodtype='Ãªe'
Error message: methodtype must be one of Ãªe, got {'method', 'property', 'staticmethod', 'classmethod'} instead.
FAIL: Valid type 'method' appears in 'got X' part
Testing with invalid_methodtype='LÂò“¬˜Â'
Error message: methodtype must be one of LÂò“¬˜Â, got {'method', 'property', 'staticmethod', 'classmethod'} instead.
FAIL: Valid type 'method' appears in 'got X' part
Testing with invalid_methodtype='Â€ñŸ¾'
Error message: methodtype must be one of Â€ñŸ¾, got {'method', 'property', 'staticmethod', 'classmethod'} instead.
FAIL: Valid type 'method' appears in 'got X' part
Testing with invalid_methodtype='ò»€ğ¸·ƒó¨’¼ÃªÂ¨Ã!G'
Error message: methodtype must be one of ò»€ğ¸·ƒó¨’¼ÃªÂ¨Ã!G, got {'method', 'property', 'staticmethod', 'classmethod'} instead.
FAIL: Valid type 'method' appears in 'got X' part
Testing with invalid_methodtype='ğ ¤Ãñ ¸˜Â®H_ñ««¾ÂÃ¹pa'
Error message: methodtype must be one of ğ ¤Ãñ ¸˜Â®H_ñ««¾ÂÃ¹pa, got {'method', 'property', 'staticmethod', 'classmethod'} instead.
FAIL: Valid type 'method' appears in 'got X' part
Testing with invalid_methodtype='ÂŠÂ¨8Ã’óª—'
Error message: methodtype must be one of ÂŠÂ¨8Ã’óª—, got {'method', 'property', 'staticmethod', 'classmethod'} instead.
FAIL: Valid type 'method' appears in 'got X' part
Testing with invalid_methodtype='Ã—'
Error message: methodtype must be one of Ã—, got {'method', 'property', 'staticmethod', 'classmethod'} instead.
FAIL: Valid type 'method' appears in 'got X' part
Testing with invalid_methodtype='È¾'
Error message: methodtype must be one of È¾, got {'method', 'property', 'staticmethod', 'classmethod'} instead.
FAIL: Valid type 'method' appears in 'got X' part
Testing with invalid_methodtype='ò”‰6Ã'
Error message: methodtype must be one of ò”‰6Ã, got {'method', 'property', 'staticmethod', 'classmethod'} instead.
FAIL: Valid type 'method' appears in 'got X' part
Testing with invalid_methodtype='Â'
Error message: methodtype must be one of Â, got {'method', 'property', 'staticmethod', 'classmethod'} instead.
FAIL: Valid type 'method' appears in 'got X' part
Testing with invalid_methodtype='ÂwÃÂÃ†Â¤Z"Ã†ó£–¬Ã‘òª½'
Error message: methodtype must be one of ÂwÃÂÃ†Â¤Z"Ã†ó£–¬Ã‘òª½, got {'method', 'property', 'staticmethod', 'classmethod'} instead.
FAIL: Valid type 'method' appears in 'got X' part
Testing with invalid_methodtype='`Ã¼ñºò¶€ó²´¸'
Error message: methodtype must be one of `Ã¼ñºò¶€ó²´¸, got {'method', 'property', 'staticmethod', 'classmethod'} instead.
FAIL: Valid type 'method' appears in 'got X' part
Testing with invalid_methodtype='ZÂ¶azòº»Â™ñ†“³Âœğµ€®^Â›Ã‡<'
Error message: methodtype must be one of ZÂ¶azòº»Â™ñ†“³Âœğµ€®^Â›Ã‡<, got {'method', 'property', 'staticmethod', 'classmethod'} instead.
FAIL: Valid type 'method' appears in 'got X' part
Testing with invalid_methodtype='Ã½'
Error message: methodtype must be one of Ã½, got {'method', 'property', 'staticmethod', 'classmethod'} instead.
FAIL: Valid type 'method' appears in 'got X' part
Testing with invalid_methodtype='ò¯—¦[i'
Error message: methodtype must be one of ò¯—¦[i, got {'method', 'property', 'staticmethod', 'classmethod'} instead.
FAIL: Valid type 'method' appears in 'got X' part
Testing with invalid_methodtype='7 ê‹“'
Error message: methodtype must be one of 7 ê‹“, got {'method', 'property', 'staticmethod', 'classmethod'} instead.
FAIL: Valid type 'method' appears in 'got X' part
Testing with invalid_methodtype='nil'
Error message: methodtype must be one of nil, got {'method', 'property', 'staticmethod', 'classmethod'} instead.
FAIL: Valid type 'method' appears in 'got X' part
Testing with invalid_methodtype='ô‡£Â¹Â¤-'
Error message: methodtype must be one of ô‡£Â¹Â¤-, got {'method', 'property', 'staticmethod', 'classmethod'} instead.
FAIL: Valid type 'method' appears in 'got X' part
Testing with invalid_methodtype='ğ¿¬‘jÂŒrjVÃ—ÂµÃ­Ã”Ãˆ*ğ›´Ã°ó†¿‹ó¯¢½Gò„»®Ã‹Â¸QÂ›mÃ '
Error message: methodtype must be one of ğ¿¬‘jÂŒrjVÃ—ÂµÃ­Ã”Ãˆ*ğ›´Ã°ó†¿‹ó¯¢½Gò„»®Ã‹Â¸QÂ›mÃ , got {'method', 'property', 'staticmethod', 'classmethod'} instead.
FAIL: Valid type 'method' appears in 'got X' part
Testing with invalid_methodtype='Â­ñ ¯…Ã¬'
Error message: methodtype must be one of Â­ñ ¯…Ã¬, got {'method', 'property', 'staticmethod', 'classmethod'} instead.
FAIL: Valid type 'method' appears in 'got X' part
Testing with invalid_methodtype='Ã€'
Error message: methodtype must be one of Ã€, got {'method', 'property', 'staticmethod', 'classmethod'} instead.
FAIL: Valid type 'method' appears in 'got X' part
Testing with invalid_methodtype='ÃªÂ™'
Error message: methodtype must be one of ÃªÂ™, got {'method', 'property', 'staticmethod', 'classmethod'} instead.
FAIL: Valid type 'method' appears in 'got X' part
Testing with invalid_methodtype='ñšµÂ‹i'
Error message: methodtype must be one of ñšµÂ‹i, got {'method', 'property', 'staticmethod', 'classmethod'} instead.
FAIL: Valid type 'method' appears in 'got X' part
Testing with invalid_methodtype='gN'
Error message: methodtype must be one of gN, got {'method', 'property', 'staticmethod', 'classmethod'} instead.
FAIL: Valid type 'method' appears in 'got X' part
Testing with invalid_methodtype='ğ§ššÂ«'
Error message: methodtype must be one of ğ§ššÂ«, got {'method', 'property', 'staticmethod', 'classmethod'} instead.
FAIL: Valid type 'method' appears in 'got X' part
Testing with invalid_methodtype='Â³ó«½”bÂ„Â	ñ«,~JÃ¥Â‡ôƒ…‰Ã·@ÂˆÃ¥'
Error message: methodtype must be one of Â³ó«½”bÂ„Â	ñ«,~JÃ¥Â‡ôƒ…‰Ã·@ÂˆÃ¥, got {'method', 'property', 'staticmethod', 'classmethod'} instead.
FAIL: Valid type 'method' appears in 'got X' part
Testing with invalid_methodtype='ğ«½ñ„š«ò……¢~ó†°¨Â®ñ£Â£'
Error message: methodtype must be one of ğ«½ñ„š«ò……¢~ó†°¨Â®ñ£Â£, got {'method', 'property', 'staticmethod', 'classmethod'} instead.
FAIL: Valid type 'method' appears in 'got X' part
Testing with invalid_methodtype='Â›ÃšÃšcy:ó› ³Ãœ|Â‰Ã¶ÂŸÂ‚l4Ã¹'
Error message: methodtype must be one of Â›ÃšÃšcy:ó› ³Ãœ|Â‰Ã¶ÂŸÂ‚l4Ã¹, got {'method', 'property', 'staticmethod', 'classmethod'} instead.
FAIL: Valid type 'method' appears in 'got X' part
Testing with invalid_methodtype='Ã¤'
Error message: methodtype must be one of Ã¤, got {'method', 'property', 'staticmethod', 'classmethod'} instead.
FAIL: Valid type 'method' appears in 'got X' part
Testing with invalid_methodtype='Ã¦ñ®‡’PñŸ˜—Â°Âì¬…'
Error message: methodtype must be one of Ã¦ñ®‡’PñŸ˜—Â°Âì¬…, got {'method', 'property', 'staticmethod', 'classmethod'} instead.
FAIL: Valid type 'method' appears in 'got X' part
Testing with invalid_methodtype='Â™ñ°±‘fVÃ¥Âµpò¾“”Â“'
Error message: methodtype must be one of Â™ñ°±‘fVÃ¥Âµpò¾“”Â“, got {'method', 'property', 'staticmethod', 'classmethod'} instead.
FAIL: Valid type 'method' appears in 'got X' part
Testing with invalid_methodtype='Y1ÃƒÂ²'
Error message: methodtype must be one of Y1ÃƒÂ², got {'method', 'property', 'staticmethod', 'classmethod'} instead.
FAIL: Valid type 'method' appears in 'got X' part
Testing with invalid_methodtype='Â‘'
Error message: methodtype must be one of Â‘, got {'method', 'property', 'staticmethod', 'classmethod'} instead.
FAIL: Valid type 'method' appears in 'got X' part
Testing with invalid_methodtype='ñ²€'
Error message: methodtype must be one of ñ²€, got {'method', 'property', 'staticmethod', 'classmethod'} instead.
FAIL: Valid type 'method' appears in 'got X' part
Testing with invalid_methodtype='ñ§‡ğ¿´7&Â¹'
Error message: methodtype must be one of ñ§‡ğ¿´7&Â¹, got {'method', 'property', 'staticmethod', 'classmethod'} instead.
FAIL: Valid type 'method' appears in 'got X' part
Testing with invalid_methodtype='Â¸ô„µºò˜¥¤&ò­‘ƒ'
Error message: methodtype must be one of Â¸ô„µºò˜¥¤&ò­‘ƒ, got {'method', 'property', 'staticmethod', 'classmethod'} instead.
FAIL: Valid type 'method' appears in 'got X' part
Testing with invalid_methodtype='0'
Error message: methodtype must be one of 0, got {'method', 'property', 'staticmethod', 'classmethod'} instead.
FAIL: Valid type 'method' appears in 'got X' part
Traceback (most recent call last):
  File "/home/npc/pbt/agentic-pbt/worker_/55/hypo_simple.py", line 8, in test_abstract_method_error_invalid_methodtype_message_clarity
    pandas.errors.AbstractMethodError(object(), methodtype=invalid_methodtype)
    ~~~~~~~~~~~~~~~~~~~~~~~~~~~~~~~~~^^^^^^^^^^^^^^^^^^^^^^^^^^^^^^^^^^^^^^^^^
  File "/home/npc/miniconda/lib/python3.13/site-packages/pandas/errors/__init__.py", line 297, in __init__
    raise ValueError(
        f"methodtype must be one of {methodtype}, got {types} instead."
    )
ValueError: methodtype must be one of 0, got {'method', 'property', 'staticmethod', 'classmethod'} instead.

During handling of the above exception, another exception occurred:

Traceback (most recent call last):
  File "/home/npc/pbt/agentic-pbt/worker_/55/hypo_simple.py", line 28, in <module>
    test_abstract_method_error_invalid_methodtype_message_clarity()
    ~~~~~~~~~~~~~~~~~~~~~~~~~~~~~~~~~~~~~~~~~~~~~~~~~~~~~~~~~~~~~^^
  File "/home/npc/pbt/agentic-pbt/worker_/55/hypo_simple.py", line 5, in test_abstract_method_error_invalid_methodtype_message_clarity
    @settings(max_examples=10)
                   ^^^
  File "/home/npc/miniconda/lib/python3.13/site-packages/hypothesis/core.py", line 2124, in wrapped_test
    raise the_error_hypothesis_found
  File "/home/npc/pbt/agentic-pbt/worker_/55/hypo_simple.py", line 22, in test_abstract_method_error_invalid_methodtype_message_clarity
    assert False, f"Valid type '{valid_type}' should not appear in 'got X' part"
           ^^^^^
AssertionError: Valid type 'method' should not appear in 'got X' part
Falsifying example: test_abstract_method_error_invalid_methodtype_message_clarity(
    invalid_methodtype='0',  # or any other generated value
)
