Traceback (most recent call last):
  File "/home/npc/pbt/agentic-pbt/worker_/43/hypo.py", line 35, in <module>
    test_categorical_negative_sentinel_preserved()
    ~~~~~~~~~~~~~~~~~~~~~~~~~~~~~~~~~~~~~~~~~~~~^^
  File "/home/npc/pbt/agentic-pbt/worker_/43/hypo.py", line 7, in test_categorical_negative_sentinel_preserved
    @settings(max_examples=100)
                   ^^^
  File "/home/npc/miniconda/lib/python3.13/site-packages/hypothesis/core.py", line 2124, in wrapped_test
    raise the_error_hypothesis_found
  File "/home/npc/pbt/agentic-pbt/worker_/43/hypo.py", line 28, in test_categorical_negative_sentinel_preserved
    np.testing.assert_array_equal(
    ~~~~~~~~~~~~~~~~~~~~~~~~~~~~~^
        df["cat_col"].isna().values,
        ^^^^^^^^^^^^^^^^^^^^^^^^^^^^
        result["cat_col"].isna().values,
        ^^^^^^^^^^^^^^^^^^^^^^^^^^^^^^^^
        err_msg="Null positions don't match after interchange"
        ^^^^^^^^^^^^^^^^^^^^^^^^^^^^^^^^^^^^^^^^^^^^^^^^^^^^^^
    )
    ^
  File "/home/npc/miniconda/lib/python3.13/site-packages/numpy/testing/_private/utils.py", line 1051, in assert_array_equal
    assert_array_compare(operator.__eq__, actual, desired, err_msg=err_msg,
    ~~~~~~~~~~~~~~~~~~~~^^^^^^^^^^^^^^^^^^^^^^^^^^^^^^^^^^^^^^^^^^^^^^^^^^^
                         verbose=verbose, header='Arrays are not equal',
                         ^^^^^^^^^^^^^^^^^^^^^^^^^^^^^^^^^^^^^^^^^^^^^^^
                         strict=strict)
                         ^^^^^^^^^^^^^^
  File "/home/npc/miniconda/lib/python3.13/site-packages/numpy/testing/_private/utils.py", line 916, in assert_array_compare
    raise AssertionError(msg)
AssertionError: 
Arrays are not equal
Null positions don't match after interchange
Mismatched elements: 1 / 1 (100%)
 ACTUAL: array([ True])
 DESIRED: array([False])
Falsifying example: test_categorical_negative_sentinel_preserved(
    data=data(...),
)
Draw 1: 2
Draw 2: 1
Draw 3: True
