Traceback (most recent call last):
  File "/home/npc/pbt/agentic-pbt/worker_/32/hypo.py", line 14, in <module>
    test_astype_preserves_values()
    ~~~~~~~~~~~~~~~~~~~~~~~~~~~~^^
  File "/home/npc/pbt/agentic-pbt/worker_/32/hypo.py", line 6, in test_astype_preserves_values
    def test_astype_preserves_values(data):
                   ^^^
  File "/home/npc/miniconda/lib/python3.13/site-packages/hypothesis/core.py", line 2124, in wrapped_test
    raise the_error_hypothesis_found
  File "/home/npc/pbt/agentic-pbt/worker_/32/hypo.py", line 10, in test_astype_preserves_values
    assert isinstance(sparse_float, SparseArray), f"Expected SparseArray, got {type(sparse_float)}"
           ~~~~~~~~~~^^^^^^^^^^^^^^^^^^^^^^^^^^^
AssertionError: Expected SparseArray, got <class 'numpy.ndarray'>
Falsifying example: test_astype_preserves_values(
    data=[0],  # or any other generated value
)
