Traceback (most recent call last):
  File "/home/npc/pbt/agentic-pbt/worker_/28/hypo.py", line 21, in <module>
    test_masked_arith_op_rpow_base_one_should_return_one()
    ~~~~~~~~~~~~~~~~~~~~~~~~~~~~~~~~~~~~~~~~~~~~~~~~~~~~^^
  File "/home/npc/pbt/agentic-pbt/worker_/28/hypo.py", line 8, in test_masked_arith_op_rpow_base_one_should_return_one
    @given(
    
  File "/home/npc/miniconda/lib/python3.13/site-packages/hypothesis/core.py", line 2124, in wrapped_test
    raise the_error_hypothesis_found
  File "/home/npc/pbt/agentic-pbt/worker_/28/hypo.py", line 17, in test_masked_arith_op_rpow_base_one_should_return_one
    assert result[0] == 1.0, f"Expected 1.0 for 1.0**{exponent}, got {result[0]}"
           ^^^^^^^^^^^^^^^^
AssertionError: Expected 1.0 for 1.0**0.0, got nan
Falsifying example: test_masked_arith_op_rpow_base_one_should_return_one(
    exponent=0.0,  # or any other generated value
)
