✓ Test passed with values: [0 0 0 0 0]... (length 5)
✓ Test passed with values: [0 0 0 0 0]... (length 16)
✓ Test passed with values: [0 0 0 0 0]... (length 7)
✓ Test passed with values: [0 0 0 0 0]... (length 14)
✓ Test passed with values: [0 0 0 0 0]... (length 5)
✓ Test passed with values: [0 0 0 0 0]... (length 19)
✓ Test passed with values: [0 0 0 0 0]... (length 15)
✓ Test passed with values: [0 0 0 0 0]... (length 14)
✓ Test passed with values: [0 0 0 0 0]... (length 11)
✓ Test passed with values: [0 0 0 0 0]... (length 20)
✓ Test passed with values: [  0 -88   0   0   0]... (length 20)
✓ Test passed with values: [  0 -88   0   0   0]... (length 20)
✓ Test passed with values: [ 0 20  0  0  0]... (length 20)
✓ Test passed with values: [0 0 0 0 0]... (length 16)
✓ Test passed with values: [0 0 0 0 0]... (length 16)
✓ Test passed with values: [0 0 0 0 0]... (length 17)
✓ Test passed with values: [0 0 0 0 0]... (length 17)
✓ Test passed with values: [0 0 0 0 0]... (length 17)
✓ Test passed with values: [0 0 0 0 0]... (length 17)
✓ Test passed with values: [-88   0   0   0   0]... (length 20)
Traceback (most recent call last):
  File "/home/npc/pbt/agentic-pbt/worker_/22/hypo.py", line 30, in <module>
    test_cumsum_should_not_mutate_input()
    ~~~~~~~~~~~~~~~~~~~~~~~~~~~~~~~~~~~^^
  File "/home/npc/pbt/agentic-pbt/worker_/22/hypo.py", line 8, in test_cumsum_should_not_mutate_input
    values=npst.arrays(dtype=np.int64, shape=st.integers(5, 20),
               ^^^
  File "/home/npc/miniconda/lib/python3.13/site-packages/hypothesis/core.py", line 2124, in wrapped_test
    raise the_error_hypothesis_found
  File "/home/npc/pbt/agentic-pbt/worker_/22/hypo.py", line 20, in test_cumsum_should_not_mutate_input
    np.testing.assert_array_equal(
    ~~~~~~~~~~~~~~~~~~~~~~~~~~~~~^
        values, original,
        ^^^^^^^^^^^^^^^^^
        err_msg="cumsum modified the input array!"
        ^^^^^^^^^^^^^^^^^^^^^^^^^^^^^^^^^^^^^^^^^^
    )
    ^
  File "/home/npc/miniconda/lib/python3.13/site-packages/numpy/testing/_private/utils.py", line 1051, in assert_array_equal
    assert_array_compare(operator.__eq__, actual, desired, err_msg=err_msg,
    ~~~~~~~~~~~~~~~~~~~~^^^^^^^^^^^^^^^^^^^^^^^^^^^^^^^^^^^^^^^^^^^^^^^^^^^
                         verbose=verbose, header='Arrays are not equal',
                         ^^^^^^^^^^^^^^^^^^^^^^^^^^^^^^^^^^^^^^^^^^^^^^^
                         strict=strict)
                         ^^^^^^^^^^^^^^
  File "/home/npc/miniconda/lib/python3.13/site-packages/numpy/testing/_private/utils.py", line 916, in assert_array_compare
    raise AssertionError(msg)
AssertionError: 
Arrays are not equal
cumsum modified the input array!
Mismatched elements: 1 / 5 (20%)
Max absolute difference among violations: 1
Max relative difference among violations: 1.
 ACTUAL: array([1, 1, 0, 1, 1])
 DESIRED: array([1, 1, 1, 1, 1])
Falsifying example: test_cumsum_should_not_mutate_input(
    values=array([1, 1, 1, 1, 1]),
)
Explanation:
    These lines were always and only run by failing examples:
        /home/npc/miniconda/lib/python3.13/site-packages/numpy/_core/arrayprint.py:1009
        /home/npc/miniconda/lib/python3.13/site-packages/numpy/_core/arrayprint.py:1010
        /home/npc/miniconda/lib/python3.13/site-packages/numpy/_core/arrayprint.py:1093
        /home/npc/miniconda/lib/python3.13/site-packages/numpy/_core/arrayprint.py:1615
        /home/npc/miniconda/lib/python3.13/site-packages/numpy/testing/_private/utils.py:862
        (and 4 more with settings.verbosity >= verbose)
