============================= test session starts ==============================
platform linux -- Python 3.13.2, pytest-8.4.1, pluggy-1.5.0 -- /home/npc/miniconda/bin/python3
cachedir: .pytest_cache
hypothesis profile 'default'
rootdir: /home/npc/pbt/agentic-pbt/worker_/26
plugins: anyio-4.9.0, hypothesis-6.139.1, asyncio-1.2.0, langsmith-0.4.29
asyncio: mode=Mode.STRICT, debug=False, asyncio_default_fixture_loop_scope=None, asyncio_default_test_loop_scope=function
collecting ... collected 1 item

hypo.py::test_call_repr_with_callable_object FAILED

=================================== FAILURES ===================================
_____________________ test_call_repr_with_callable_object ______________________

    @given(st.integers())
>   def test_call_repr_with_callable_object(value):
                   ^^^

hypo.py:5: 
_ _ _ _ _ _ _ _ _ _ _ _ _ _ _ _ _ _ _ _ _ _ _ _ _ _ _ _ _ _ _ _ _ _ _ _ _ _ _ _ 
hypo.py:11: in test_call_repr_with_callable_object
    repr_str = repr(action)
               ^^^^^^^^^^^^
_ _ _ _ _ _ _ _ _ _ _ _ _ _ _ _ _ _ _ _ _ _ _ _ _ _ _ _ _ _ _ _ _ _ _ _ _ _ _ _ 

>   ???
E   AttributeError: 'MyCallable' object has no attribute '__name__'. Did you mean: '__ne__'?
E   Falsifying example: test_call_repr_with_callable_object(
E       value=0,
E   )

Cython/Plex/Actions.py:46: AttributeError
=========================== short test summary info ============================
FAILED hypo.py::test_call_repr_with_callable_object - AttributeError: 'MyCall...
!!!!!!!!!!!!!!!!!!!!!!!!!! stopping after 1 failures !!!!!!!!!!!!!!!!!!!!!!!!!!!
============================== 1 failed in 0.13s ===============================
