Traceback (most recent call last):
  File "/home/npc/pbt/agentic-pbt/worker_/35/hypo.py", line 20, in test_rolling_step_validation
    result = rolling.mean()
  File "/home/npc/miniconda/lib/python3.13/site-packages/pandas/core/window/rolling.py", line 2259, in mean
    return super().mean(
           ~~~~~~~~~~~~^
        numeric_only=numeric_only,
        ^^^^^^^^^^^^^^^^^^^^^^^^^^
        engine=engine,
        ^^^^^^^^^^^^^^
        engine_kwargs=engine_kwargs,
        ^^^^^^^^^^^^^^^^^^^^^^^^^^^^
    )
    ^
  File "/home/npc/miniconda/lib/python3.13/site-packages/pandas/core/window/rolling.py", line 1625, in mean
    return self._apply(window_func, name="mean", numeric_only=numeric_only)
           ~~~~~~~~~~~^^^^^^^^^^^^^^^^^^^^^^^^^^^^^^^^^^^^^^^^^^^^^^^^^^^^^
  File "/home/npc/miniconda/lib/python3.13/site-packages/pandas/core/window/rolling.py", line 619, in _apply
    return self._apply_columnwise(homogeneous_func, name, numeric_only)
           ~~~~~~~~~~~~~~~~~~~~~~^^^^^^^^^^^^^^^^^^^^^^^^^^^^^^^^^^^^^^
  File "/home/npc/miniconda/lib/python3.13/site-packages/pandas/core/window/rolling.py", line 494, in _apply_columnwise
    res = homogeneous_func(arr)
  File "/home/npc/miniconda/lib/python3.13/site-packages/pandas/core/window/rolling.py", line 614, in homogeneous_func
    result = calc(values)
  File "/home/npc/miniconda/lib/python3.13/site-packages/pandas/core/window/rolling.py", line 602, in calc
    start, end = window_indexer.get_window_bounds(
                 ~~~~~~~~~~~~~~~~~~~~~~~~~~~~~~~~^
        num_values=len(x),
        ^^^^^^^^^^^^^^^^^^
    ...<3 lines>...
        step=self.step,
        ^^^^^^^^^^^^^^^
    )
    ^
  File "/home/npc/miniconda/lib/python3.13/site-packages/pandas/core/indexers/objects.py", line 110, in get_window_bounds
    end = np.arange(1 + offset, num_values + 1 + offset, step, dtype="int64")
ZeroDivisionError: division by zero

During handling of the above exception, another exception occurred:

Traceback (most recent call last):
  File "/home/npc/pbt/agentic-pbt/worker_/35/hypo.py", line 40, in <module>
    test_rolling_step_validation()
    ~~~~~~~~~~~~~~~~~~~~~~~~~~~~^^
  File "/home/npc/pbt/agentic-pbt/worker_/35/hypo.py", line 6, in test_rolling_step_validation
    @given(
    
  File "/home/npc/miniconda/lib/python3.13/site-packages/hypothesis/core.py", line 2124, in wrapped_test
    raise the_error_hypothesis_found
  File "/home/npc/pbt/agentic-pbt/worker_/35/hypo.py", line 34, in test_rolling_step_validation
    raise AssertionError(
        f"step={step} passed validation but crashed during computation with ZeroDivisionError: {e}"
    )
AssertionError: step=0 passed validation but crashed during computation with ZeroDivisionError: division by zero
Falsifying example: test_rolling_step_validation(
    data=[0.0, 0.0, 0.0, 0.0, 0.0],  # or any other generated value
    step=0,
)
Explanation:
    These lines were always and only run by failing examples:
        /home/npc/pbt/agentic-pbt/worker_/35/hypo.py:22
