Traceback (most recent call last):
  File "/home/npc/pbt/agentic-pbt/worker_/49/hypo.py", line 22, in <module>
    test_factorize_round_trip()
    ~~~~~~~~~~~~~~~~~~~~~~~~~^^
  File "/home/npc/pbt/agentic-pbt/worker_/49/hypo.py", line 6, in test_factorize_round_trip
    def test_factorize_round_trip(values):
                   ^^^
  File "/home/npc/miniconda/lib/python3.13/site-packages/hypothesis/core.py", line 2124, in wrapped_test
    raise the_error_hypothesis_found
  File "/home/npc/pbt/agentic-pbt/worker_/49/hypo.py", line 17, in test_factorize_round_trip
    assert all(a == b for a, b in zip(reconstructed, original_without_na))
           ~~~^^^^^^^^^^^^^^^^^^^^^^^^^^^^^^^^^^^^^^^^^^^^^^^^^^^^^^^^^^^^
AssertionError
Falsifying example: test_factorize_round_trip(
    values=['', '\x000'],
)
Test failed!

Testing specific failing case: ['', '\x000']
Specific test failed: reconstructed values don't match originals
  Original: [np.str_(''), np.str_('\x000')]
  Reconstructed: [np.str_(''), np.str_('')]
