  + Exception Group Traceback (most recent call last):
  |   File "/home/npc/pbt/agentic-pbt/worker_/25/hypo.py", line 25, in <module>
  |     test_comparison_reflexivity()
  |     ~~~~~~~~~~~~~~~~~~~~~~~~~~~^^
  |   File "/home/npc/pbt/agentic-pbt/worker_/25/hypo.py", line 11, in test_comparison_reflexivity
  |     version_module.Infinity,
  |                ^^^
  |   File "/home/npc/pbt/agentic-pbt/envs/pandas_env/lib/python3.13/site-packages/hypothesis/core.py", line 2124, in wrapped_test
  |     raise the_error_hypothesis_found
  | ExceptionGroup: Hypothesis found 2 distinct failures. (2 sub-exceptions)
  +-+---------------- 1 ----------------
    | Traceback (most recent call last):
    |   File "/home/npc/pbt/agentic-pbt/worker_/25/hypo.py", line 21, in test_comparison_reflexivity
    |     assert x >= x, f"{x} should be >= itself when it equals itself"
    |            ^^^^^^
    | AssertionError: -Infinity should be >= itself when it equals itself
    | Falsifying example: test_comparison_reflexivity(
    |     x=-Infinity,
    | )
    +---------------- 2 ----------------
    | Traceback (most recent call last):
    |   File "/home/npc/pbt/agentic-pbt/worker_/25/hypo.py", line 20, in test_comparison_reflexivity
    |     assert x <= x, f"{x} should be <= itself when it equals itself"
    |            ^^^^^^
    | AssertionError: Infinity should be <= itself when it equals itself
    | Falsifying example: test_comparison_reflexivity(
    |     x=Infinity,
    | )
    +------------------------------------
