Traceback (most recent call last):
  File "/home/npc/pbt/agentic-pbt/worker_/30/hypo.py", line 46, in <module>
    test_extensiondtype_string_equality_implies_hash_equality()
    ~~~~~~~~~~~~~~~~~~~~~~~~~~~~~~~~~~~~~~~~~~~~~~~~~~~~~~~~~^^
  File "/home/npc/pbt/agentic-pbt/worker_/30/hypo.py", line 37, in test_extensiondtype_string_equality_implies_hash_equality
    def test_extensiondtype_string_equality_implies_hash_equality(param):
                   ^^^
  File "/home/npc/miniconda/lib/python3.13/site-packages/hypothesis/core.py", line 2124, in wrapped_test
    raise the_error_hypothesis_found
  File "/home/npc/pbt/agentic-pbt/worker_/30/hypo.py", line 42, in test_extensiondtype_string_equality_implies_hash_equality
    assert hash(dtype) == hash(string_repr)
           ^^^^^^^^^^^^^^^^^^^^^^^^^^^^^^^^
AssertionError
Falsifying example: test_extensiondtype_string_equality_implies_hash_equality(
    param=0,
)
