Traceback (most recent call last):
  File "/home/npc/pbt/agentic-pbt/worker_/35/hypo.py", line 30, in <module>
    test_abstractmethoderror_invalid_methodtype_message()
    ~~~~~~~~~~~~~~~~~~~~~~~~~~~~~~~~~~~~~~~~~~~~~~~~~~~^^
  File "/home/npc/pbt/agentic-pbt/worker_/35/hypo.py", line 11, in test_abstractmethoderror_invalid_methodtype_message
    @settings(max_examples=100)
                   ^^^
  File "/home/npc/miniconda/lib/python3.13/site-packages/hypothesis/core.py", line 2124, in wrapped_test
    raise the_error_hypothesis_found
  File "/home/npc/pbt/agentic-pbt/worker_/35/hypo.py", line 26, in test_abstractmethoderror_invalid_methodtype_message
    assert invalid_methodtype not in msg_start
           ^^^^^^^^^^^^^^^^^^^^^^^^^^^^^^^^^^^
AssertionError
Falsifying example: test_abstractmethoderror_invalid_methodtype_message(
    invalid_methodtype='0',
)
