Test Case 1: data=[1], fill_value=1
Data: [1]
Fill value: 1
Sparse nonzero(): []
Dense nonzero():  [0]
Expected: [0]
Match: False

Test Case 2: data=[2, 2, 0, 2, 5], fill_value=2
Data: [2, 2, 0, 2, 5]
Fill value: 2
Sparse nonzero(): [4]
Dense nonzero():  [0 1 3 4]
Expected: [0 1 3 4]
Match: False

Test Case 3: data=[0, 1, 2, 0, 3], fill_value=0 (should work correctly)
Data: [0, 1, 2, 0, 3]
Fill value: 0
Sparse nonzero(): [1 2 4]
Dense nonzero():  [1 2 4]
Expected: [1 2 4]
Match: True

============================================================
Running assertion checks (will fail for non-zero fill_value)...
============================================================

Traceback (most recent call last):
  File "/home/npc/pbt/agentic-pbt/worker_/45/repo.py", line 58, in <module>
    assert np.array_equal(sparse.nonzero()[0], dense.nonzero()[0]), "Test Case 1 Failed!"
           ~~~~~~~~~~~~~~^^^^^^^^^^^^^^^^^^^^^^^^^^^^^^^^^^^^^^^^^
AssertionError: Test Case 1 Failed!
