Traceback (most recent call last):
  File "/home/npc/pbt/agentic-pbt/worker_/34/hypo.py", line 22, in <module>
    test_sub_name_parameter_isolation()
    ~~~~~~~~~~~~~~~~~~~~~~~~~~~~~~~~~^^
  File "/home/npc/pbt/agentic-pbt/worker_/34/hypo.py", line 12, in test_sub_name_parameter_isolation
    @settings(max_examples=100)
                   ^^^
  File "/home/npc/pbt/agentic-pbt/envs/cython_env/lib/python3.13/site-packages/hypothesis/core.py", line 2124, in wrapped_test
    raise the_error_hypothesis_found
  File "/home/npc/pbt/agentic-pbt/worker_/34/hypo.py", line 19, in test_sub_name_parameter_isolation
    assert result == '', f"__name should not be accessible in template namespace, but got: {repr(result)}"
           ^^^^^^^^^^^^
AssertionError: __name should not be accessible in template namespace, but got: 'A'
Falsifying example: test_sub_name_parameter_isolation(
    template_name='A',  # or any other generated value
)
