Traceback (most recent call last):
  File "/home/npc/pbt/agentic-pbt/worker_/51/hypo.py", line 19, in <module>
    test_substitute_args_override_namespace()
    ~~~~~~~~~~~~~~~~~~~~~~~~~~~~~~~~~~~~~~~^^
  File "/home/npc/pbt/agentic-pbt/worker_/51/hypo.py", line 9, in test_substitute_args_override_namespace
    st.integers(min_value=0, max_value=100),
            ^^^
  File "/home/npc/pbt/agentic-pbt/envs/cython_env/lib/python3.13/site-packages/hypothesis/core.py", line 2124, in wrapped_test
    raise the_error_hypothesis_found
  File "/home/npc/pbt/agentic-pbt/worker_/51/hypo.py", line 16, in test_substitute_args_override_namespace
    assert result == str(substitute_value), f"Expected {substitute_value}, got {result}"
           ^^^^^^^^^^^^^^^^^^^^^^^^^^^^^^^
AssertionError: Expected 101, got 0
Falsifying example: test_substitute_args_override_namespace(
    # The test always failed when commented parts were varied together.
    var_name='A',  # or any other generated value
    namespace_value=0,  # or any other generated value
    substitute_value=101,  # or any other generated value
)
