Traceback (most recent call last):
  File "/home/npc/pbt/agentic-pbt/worker_/38/hypo.py", line 40, in <module>
    test_pyimport_compiles_all_modules()
    ~~~~~~~~~~~~~~~~~~~~~~~~~~~~~~~~~~^^
  File "/home/npc/pbt/agentic-pbt/worker_/38/hypo.py", line 9, in test_pyimport_compiles_all_modules
    def test_pyimport_compiles_all_modules(num_modules):
                   ^^^
  File "/home/npc/miniconda/lib/python3.13/site-packages/hypothesis/core.py", line 2124, in wrapped_test
    raise the_error_hypothesis_found
  File "/home/npc/pbt/agentic-pbt/worker_/38/hypo.py", line 32, in test_pyimport_compiles_all_modules
    assert compiled_count == num_modules, f"Expected all {num_modules} modules to be compiled, only {compiled_count} were"
           ^^^^^^^^^^^^^^^^^^^^^^^^^^^^^
AssertionError: Expected all 2 modules to be compiled, only 1 were
Falsifying example: test_pyimport_compiles_all_modules(
    num_modules=2,
)
