  + Exception Group Traceback (most recent call last):
  |   File "/home/npc/pbt/agentic-pbt/worker_/22/hypo.py", line 23, in <module>
  |     test_syntaxerror_includes_position()
  |     ~~~~~~~~~~~~~~~~~~~~~~~~~~~~~~~~~~^^
  |   File "/home/npc/pbt/agentic-pbt/worker_/22/hypo.py", line 8, in test_syntaxerror_includes_position
  |     def test_syntaxerror_includes_position(expr):
  |                    ^^^
  |   File "/home/npc/pbt/agentic-pbt/envs/cython_env/lib/python3.13/site-packages/hypothesis/core.py", line 2124, in wrapped_test
  |     raise the_error_hypothesis_found
  | ExceptionGroup: Hypothesis found 2 distinct failures. (2 sub-exceptions)
  +-+---------------- 1 ----------------
    | Traceback (most recent call last):
    |   File "/home/npc/pbt/agentic-pbt/worker_/22/hypo.py", line 15, in test_syntaxerror_includes_position
    |     template.substitute({})
    |     ~~~~~~~~~~~~~~~~~~~^^^^
    |   File "Cython/Tempita/_tempita.py", line 186, in Cython.Tempita._tempita.Template.substitute
    |   File "Cython/Tempita/_tempita.py", line 197, in Cython.Tempita._tempita.Template._interpret
    |   File "Cython/Tempita/_tempita.py", line 225, in Cython.Tempita._tempita.Template._interpret_codes
    |   File "Cython/Tempita/_tempita.py", line 245, in Cython.Tempita._tempita.Template._interpret_code
    |   File "Cython/Tempita/_tempita.py", line 318, in Cython.Tempita._tempita.Template._eval
    |   File "Cython/Tempita/_tempita.py", line 307, in Cython.Tempita._tempita.Template._eval
    |   File "<string>", line 1, in <module>
    | ZeroDivisionError: division by zero at line 3 column 3
    | Falsifying example: test_syntaxerror_includes_position(
    |     expr='0/0',
    | )
    | Explanation:
    |     These lines were always and only run by failing examples:
    |         /home/npc/pbt/agentic-pbt/worker_/22/hypo.py:16
    +---------------- 2 ----------------
    | Traceback (most recent call last):
    |   File "Cython/Tempita/_tempita.py", line 307, in Cython.Tempita._tempita.Template._eval
    |   File "<string>", line 1
    |     /
    |     ^
    | SyntaxError: invalid syntax
    | 
    | During handling of the above exception, another exception occurred:
    | 
    | Traceback (most recent call last):
    |   File "/home/npc/pbt/agentic-pbt/worker_/22/hypo.py", line 15, in test_syntaxerror_includes_position
    |     template.substitute({})
    |     ~~~~~~~~~~~~~~~~~~~^^^^
    |   File "Cython/Tempita/_tempita.py", line 186, in Cython.Tempita._tempita.Template.substitute
    |   File "Cython/Tempita/_tempita.py", line 197, in Cython.Tempita._tempita.Template._interpret
    |   File "Cython/Tempita/_tempita.py", line 225, in Cython.Tempita._tempita.Template._interpret_codes
    |   File "Cython/Tempita/_tempita.py", line 245, in Cython.Tempita._tempita.Template._interpret_code
    |   File "Cython/Tempita/_tempita.py", line 318, in Cython.Tempita._tempita.Template._eval
    |   File "Cython/Tempita/_tempita.py", line 309, in Cython.Tempita._tempita.Template._eval
    | SyntaxError: invalid syntax in expression: /
    | 
    | During handling of the above exception, another exception occurred:
    | 
    | Traceback (most recent call last):
    |   File "/home/npc/pbt/agentic-pbt/worker_/22/hypo.py", line 18, in test_syntaxerror_includes_position
    |     assert 'line' in error_msg.lower() and 'column' in error_msg.lower(), \
    |            ^^^^^^^^^^^^^^^^^^^^^^^^^^^^^^^^^^^^^^^^^^^^^^^^^^^^^^^^^^^^^
    | AssertionError: SyntaxError message lacks position info: 'invalid syntax in expression: /'
    | Falsifying example: test_syntaxerror_includes_position(
    |     expr='/',
    | )
    | Explanation:
    |     These lines were always and only run by failing examples:
    |         /home/npc/pbt/agentic-pbt/worker_/22/hypo.py:16
    +------------------------------------
