Traceback (most recent call last):
  File "/home/npc/pbt/agentic-pbt/worker_/43/hypo.py", line 30, in <module>
    test_get_extension_attr_falsy_bug()
    ~~~~~~~~~~~~~~~~~~~~~~~~~~~~~~~~~^^
  File "/home/npc/pbt/agentic-pbt/worker_/43/hypo.py", line 7, in test_get_extension_attr_falsy_bug
    st.one_of(st.just(0), st.just(False), st.just(""), st.just([]))
               ^^^
  File "/home/npc/miniconda/lib/python3.13/site-packages/hypothesis/core.py", line 2124, in wrapped_test
    raise the_error_hypothesis_found
  File "/home/npc/pbt/agentic-pbt/worker_/43/hypo.py", line 26, in test_get_extension_attr_falsy_bug
    assert result == falsy_value, f"Expected {repr(falsy_value)}, got {repr(result)}"
           ^^^^^^^^^^^^^^^^^^^^^
AssertionError: Expected 0, got 'extension_value'
Falsifying example: test_get_extension_attr_falsy_bug(
    falsy_value=0,
)
