Traceback (most recent call last):
  File "/home/npc/pbt/agentic-pbt/worker_/48/hypo.py", line 36, in <module>
    test_get_extension_attr_falsy_command_values()
    ~~~~~~~~~~~~~~~~~~~~~~~~~~~~~~~~~~~~~~~~~~~~^^
  File "/home/npc/pbt/agentic-pbt/worker_/48/hypo.py", line 6, in test_get_extension_attr_falsy_command_values
    cmd_value=st.one_of(
               ^^^
  File "/home/npc/miniconda/lib/python3.13/site-packages/hypothesis/core.py", line 2124, in wrapped_test
    raise the_error_hypothesis_found
  File "/home/npc/pbt/agentic-pbt/worker_/48/hypo.py", line 32, in test_get_extension_attr_falsy_command_values
    assert result == cmd_value, \
           ^^^^^^^^^^^^^^^^^^^
AssertionError: Expected get_extension_attr to return command value 0, but got 1
Falsifying example: test_get_extension_attr_falsy_command_values(
    cmd_value=0,  # or any other generated value
    ext_value=1,  # or any other generated value
)
