Traceback (most recent call last):
  File "/home/npc/pbt/agentic-pbt/worker_/63/hypo.py", line 29, in <module>
    test_is_valid_tag_matches_xml_validity()
    ~~~~~~~~~~~~~~~~~~~~~~~~~~~~~~~~~~~~~~^^
  File "/home/npc/pbt/agentic-pbt/worker_/63/hypo.py", line 10, in test_is_valid_tag_matches_xml_validity
    @settings(max_examples=1000)
                   ^^^
  File "/home/npc/pbt/agentic-pbt/envs/cython_env/lib/python3.13/site-packages/hypothesis/core.py", line 2124, in wrapped_test
    raise the_error_hypothesis_found
  File "/home/npc/pbt/agentic-pbt/worker_/63/hypo.py", line 23, in test_is_valid_tag_matches_xml_validity
    raise AssertionError(
    ...<2 lines>...
    )
AssertionError: is_valid_tag('') returned True, but XML rejected it as invalid tag
Falsifying example: test_is_valid_tag_matches_xml_validity(
    tag_name='',
)
Explanation:
    These lines were always and only run by failing examples:
        /home/npc/pbt/agentic-pbt/worker_/63/hypo.py:19
        /home/npc/pbt/agentic-pbt/worker_/63/hypo.py:23
