Traceback (most recent call last):
  File "/home/npc/pbt/agentic-pbt/worker_/44/hypo.py", line 15, in test_rawcoderange_str_method
    str_repr = str(rcr)
  File "/home/npc/miniconda/lib/python3.13/site-packages/Cython/Plex/Regexps.py", line 149, in __str__
    return self.calc_str()
           ~~~~~~~~~~~~~^^
  File "/home/npc/miniconda/lib/python3.13/site-packages/Cython/Plex/Regexps.py", line 224, in calc_str
    return "CodeRange(%d,%d)" % (self.code1, self.code2)
                                 ^^^^^^^^^^
AttributeError: 'RawCodeRange' object has no attribute 'code1'

During handling of the above exception, another exception occurred:

Traceback (most recent call last):
  File "/home/npc/pbt/agentic-pbt/worker_/44/hypo.py", line 22, in <module>
    test_rawcoderange_str_method()
    ~~~~~~~~~~~~~~~~~~~~~~~~~~~~^^
  File "/home/npc/pbt/agentic-pbt/worker_/44/hypo.py", line 6, in test_rawcoderange_str_method
    st.integers(min_value=0, max_value=200))
            ^^^
  File "/home/npc/miniconda/lib/python3.13/site-packages/hypothesis/core.py", line 2124, in wrapped_test
    raise the_error_hypothesis_found
  File "/home/npc/pbt/agentic-pbt/worker_/44/hypo.py", line 19, in test_rawcoderange_str_method
    pytest.fail(f"RawCodeRange.calc_str references non-existent attributes: {e}")
    ~~~~~~~~~~~^^^^^^^^^^^^^^^^^^^^^^^^^^^^^^^^^^^^^^^^^^^^^^^^^^^^^^^^^^^^^^^^^^
  File "/home/npc/miniconda/lib/python3.13/site-packages/_pytest/outcomes.py", line 177, in fail
    raise Failed(msg=reason, pytrace=pytrace)
Failed: RawCodeRange.calc_str references non-existent attributes: 'RawCodeRange' object has no attribute 'code1'
Falsifying example: test_rawcoderange_str_method(
    code1=0,
    code2=1,
)
Explanation:
    These lines were always and only run by failing examples:
        /home/npc/pbt/agentic-pbt/worker_/44/hypo.py:12
