============================= test session starts ==============================
platform linux -- Python 3.13.2, pytest-8.4.1, pluggy-1.5.0 -- /home/npc/miniconda/bin/python3
cachedir: .pytest_cache
hypothesis profile 'default'
rootdir: /home/npc/pbt/agentic-pbt/worker_/7
plugins: anyio-4.9.0, hypothesis-6.139.1, asyncio-1.2.0, langsmith-0.4.29
asyncio: mode=Mode.STRICT, debug=False, asyncio_default_fixture_loop_scope=None, asyncio_default_test_loop_scope=function
collecting ... collected 1 item

hypo.py::test_extended_iglob_no_warnings FAILED                          [100%]

=================================== FAILURES ===================================
_______________________ test_extended_iglob_no_warnings ________________________

    @given(st.text(alphabet='abcdefghijklmnopqrstuvwxyz/*', min_size=5, max_size=50))
>   @settings(max_examples=500)
                   ^^^

hypo.py:7: 
_ _ _ _ _ _ _ _ _ _ _ _ _ _ _ _ _ _ _ _ _ _ _ _ _ _ _ _ _ _ _ _ _ _ _ _ _ _ _ _ 

pattern = 'a**/a'

    @given(st.text(alphabet='abcdefghijklmnopqrstuvwxyz/*', min_size=5, max_size=50))
    @settings(max_examples=500)
    def test_extended_iglob_no_warnings(pattern):
        with warnings.catch_warnings(record=True) as w:
            warnings.simplefilter("always")
            list(extended_iglob(pattern))
>           assert len(w) == 0, f"extended_iglob should not generate warnings: {[str(x.message) for x in w]}"
E           AssertionError: extended_iglob should not generate warnings: ["'maxsplit' is passed as positional argument"]
E           assert 1 == 0
E            +  where 1 = len([<warnings.WarningMessage object at 0x75d8837d2990>])
E           Falsifying example: test_extended_iglob_no_warnings(
E               pattern='a**/a',
E           )
E           Explanation:
E               These lines were always and only run by failing examples:
E                   /home/npc/miniconda/lib/python3.13/site-packages/Cython/Build/Dependencies.py:54

hypo.py:12: AssertionError
=========================== short test summary info ============================
FAILED hypo.py::test_extended_iglob_no_warnings - AssertionError: extended_ig...
============================== 1 failed in 0.40s ===============================
