Traceback (most recent call last):
  File "/home/npc/pbt/agentic-pbt/worker_/41/hypo.py", line 19, in <module>
    test_looper_odd_even_properties()
    ~~~~~~~~~~~~~~~~~~~~~~~~~~~~~~~^^
  File "/home/npc/pbt/agentic-pbt/worker_/41/hypo.py", line 6, in test_looper_odd_even_properties
    def test_looper_odd_even_properties(seq):
                   ^^^
  File "/home/npc/miniconda/lib/python3.13/site-packages/hypothesis/core.py", line 2124, in wrapped_test
    raise the_error_hypothesis_found
  File "/home/npc/pbt/agentic-pbt/worker_/41/hypo.py", line 11, in test_looper_odd_even_properties
    assert loop_obj.even == True
           ^^^^^^^^^^^^^^^^^^^^^
AssertionError
Falsifying example: test_looper_odd_even_properties(
    seq=[0],  # or any other generated value
)
