Traceback (most recent call last):
  File "/home/npc/pbt/agentic-pbt/worker_/1/hypo.py", line 28, in <module>
    test_get_extension_attr_builder_takes_precedence()
    ~~~~~~~~~~~~~~~~~~~~~~~~~~~~~~~~~~~~~~~~~~~~~~~~^^
  File "/home/npc/pbt/agentic-pbt/worker_/1/hypo.py", line 8, in test_get_extension_attr_builder_takes_precedence
    st.one_of(st.integers(), st.booleans(), st.lists(st.text()), st.dictionaries(st.text(), st.integers())),
               ^^^
  File "/home/npc/miniconda/lib/python3.13/site-packages/hypothesis/core.py", line 2124, in wrapped_test
    raise the_error_hypothesis_found
  File "/home/npc/pbt/agentic-pbt/worker_/1/hypo.py", line 24, in test_get_extension_attr_builder_takes_precedence
    assert result == builder_value, f"Expected {builder_value}, got {result}"
           ^^^^^^^^^^^^^^^^^^^^^^^
AssertionError: Expected 0, got True
Falsifying example: test_get_extension_attr_builder_takes_precedence(
    # The test always failed when commented parts were varied together.
    builder_value=0,  # or any other generated value
    ext_value=True,  # or any other generated value
)
