Traceback (most recent call last):
  File "/home/npc/pbt/agentic-pbt/worker_/42/hypo.py", line 23, in <module>
    test_html_entity_completeness()
    ~~~~~~~~~~~~~~~~~~~~~~~~~~~~~^^
  File "/home/npc/pbt/agentic-pbt/worker_/42/hypo.py", line 7, in test_html_entity_completeness
    def test_html_entity_completeness(line_with_spaces):
                   ^^^
  File "/home/npc/miniconda/lib/python3.13/site-packages/hypothesis/core.py", line 2124, in wrapped_test
    raise the_error_hypothesis_found
  File "/home/npc/pbt/agentic-pbt/worker_/42/hypo.py", line 13, in test_html_entity_completeness
    raise AssertionError(
    ...<4 lines>...
    )
AssertionError: Incomplete HTML entity found. Missing semicolon in &nbsp entity. Input: ' ', Output: &nbsp
Falsifying example: test_html_entity_completeness(
    line_with_spaces=' ',
)
