Traceback (most recent call last):
  File "/home/npc/pbt/agentic-pbt/worker_/60/hypo.py", line 61, in <module>
    test_or_validator_should_not_mask_name_errors()
    ~~~~~~~~~~~~~~~~~~~~~~~~~~~~~~~~~~~~~~~~~~~~~^^
  File "/home/npc/pbt/agentic-pbt/worker_/60/hypo.py", line 18, in test_or_validator_should_not_mask_name_errors
    def test_or_validator_should_not_mask_name_errors(value):
                   ^^^
  File "/home/npc/pbt/agentic-pbt/envs/attrs_env/lib/python3.13/site-packages/hypothesis/core.py", line 2124, in wrapped_test
    raise the_error_hypothesis_found
  File "/home/npc/pbt/agentic-pbt/worker_/60/hypo.py", line 55, in test_or_validator_should_not_mask_name_errors
    assert False, "NameError was silently caught"
           ^^^^^
AssertionError: NameError was silently caught
Falsifying example: test_or_validator_should_not_mask_name_errors(
    value=0,  # or any other generated value
)
