Traceback (most recent call last):
  File "/home/npc/pbt/agentic-pbt/worker_/55/hypo.py", line 18, in <module>
    test_evolve_preserves_converted_values()
    ~~~~~~~~~~~~~~~~~~~~~~~~~~~~~~~~~~~~~~^^
  File "/home/npc/pbt/agentic-pbt/worker_/55/hypo.py", line 6, in test_evolve_preserves_converted_values
    def test_evolve_preserves_converted_values(value):
                   ^^^
  File "/home/npc/miniconda/lib/python3.13/site-packages/hypothesis/core.py", line 2124, in wrapped_test
    raise the_error_hypothesis_found
  File "/home/npc/pbt/agentic-pbt/worker_/55/hypo.py", line 15, in test_evolve_preserves_converted_values
    assert evolved.x == original.x
           ^^^^^^^^^^^^^^^^^^^^^^^
AssertionError
Falsifying example: test_evolve_preserves_converted_values(
    value=1,
)
