Traceback (most recent call last):
  File "/home/npc/pbt/agentic-pbt/worker_/48/hypo.py", line 10, in test_cmp_using_error_message_grammar
    cmp_using(lt=lt_func)
    ~~~~~~~~~^^^^^^^^^^^^
  File "/home/npc/pbt/agentic-pbt/envs/attrs_env/lib/python3.13/site-packages/attr/_cmp.py", line 106, in cmp_using
    raise ValueError(msg)
ValueError: eq must be define is order to complete ordering from lt, le, gt, ge.

During handling of the above exception, another exception occurred:

Traceback (most recent call last):
  File "/home/npc/pbt/agentic-pbt/worker_/48/hypo.py", line 18, in <module>
    test_cmp_using_error_message_grammar()
    ~~~~~~~~~~~~~~~~~~~~~~~~~~~~~~~~~~~~^^
  File "/home/npc/pbt/agentic-pbt/worker_/48/hypo.py", line 8, in test_cmp_using_error_message_grammar
    def test_cmp_using_error_message_grammar(lt_func):
                   ^^^
  File "/home/npc/pbt/agentic-pbt/envs/attrs_env/lib/python3.13/site-packages/hypothesis/core.py", line 2124, in wrapped_test
    raise the_error_hypothesis_found
  File "/home/npc/pbt/agentic-pbt/worker_/48/hypo.py", line 14, in test_cmp_using_error_message_grammar
    assert "must be defined in order" in error_msg, \
           ^^^^^^^^^^^^^^^^^^^^^^^^^^^^^^^^^^^^^^^
AssertionError: Error message has typos: eq must be define is order to complete ordering from lt, le, gt, ge.
Falsifying example: test_cmp_using_error_message_grammar(
    lt_func=lambda a, b: a < b,
)
