Traceback (most recent call last):
  File "/home/npc/pbt/agentic-pbt/worker_/44/hypo.py", line 24, in test_plugin_wrong_tuple_size_error_message
    validator = PluggableSchemaValidator(
        schema, schema_type, schema_type_path, schema_kind, None, [BadPlugin()], {}
    )
  File "/home/npc/miniconda/lib/python3.13/site-packages/pydantic/plugin/_schema_validator.py", line 75, in __init__
    p, j, s = plugin.new_schema_validator(
    ^^^^^^^
ValueError: not enough values to unpack (expected 3, got 0)

During handling of the above exception, another exception occurred:

Traceback (most recent call last):
  File "/home/npc/pbt/agentic-pbt/worker_/44/hypo.py", line 43, in <module>
    test_plugin_wrong_tuple_size_error_message()
    ~~~~~~~~~~~~~~~~~~~~~~~~~~~~~~~~~~~~~~~~~~^^
  File "/home/npc/pbt/agentic-pbt/worker_/44/hypo.py", line 10, in test_plugin_wrong_tuple_size_error_message
    @settings(max_examples=50)
                   ^^^
  File "/home/npc/miniconda/lib/python3.13/site-packages/hypothesis/core.py", line 2124, in wrapped_test
    raise the_error_hypothesis_found
  File "/home/npc/pbt/agentic-pbt/worker_/44/hypo.py", line 34, in test_plugin_wrong_tuple_size_error_message
    raise AssertionError(
    ...<4 lines>...
    )
AssertionError: BUG: Exception doesn't identify which plugin failed!
Tuple size: 0
Exception type: ValueError
Message: not enough values to unpack (expected 3, got 0)
Falsifying example: test_plugin_wrong_tuple_size_error_message(
    tuple_size=0,
)
