Traceback (most recent call last):
  File "/home/npc/pbt/agentic-pbt/worker_/26/hypo.py", line 33, in <module>
    test_abstractmethoderror_correct_error_format()
    ~~~~~~~~~~~~~~~~~~~~~~~~~~~~~~~~~~~~~~~~~~~~~^^
  File "/home/npc/pbt/agentic-pbt/worker_/26/hypo.py", line 7, in test_abstractmethoderror_correct_error_format
    invalid_methodtype=st.text(min_size=1).filter(
               ^^^
  File "/home/npc/miniconda/lib/python3.13/site-packages/hypothesis/core.py", line 2124, in wrapped_test
    raise the_error_hypothesis_found
  File "/home/npc/pbt/agentic-pbt/worker_/26/hypo.py", line 25, in test_abstractmethoderror_correct_error_format
    assert invalid_methodtype not in first_part, (
           ^^^^^^^^^^^^^^^^^^^^^^^^^^^^^^^^^^^^
AssertionError: Bug: The invalid methodtype '0' should not be in 'methodtype must be one of X' part. Got: methodtype must be one of 0, got {'staticmethod', 'classmethod', 'method', 'property'} instead.
Falsifying example: test_abstractmethoderror_correct_error_format(
    invalid_methodtype='0',
)
