Traceback (most recent call last):
  File "/home/npc/pbt/agentic-pbt/worker_/33/hypo.py", line 13, in <module>
    test_bytesize_precision_loss()
    ~~~~~~~~~~~~~~~~~~~~~~~~~~~~^^
  File "/home/npc/pbt/agentic-pbt/worker_/33/hypo.py", line 6, in test_bytesize_precision_loss
    def test_bytesize_precision_loss(scalar):
                   ^^^
  File "/home/npc/miniconda/lib/python3.13/site-packages/hypothesis/core.py", line 2124, in wrapped_test
    raise the_error_hypothesis_found
  File "/home/npc/pbt/agentic-pbt/worker_/33/hypo.py", line 9, in test_bytesize_precision_loss
    assert result == scalar, f"ByteSize lost precision: {scalar}b -> {bs} -> {result}b"
           ^^^^^^^^^^^^^^^^
AssertionError: ByteSize lost precision: 0.5b -> 0 -> 0.0b
Falsifying example: test_bytesize_precision_loss(
    scalar=0.5,  # or any other generated value
)
