  + Exception Group Traceback (most recent call last):
  |   File "/home/npc/pbt/agentic-pbt/worker_/16/hypo.py", line 20, in <module>
  |     test_load_static_files_cache_mutation()
  |     ~~~~~~~~~~~~~~~~~~~~~~~~~~~~~~~~~~~~~^^
  |   File "/home/npc/pbt/agentic-pbt/worker_/16/hypo.py", line 9, in test_load_static_files_cache_mutation
  |     def test_load_static_files_cache_mutation(index):
  |                    ^^^
  |   File "/home/npc/pbt/agentic-pbt/envs/xarray_env/lib/python3.13/site-packages/hypothesis/core.py", line 2124, in wrapped_test
  |     raise the_error_hypothesis_found
  | hypothesis.errors.FlakyFailure: Hypothesis test_load_static_files_cache_mutation(index=0) produces unreliable results: Falsified on the first call but did not on a subsequent one (1 sub-exception)
  | Falsifying example: test_load_static_files_cache_mutation(
  |     index=0,
  | )
  | Failed to reproduce exception. Expected: 
  | Traceback (most recent call last):
  |   File "/home/npc/pbt/agentic-pbt/worker_/16/hypo.py", line 17, in test_load_static_files_cache_mutation
  |     assert result2[0] == original_first_item, "Cache returned mutated result"
  |            ^^^^^^^^^^^^^^^^^^^^^^^^^^^^^^^^^
  | AssertionError: Cache returned mutated result
  | 
  +-+---------------- 1 ----------------
    | Traceback (most recent call last):
    |   File "/home/npc/pbt/agentic-pbt/envs/xarray_env/lib/python3.13/site-packages/hypothesis/core.py", line 1207, in _execute_once_for_engine
    |     result = self.execute_once(data)
    |   File "/home/npc/pbt/agentic-pbt/envs/xarray_env/lib/python3.13/site-packages/hypothesis/core.py", line 1147, in execute_once
    |     result = self.test_runner(data, run)
    |   File "/home/npc/pbt/agentic-pbt/envs/xarray_env/lib/python3.13/site-packages/hypothesis/core.py", line 822, in default_executor
    |     return function(data)
    |   File "/home/npc/pbt/agentic-pbt/envs/xarray_env/lib/python3.13/site-packages/hypothesis/core.py", line 1103, in run
    |     return test(*args, **kwargs)
    |   File "/home/npc/pbt/agentic-pbt/worker_/16/hypo.py", line 9, in test_load_static_files_cache_mutation
    |     def test_load_static_files_cache_mutation(index):
    |                    ^^^^^^^^
    |   File "/home/npc/pbt/agentic-pbt/envs/xarray_env/lib/python3.13/site-packages/hypothesis/core.py", line 1012, in test
    |     result = self.test(*args, **kwargs)
    |   File "/home/npc/pbt/agentic-pbt/worker_/16/hypo.py", line 17, in test_load_static_files_cache_mutation
    |     assert result2[0] == original_first_item, "Cache returned mutated result"
    |            ^^^^^^^^^^^^^^^^^^^^^^^^^^^^^^^^^
    | AssertionError: Cache returned mutated result
    +------------------------------------
