Traceback (most recent call last):
  File "/home/npc/pbt/agentic-pbt/worker_/54/hypo.py", line 17, in <module>
    test_alwaysgt_comparison_properties()
    ~~~~~~~~~~~~~~~~~~~~~~~~~~~~~~~~~~~^^
  File "/home/npc/pbt/agentic-pbt/worker_/54/hypo.py", line 6, in test_alwaysgt_comparison_properties
    def test_alwaysgt_comparison_properties(x):
                   ^^^
  File "/home/npc/miniconda/lib/python3.13/site-packages/hypothesis/core.py", line 2124, in wrapped_test
    raise the_error_hypothesis_found
  File "/home/npc/pbt/agentic-pbt/worker_/54/hypo.py", line 14, in test_alwaysgt_comparison_properties
    assert not (agt > agt2)
           ^^^^^^^^^^^^^^^^
AssertionError
Falsifying example: test_alwaysgt_comparison_properties(
    x=0,
)
