Traceback (most recent call last):
  File "/home/npc/pbt/agentic-pbt/worker_/36/hypo.py", line 30, in <module>
    test_polyval_preserves_all_coefficients()
    ~~~~~~~~~~~~~~~~~~~~~~~~~~~~~~~~~~~~~~~^^
  File "/home/npc/pbt/agentic-pbt/worker_/36/hypo.py", line 7, in test_polyval_preserves_all_coefficients
    coord_data=arrays(
               ^^^
  File "/home/npc/miniconda/lib/python3.13/site-packages/hypothesis/core.py", line 2124, in wrapped_test
    raise the_error_hypothesis_found
  File "/home/npc/pbt/agentic-pbt/worker_/36/hypo.py", line 26, in test_polyval_preserves_all_coefficients
    assert np.allclose(result.values, expected, rtol=1e-10)
           ~~~~~~~~~~~^^^^^^^^^^^^^^^^^^^^^^^^^^^^^^^^^^^^^
AssertionError
Falsifying example: test_polyval_preserves_all_coefficients(
    # The test always failed when commented parts were varied together.
    coord_data=array([1.]),  # or any other generated value
    min_degree=-1,  # or any other generated value
    max_degree=0,  # or any other generated value
)
