/home/npc/pbt/agentic-pbt/envs/xarray_env/lib/python3.13/site-packages/xarray/plot/utils.py:778: RuntimeWarning: invalid value encountered in divide
  darray = ((darray.astype("f8") - vmin) / (vmax - vmin)).astype("f4")
Traceback (most recent call last):
  File "/home/npc/pbt/agentic-pbt/worker_/27/hypo.py", line 17, in <module>
    test_rescale_imshow_rgb_robust()
    ~~~~~~~~~~~~~~~~~~~~~~~~~~~~~~^^
  File "/home/npc/pbt/agentic-pbt/worker_/27/hypo.py", line 9, in test_rescale_imshow_rgb_robust
    @settings(max_examples=500)
                   ^^^
  File "/home/npc/pbt/agentic-pbt/envs/xarray_env/lib/python3.13/site-packages/hypothesis/core.py", line 2124, in wrapped_test
    raise the_error_hypothesis_found
  File "/home/npc/pbt/agentic-pbt/worker_/27/hypo.py", line 13, in test_rescale_imshow_rgb_robust
    assert np.all(result >= 0)
           ~~~~~~^^^^^^^^^^^^^
AssertionError
Falsifying example: test_rescale_imshow_rgb_robust(
    values=[0.0, 0.0, 0.0, 0.0, 0.0, 0.0, 0.0, 0.0, 0.0, 0.0],
)
