============================= test session starts ==============================
platform linux -- Python 3.13.2, pytest-8.4.1, pluggy-1.5.0 -- /home/npc/miniconda/bin/python3
cachedir: .pytest_cache
hypothesis profile 'default'
rootdir: /home/npc/pbt/agentic-pbt/worker_/40
plugins: anyio-4.9.0, hypothesis-6.139.1, asyncio-1.2.0, langsmith-0.4.29
asyncio: mode=Mode.STRICT, debug=False, asyncio_default_fixture_loop_scope=None, asyncio_default_test_loop_scope=function
collecting ... collected 1 item

hypo.py::test_rescale_imshow_rgb_vmin_greater_than_vmax_rejected FAILED  [100%]

=================================== FAILURES ===================================
___________ test_rescale_imshow_rgb_vmin_greater_than_vmax_rejected ____________

    @given(
>       st.floats(allow_nan=False, allow_infinity=False, min_value=0, max_value=1e6),
                   ^^^
        st.floats(allow_nan=False, allow_infinity=False, min_value=0, max_value=1e6)
    )

hypo.py:7: 
_ _ _ _ _ _ _ _ _ _ _ _ _ _ _ _ _ _ _ _ _ _ _ _ _ _ _ _ _ _ _ _ _ _ _ _ _ _ _ _ 

vmin = 1.0, vmax = 0.0

    @given(
        st.floats(allow_nan=False, allow_infinity=False, min_value=0, max_value=1e6),
        st.floats(allow_nan=False, allow_infinity=False, min_value=0, max_value=1e6)
    )
    def test_rescale_imshow_rgb_vmin_greater_than_vmax_rejected(vmin, vmax):
        assume(vmin > vmax)
        darray = np.random.uniform(0, 100, (10, 10, 3)).astype('f8')
    
>       with pytest.raises(ValueError):
             ^^^^^^^^^^^^^^^^^^^^^^^^^
E       Failed: DID NOT RAISE <class 'ValueError'>
E       Falsifying example: test_rescale_imshow_rgb_vmin_greater_than_vmax_rejected(
E           vmin=1.0,  # or any other generated value
E           vmax=0.0,
E       )

hypo.py:14: Failed
=============================== warnings summary ===============================
hypo.py::test_rescale_imshow_rgb_vmin_greater_than_vmax_rejected
hypo.py::test_rescale_imshow_rgb_vmin_greater_than_vmax_rejected
hypo.py::test_rescale_imshow_rgb_vmin_greater_than_vmax_rejected
hypo.py::test_rescale_imshow_rgb_vmin_greater_than_vmax_rejected
  /home/npc/miniconda/lib/python3.13/site-packages/xarray/plot/utils.py:778: RuntimeWarning: overflow encountered in cast
    darray = ((darray.astype("f8") - vmin) / (vmax - vmin)).astype("f4")

hypo.py::test_rescale_imshow_rgb_vmin_greater_than_vmax_rejected
hypo.py::test_rescale_imshow_rgb_vmin_greater_than_vmax_rejected
  /home/npc/miniconda/lib/python3.13/site-packages/xarray/plot/utils.py:778: RuntimeWarning: overflow encountered in divide
    darray = ((darray.astype("f8") - vmin) / (vmax - vmin)).astype("f4")

-- Docs: https://docs.pytest.org/en/stable/how-to/capture-warnings.html
=========================== short test summary info ============================
FAILED hypo.py::test_rescale_imshow_rgb_vmin_greater_than_vmax_rejected - Fai...
======================== 1 failed, 6 warnings in 0.75s =========================
