Traceback (most recent call last):
  File "/home/npc/pbt/agentic-pbt/worker_/31/hypo.py", line 26, in <module>
    test_arange_step_nonzero()
    ~~~~~~~~~~~~~~~~~~~~~~~~^^
  File "/home/npc/pbt/agentic-pbt/worker_/31/hypo.py", line 6, in test_arange_step_nonzero
    start=st.floats(min_value=-1e6, max_value=1e6, allow_nan=False, allow_infinity=False),
               ^^^
  File "/home/npc/miniconda/lib/python3.13/site-packages/hypothesis/core.py", line 2124, in wrapped_test
    raise the_error_hypothesis_found
  File "/home/npc/pbt/agentic-pbt/worker_/31/hypo.py", line 23, in test_arange_step_nonzero
    assert index.size >= 0
           ^^^^^^^^^^^^^^^
AssertionError
Falsifying example: test_arange_step_nonzero(
    start=1.0,
    stop=0.0,
    step=1.0,
)
