/home/npc/miniconda/lib/python3.13/site-packages/xarray/plot/utils.py:778: RuntimeWarning: invalid value encountered in divide
  darray = ((darray.astype("f8") - vmin) / (vmax - vmin)).astype("f4")
Traceback (most recent call last):
  File "/home/npc/pbt/agentic-pbt/worker_/9/hypo.py", line 17, in <module>
    test_rescale_imshow_rgb_with_robust()
    ~~~~~~~~~~~~~~~~~~~~~~~~~~~~~~~~~~~^^
  File "/home/npc/pbt/agentic-pbt/worker_/9/hypo.py", line 7, in test_rescale_imshow_rgb_with_robust
    arr=st.lists(st.floats(min_value=-1e10, max_value=1e10, allow_nan=False, allow_infinity=False), min_size=1, max_size=100),
               ^^^
  File "/home/npc/miniconda/lib/python3.13/site-packages/hypothesis/core.py", line 2124, in wrapped_test
    raise the_error_hypothesis_found
  File "/home/npc/pbt/agentic-pbt/worker_/9/hypo.py", line 13, in test_rescale_imshow_rgb_with_robust
    assert np.all(result >= 0), f"Result has values < 0: {result}"
           ~~~~~~^^^^^^^^^^^^^
AssertionError: Result has values < 0: [nan]
Falsifying example: test_rescale_imshow_rgb_with_robust(
    arr=[0.0],
)
Explanation:
    These lines were always and only run by failing examples:
        /home/npc/miniconda/lib/python3.13/site-packages/numpy/_core/arrayprint.py:1085
        /home/npc/miniconda/lib/python3.13/site-packages/numpy/_core/arrayprint.py:1708
        /home/npc/miniconda/lib/python3.13/site-packages/numpy/lib/_function_base_impl.py:4768
