Traceback (most recent call last):
  File "/home/npc/pbt/agentic-pbt/worker_/26/hypo.py", line 17, in <module>
    test_build_grid_chunks_sum_equals_size()
    ~~~~~~~~~~~~~~~~~~~~~~~~~~~~~~~~~~~~~~^^
  File "/home/npc/pbt/agentic-pbt/worker_/26/hypo.py", line 8, in test_build_grid_chunks_sum_equals_size
    st.integers(min_value=0, max_value=1000),
               ^^^
  File "/home/npc/pbt/agentic-pbt/envs/xarray_env/lib/python3.13/site-packages/hypothesis/core.py", line 2124, in wrapped_test
    raise the_error_hypothesis_found
  File "/home/npc/pbt/agentic-pbt/worker_/26/hypo.py", line 13, in test_build_grid_chunks_sum_equals_size
    assert sum(chunks) == size, \
           ^^^^^^^^^^^^^^^^^^^
AssertionError: sum(chunks)=1 != size=0 for chunks=(1,)
Falsifying example: test_build_grid_chunks_sum_equals_size(
    size=0,
    chunk_size=1,  # or any other generated value
)
Explanation:
    These lines were always and only run by failing examples:
        /home/npc/pbt/agentic-pbt/worker_/26/hypo.py:14
