Traceback (most recent call last):
  File "/home/npc/pbt/agentic-pbt/worker_/51/hypo.py", line 27, in <module>
    test_arange_step_matches_parameter()
    ~~~~~~~~~~~~~~~~~~~~~~~~~~~~~~~~~~^^
  File "/home/npc/pbt/agentic-pbt/worker_/51/hypo.py", line 6, in test_arange_step_matches_parameter
    start=st.floats(min_value=-1e6, max_value=1e6, allow_nan=False, allow_infinity=False),
               ^^^
  File "/home/npc/miniconda/lib/python3.13/site-packages/hypothesis/core.py", line 2124, in wrapped_test
    raise the_error_hypothesis_found
  File "/home/npc/pbt/agentic-pbt/worker_/51/hypo.py", line 24, in test_arange_step_matches_parameter
    assert np.allclose(actual_steps, step, rtol=1e-9)
           ~~~~~~~~~~~^^^^^^^^^^^^^^^^^^^^^^^^^^^^^^^
AssertionError
Falsifying example: test_arange_step_matches_parameter(
    start=0.0,  # or any other generated value
    stop=1.5,
    step=1.0,
)
