  + Exception Group Traceback (most recent call last):
  |   File "/home/npc/pbt/agentic-pbt/worker_/43/hypo.py", line 26, in <module>
  |     test_linspace_num_1_endpoint_true()
  |     ~~~~~~~~~~~~~~~~~~~~~~~~~~~~~~~~~^^
  |   File "/home/npc/pbt/agentic-pbt/worker_/43/hypo.py", line 9, in test_linspace_num_1_endpoint_true
  |     start=st.floats(allow_nan=False, allow_infinity=False, min_value=-1e6, max_value=1e6),
  |                ^^^
  |   File "/home/npc/miniconda/lib/python3.13/site-packages/hypothesis/core.py", line 2062, in wrapped_test
  |     _raise_to_user(errors, state.settings, [], " in explicit examples")
  |     ~~~~~~~~~~~~~~^^^^^^^^^^^^^^^^^^^^^^^^^^^^^^^^^^^^^^^^^^^^^^^^^^^^^
  |   File "/home/npc/miniconda/lib/python3.13/site-packages/hypothesis/core.py", line 1613, in _raise_to_user
  |     raise the_error_hypothesis_found
  | ExceptionGroup: Hypothesis found 2 distinct failures in explicit examples. (2 sub-exceptions)
  +-+---------------- 1 ----------------
    | Traceback (most recent call last):
    |   File "/home/npc/pbt/agentic-pbt/worker_/43/hypo.py", line 16, in test_linspace_num_1_endpoint_true
    |     idx = RangeIndex.linspace(start, stop, num=1, endpoint=True, dim="x")
    |   File "/home/npc/miniconda/lib/python3.13/site-packages/xarray/indexes/range_index.py", line 283, in linspace
    |     stop += (stop - start) / (num - 1)
    |             ~~~~~~~~~~~~~~~^~~~~~~~~~~
    | ZeroDivisionError: float division by zero
    | Falsifying explicit example: test_linspace_num_1_endpoint_true(
    |     start=0.0,
    |     stop=0.0,
    | )
    +---------------- 2 ----------------
    | Traceback (most recent call last):
    |   File "/home/npc/pbt/agentic-pbt/worker_/43/hypo.py", line 16, in test_linspace_num_1_endpoint_true
    |     idx = RangeIndex.linspace(start, stop, num=1, endpoint=True, dim="x")
    |   File "/home/npc/miniconda/lib/python3.13/site-packages/xarray/indexes/range_index.py", line 283, in linspace
    |     stop += (stop - start) / (num - 1)
    |             ~~~~~~~~~~~~~~~^~~~~~~~~~~
    | ZeroDivisionError: float division by zero
    | Falsifying explicit example: test_linspace_num_1_endpoint_true(
    |     start=0.0,
    |     stop=1.0,
    | )
    +------------------------------------
