Traceback (most recent call last):
  File "/home/npc/pbt/agentic-pbt/worker_/25/hypo.py", line 19, in <module>
    test_build_grid_chunks_sum()
    ~~~~~~~~~~~~~~~~~~~~~~~~~~^^
  File "/home/npc/pbt/agentic-pbt/worker_/25/hypo.py", line 5, in test_build_grid_chunks_sum
    size=st.integers(min_value=1, max_value=1000),
               ^^^
  File "/home/npc/miniconda/lib/python3.13/site-packages/hypothesis/core.py", line 2124, in wrapped_test
    raise the_error_hypothesis_found
  File "/home/npc/pbt/agentic-pbt/worker_/25/hypo.py", line 12, in test_build_grid_chunks_sum
    assert sum(chunks) == size, \
           ^^^^^^^^^^^^^^^^^^^
AssertionError: Sum of chunks 3 != size 1 (chunks=(2, 1), chunk_size=2)
Falsifying example: test_build_grid_chunks_sum(
    size=1,
    chunk_size=2,
)
