Traceback (most recent call last):
  File "/home/npc/pbt/agentic-pbt/worker_/30/hypo.py", line 14, in <module>
    test_collapsible_section_escapes_html_in_name()
    ~~~~~~~~~~~~~~~~~~~~~~~~~~~~~~~~~~~~~~~~~~~~~^^
  File "/home/npc/pbt/agentic-pbt/worker_/30/hypo.py", line 5, in test_collapsible_section_escapes_html_in_name
    def test_collapsible_section_escapes_html_in_name(user_input):
                   ^^^
  File "/home/npc/miniconda/lib/python3.13/site-packages/hypothesis/core.py", line 2124, in wrapped_test
    raise the_error_hypothesis_found
  File "/home/npc/pbt/agentic-pbt/worker_/30/hypo.py", line 8, in test_collapsible_section_escapes_html_in_name
    assert '<script>' not in html or '&lt;script&gt;' in html
           ^^^^^^^^^^^^^^^^^^^^^^^^^^^^^^^^^^^^^^^^^^^^^^^^^^
AssertionError
Falsifying example: test_collapsible_section_escapes_html_in_name(
    user_input='<script>',
)
Explanation:
    These lines were always and only run by failing examples:
        /home/npc/pbt/agentic-pbt/worker_/30/hypo.py:8
Test failed!
