Traceback (most recent call last):
  File "/home/npc/pbt/agentic-pbt/worker_/50/hypo.py", line 14, in <module>
    test_build_grid_chunks_sum_invariant()
    ~~~~~~~~~~~~~~~~~~~~~~~~~~~~~~~~~~~~^^
  File "/home/npc/pbt/agentic-pbt/worker_/50/hypo.py", line 5, in test_build_grid_chunks_sum_invariant
    @given(
    
  File "/home/npc/miniconda/lib/python3.13/site-packages/hypothesis/core.py", line 2124, in wrapped_test
    raise the_error_hypothesis_found
  File "/home/npc/pbt/agentic-pbt/worker_/50/hypo.py", line 11, in test_build_grid_chunks_sum_invariant
    assert sum(chunks) == size
           ^^^^^^^^^^^^^^^^^^^
AssertionError
Falsifying example: test_build_grid_chunks_sum_invariant(
    size=1,
    chunk_size=2,
)
