Traceback (most recent call last):
  File "/home/npc/pbt/agentic-pbt/worker_/56/hypo.py", line 22, in <module>
    test_sum_where_matches_numpy()
    ~~~~~~~~~~~~~~~~~~~~~~~~~~~~^^
  File "/home/npc/pbt/agentic-pbt/worker_/56/hypo.py", line 7, in test_sum_where_matches_numpy
    st.lists(st.floats(allow_nan=False, allow_infinity=False, min_value=-1e6, max_value=1e6), min_size=1, max_size=100),
               ^^^
  File "/home/npc/miniconda/lib/python3.13/site-packages/hypothesis/core.py", line 2124, in wrapped_test
    raise the_error_hypothesis_found
  File "/home/npc/pbt/agentic-pbt/worker_/56/hypo.py", line 19, in test_sum_where_matches_numpy
    assert np.isclose(numpy_result, xarray_result), f"numpy: {numpy_result}, xarray: {xarray_result}, data: {data_list[:size]}, where: {where_list[:size]}"
           ~~~~~~~~~~^^^^^^^^^^^^^^^^^^^^^^^^^^^^^
AssertionError: numpy: 0.0, xarray: 1.0, data: [1.0], where: [False]
Falsifying example: test_sum_where_matches_numpy(
    data_list=[1.0],
    where_list=[False],  # or any other generated value
)
