/home/npc/pbt/agentic-pbt/worker_/44/hypo.py:21: FutureWarning: Passing 'b' as positional argument(s) to func was deprecated in version v1.0.0 and will raise an error two releases later. Please pass them as keyword arguments.
  result = func(*args)
Traceback (most recent call last):
  File "/home/npc/pbt/agentic-pbt/worker_/44/hypo.py", line 21, in test_excess_positional_args_should_not_crash
    result = func(*args)
  File "/home/npc/miniconda/lib/python3.13/site-packages/xarray/util/deprecation_helpers.py", line 115, in inner
    kwargs.update(zip_args)
    ~~~~~~~~~~~~~^^^^^^^^^^
ValueError: zip() argument 2 is longer than argument 1

During handling of the above exception, another exception occurred:

Traceback (most recent call last):
  File "/home/npc/pbt/agentic-pbt/worker_/44/hypo.py", line 38, in <module>
    test_excess_positional_args_should_not_crash()
    ~~~~~~~~~~~~~~~~~~~~~~~~~~~~~~~~~~~~~~~~~~~~^^
  File "/home/npc/pbt/agentic-pbt/worker_/44/hypo.py", line 6, in test_excess_positional_args_should_not_crash
    def test_excess_positional_args_should_not_crash(n_extra):
                   ^^^
  File "/home/npc/miniconda/lib/python3.13/site-packages/hypothesis/core.py", line 2124, in wrapped_test
    raise the_error_hypothesis_found
  File "/home/npc/pbt/agentic-pbt/worker_/44/hypo.py", line 30, in test_excess_positional_args_should_not_crash
    raise AssertionError(f"BUG: Decorator raised internal ValueError about zip with {len(args)} args: {e}")
AssertionError: BUG: Decorator raised internal ValueError about zip with 3 args: zip() argument 2 is longer than argument 1
Falsifying example: test_excess_positional_args_should_not_crash(
    n_extra=2,
)
