Traceback (most recent call last):
  File "/home/npc/pbt/agentic-pbt/worker_/18/hypo.py", line 16, in <module>
    test_cache_returns_independent_copies()
    ~~~~~~~~~~~~~~~~~~~~~~~~~~~~~~~~~~~~~^^
  File "/home/npc/pbt/agentic-pbt/worker_/18/hypo.py", line 6, in test_cache_returns_independent_copies
    def test_cache_returns_independent_copies(mutation_value):
                   ^^^
  File "/home/npc/miniconda/lib/python3.13/site-packages/hypothesis/core.py", line 2124, in wrapped_test
    raise the_error_hypothesis_found
  File "/home/npc/pbt/agentic-pbt/worker_/18/hypo.py", line 12, in test_cache_returns_independent_copies
    assert len(call2) == 2
           ^^^^^^^^^^^^^^^
AssertionError
Falsifying example: test_cache_returns_independent_copies(
    mutation_value='',  # or any other generated value
)
