Traceback (most recent call last):
  File "/home/npc/pbt/agentic-pbt/worker_/38/hypo.py", line 22, in test_assert_duckarray_equal_0d_arrays
    assert_duckarray_equal(x_arr, y_arr)
    ~~~~~~~~~~~~~~~~~~~~~~^^^^^^^^^^^^^^
  File "/home/npc/miniconda/lib/python3.13/site-packages/xarray/testing/assertions.py", line 32, in wrapper
    return func(*args, **kwargs)
  File "/home/npc/miniconda/lib/python3.13/site-packages/xarray/testing/assertions.py", line 317, in assert_duckarray_equal
    assert equiv, _format_message(x, y, err_msg=err_msg, verbose=verbose)
                  ~~~~~~~~~~~~~~~^^^^^^^^^^^^^^^^^^^^^^^^^^^^^^^^^^^^^^^^
  File "/home/npc/miniconda/lib/python3.13/site-packages/xarray/testing/assertions.py", line 264, in _format_message
    abs_diff = max(abs(diff))
TypeError: 'numpy.float64' object is not iterable

During handling of the above exception, another exception occurred:

Traceback (most recent call last):
  File "/home/npc/pbt/agentic-pbt/worker_/38/hypo.py", line 41, in <module>
    test_assert_duckarray_equal_0d_arrays.hypothesis.inner_test(x=5.0, y=3.0)
    ~~~~~~~~~~~~~~~~~~~~~~~~~~~~~~~~~~~~~~~~~~~~~~~~~~~~~~~~~~~^^^^^^^^^^^^^^
  File "/home/npc/pbt/agentic-pbt/worker_/38/hypo.py", line 27, in test_assert_duckarray_equal_0d_arrays
    raise AssertionError(
        f"Bug: assert_duckarray_equal crashes on 0-d arrays. Error: {e}"
    )
AssertionError: Bug: assert_duckarray_equal crashes on 0-d arrays. Error: 'numpy.float64' object is not iterable
Running Hypothesis test for 0-dimensional array handling...
============================================================
AssertionError (bug found): Bug: assert_duckarray_equal crashes on 0-d arrays. Error: 'numpy.float64' object is not iterable

Full traceback:
