  + Exception Group Traceback (most recent call last):
  |   File "/home/npc/pbt/agentic-pbt/worker_/5/hypo.py", line 42, in <module>
  |     test_prefix_node_incomplete_as()
  |     ~~~~~~~~~~~~~~~~~~~~~~~~~~~~~~^^
  |   File "/home/npc/pbt/agentic-pbt/worker_/5/hypo.py", line 25, in test_prefix_node_incomplete_as
  |     tag_name=st.text(min_size=1, max_size=10),
  |                ^^^
  |   File "/home/npc/pbt/agentic-pbt/envs/django_env/lib/python3.13/site-packages/hypothesis/core.py", line 2124, in wrapped_test
  |     raise the_error_hypothesis_found
  | ExceptionGroup: Hypothesis found 2 distinct failures. (2 sub-exceptions)
  +-+---------------- 1 ----------------
    | Traceback (most recent call last):
    |   File "/home/npc/pbt/agentic-pbt/worker_/5/hypo.py", line 39, in test_prefix_node_incomplete_as
    |     PrefixNode.handle_token(parser, token, 'STATIC_URL')
    |     ~~~~~~~~~~~~~~~~~~~~~~~^^^^^^^^^^^^^^^^^^^^^^^^^^^^^
    |   File "/home/npc/pbt/agentic-pbt/envs/django_env/lib/python3.13/site-packages/django/templatetags/static.py", line 32, in handle_token
    |     raise template.TemplateSyntaxError(
    |         "First argument in '%s' must be 'as'" % tokens[0]
    |     )
    | django.template.exceptions.TemplateSyntaxError: First argument in '0' must be 'as'
    | Falsifying example: test_prefix_node_incomplete_as(
    |     tag_name='0 0',
    |     varname='0',  # or any other generated value
    | )
    +---------------- 2 ----------------
    | Traceback (most recent call last):
    |   File "/home/npc/pbt/agentic-pbt/worker_/5/hypo.py", line 39, in test_prefix_node_incomplete_as
    |     PrefixNode.handle_token(parser, token, 'STATIC_URL')
    |     ~~~~~~~~~~~~~~~~~~~~~~~^^^^^^^^^^^^^^^^^^^^^^^^^^^^^
    |   File "/home/npc/pbt/agentic-pbt/envs/django_env/lib/python3.13/site-packages/django/templatetags/static.py", line 36, in handle_token
    |     varname = tokens[2]
    |               ~~~~~~^^^
    | IndexError: list index out of range
    | Falsifying example: test_prefix_node_incomplete_as(
    |     # The test always failed when commented parts were varied together.
    |     tag_name='0',  # or any other generated value
    |     varname='0',  # or any other generated value
    | )
    +------------------------------------
