Traceback (most recent call last):
  File "/home/npc/pbt/agentic-pbt/worker_/21/hypo.py", line 18, in <module>
    test_variable_trailing_dot_inconsistency()
    ~~~~~~~~~~~~~~~~~~~~~~~~~~~~~~~~~~~~~~~~^^
  File "/home/npc/pbt/agentic-pbt/worker_/21/hypo.py", line 9, in test_variable_trailing_dot_inconsistency
    def test_variable_trailing_dot_inconsistency(n):
                   ^^^
  File "/home/npc/miniconda/lib/python3.13/site-packages/hypothesis/core.py", line 2124, in wrapped_test
    raise the_error_hypothesis_found
  File "/home/npc/pbt/agentic-pbt/worker_/21/hypo.py", line 14, in test_variable_trailing_dot_inconsistency
    assert False, f'Variable should not have both literal and lookups set'
           ^^^^^
AssertionError: Variable should not have both literal and lookups set
Falsifying example: test_variable_trailing_dot_inconsistency(
    n=0,  # or any other generated value
)
