Traceback (most recent call last):
  File "/home/npc/pbt/agentic-pbt/worker_/37/hypo.py", line 23, in <module>
    test_variable_literal_trailing_dot_bug()
    ~~~~~~~~~~~~~~~~~~~~~~~~~~~~~~~~~~~~~~^^
  File "/home/npc/pbt/agentic-pbt/worker_/37/hypo.py", line 5, in test_variable_literal_trailing_dot_bug
    st.integers(),
               ^^^
  File "/home/npc/miniconda/lib/python3.13/site-packages/hypothesis/core.py", line 2124, in wrapped_test
    raise the_error_hypothesis_found
  File "/home/npc/pbt/agentic-pbt/worker_/37/hypo.py", line 17, in test_variable_literal_trailing_dot_bug
    assert var_string[-1] != '.', f"Variable with trailing dot '{var_string}' should not parse as valid float but got {v.literal}"
           ^^^^^^^^^^^^^^^^^^^^^
AssertionError: Variable with trailing dot '0.' should not parse as valid float but got 0.0
Falsifying example: test_variable_literal_trailing_dot_bug(
    num=0,  # or any other generated value
    add_trailing_dot=True,
)
Explanation:
    These lines were always and only run by failing examples:
        /home/npc/pbt/agentic-pbt/worker_/37/hypo.py:11
