Traceback (most recent call last):
  File "/home/npc/pbt/agentic-pbt/worker_/13/hypo.py", line 21, in <module>
    test_lpad_length_invariant()
    ~~~~~~~~~~~~~~~~~~~~~~~~~~^^
  File "/home/npc/pbt/agentic-pbt/worker_/13/hypo.py", line 14, in test_lpad_length_invariant
    @settings(max_examples=10000)
                   ^^^
  File "/home/npc/pbt/agentic-pbt/envs/django_env/lib/python3.13/site-packages/hypothesis/core.py", line 2124, in wrapped_test
    raise the_error_hypothesis_found
  File "/home/npc/pbt/agentic-pbt/worker_/13/hypo.py", line 18, in test_lpad_length_invariant
    assert len(result) == length, f"Expected length {length}, got {len(result)} for _sqlite_lpad({text!r}, {length}, {fill_text!r})"
           ^^^^^^^^^^^^^^^^^^^^^
AssertionError: Expected length 1, got 0 for _sqlite_lpad('', 1, '')
Falsifying example: test_lpad_length_invariant(
    text='',
    length=1,
    fill_text='',
)
