Traceback (most recent call last):
  File "/home/npc/pbt/agentic-pbt/worker_/50/hypo.py", line 28, in <module>
    test_uploaded_file_name_sanitization()
    ~~~~~~~~~~~~~~~~~~~~~~~~~~~~~~~~~~~~^^
  File "/home/npc/pbt/agentic-pbt/worker_/50/hypo.py", line 20, in test_uploaded_file_name_sanitization
    def test_uploaded_file_name_sanitization(name, content):
                   ^^^
  File "/home/npc/pbt/agentic-pbt/envs/django_env/lib/python3.13/site-packages/hypothesis/core.py", line 2124, in wrapped_test
    raise the_error_hypothesis_found
  File "/home/npc/pbt/agentic-pbt/worker_/50/hypo.py", line 24, in test_uploaded_file_name_sanitization
    assert '\\' not in f.name, f"Backslash found in sanitized name: {f.name!r}"
           ^^^^^^^^^^^^^^^^^^
AssertionError: Backslash found in sanitized name: '\\'
Falsifying example: test_uploaded_file_name_sanitization(
    name='\\',
    content=b'',  # or any other generated value
)
