============================= test session starts ==============================
platform linux -- Python 3.13.2, pytest-8.4.1, pluggy-1.5.0 -- /home/npc/miniconda/bin/python3
cachedir: .pytest_cache
hypothesis profile 'default'
rootdir: /home/npc/pbt/agentic-pbt/worker_/44
plugins: anyio-4.9.0, hypothesis-6.139.1, asyncio-1.2.0, langsmith-0.4.29
asyncio: mode=Mode.STRICT, debug=False, asyncio_default_fixture_loop_scope=None, asyncio_default_test_loop_scope=function
collecting ... collected 1 item

hypo.py::test_scheme_must_be_at_start FAILED                             [100%]

=================================== FAILURES ===================================
_________________________ test_scheme_must_be_at_start _________________________
hypo.py:26: in test_scheme_must_be_at_start
    @example("://example.com")  # Explicit failing case
                   ^^^
/home/npc/miniconda/lib/python3.13/site-packages/hypothesis/core.py:1613: in _raise_to_user
    raise the_error_hypothesis_found
hypo.py:42: in test_scheme_must_be_at_start
    assert len(errors) > 0, \
E   AssertionError: Origin '://example.com' has no scheme before ://, should fail
E   assert 0 > 0
E    +  where 0 = len([])
E   Falsifying explicit example: test_scheme_must_be_at_start(
E       origin='://example.com',
E   )
=========================== short test summary info ============================
FAILED hypo.py::test_scheme_must_be_at_start - AssertionError: Origin '://exa...
============================== 1 failed in 0.76s ===============================
