Traceback (most recent call last):
  File "/home/npc/pbt/agentic-pbt/worker_/38/hypo.py", line 17, in <module>
    test_single_error_uses_singular_form()
    ~~~~~~~~~~~~~~~~~~~~~~~~~~~~~~~~~~~~^^
  File "/home/npc/pbt/agentic-pbt/worker_/38/hypo.py", line 9, in test_single_error_uses_singular_form
    def test_single_error_uses_singular_form(errors):
                   ^^^
  File "/home/npc/pbt/agentic-pbt/envs/fastapi_env/lib/python3.13/site-packages/hypothesis/core.py", line 2124, in wrapped_test
    raise the_error_hypothesis_found
  File "/home/npc/pbt/agentic-pbt/worker_/38/hypo.py", line 13, in test_single_error_uses_singular_form
    assert "1 validation error:" in result, \
           ^^^^^^^^^^^^^^^^^^^^^^^^^^^^^^^
AssertionError: Expected singular 'error', got: 1 validation errors:
Falsifying example: test_single_error_uses_singular_form(
    errors=[''],
)
Explanation:
    These lines were always and only run by failing examples:
        /home/npc/pbt/agentic-pbt/worker_/38/hypo.py:14
