Traceback (most recent call last):
  File "/home/npc/pbt/agentic-pbt/worker_/19/hypo.py", line 33, in <module>
    test_oauth2_scope_spec_compliance()
    ~~~~~~~~~~~~~~~~~~~~~~~~~~~~~~~~~^^
  File "/home/npc/pbt/agentic-pbt/worker_/19/hypo.py", line 12, in test_oauth2_scope_spec_compliance
    def test_oauth2_scope_spec_compliance(scopes_list):
                   ^^^
  File "/home/npc/miniconda/lib/python3.13/site-packages/hypothesis/core.py", line 2124, in wrapped_test
    raise the_error_hypothesis_found
  File "/home/npc/pbt/agentic-pbt/worker_/19/hypo.py", line 28, in test_oauth2_scope_spec_compliance
    assert parsed_scopes_with_split == parsed_scopes_with_space_split, \
           ^^^^^^^^^^^^^^^^^^^^^^^^^^^^^^^^^^^^^^^^^^^^^^^^^^^^^^^^^^
AssertionError: Scope parsing differs: split()=[] vs split(' ')=['\r']
Falsifying example: test_oauth2_scope_spec_compliance(
    scopes_list=['\r'],
)
Explanation:
    These lines were always and only run by failing examples:
        /home/npc/pbt/agentic-pbt/worker_/19/hypo.py:29
