Traceback (most recent call last):
  File "/home/npc/pbt/agentic-pbt/worker_/13/hypo.py", line 29, in <module>
    test_swagger_ui_html_escapes_title_properly()
    ~~~~~~~~~~~~~~~~~~~~~~~~~~~~~~~~~~~~~~~~~~~^^
  File "/home/npc/pbt/agentic-pbt/worker_/13/hypo.py", line 13, in test_swagger_ui_html_escapes_title_properly
    @given(st.text(min_size=1, max_size=100), st.text(min_size=1, max_size=100))
                   ^^^
  File "/home/npc/pbt/agentic-pbt/envs/fastapi_env/lib/python3.13/site-packages/hypothesis/core.py", line 2124, in wrapped_test
    raise the_error_hypothesis_found
  File "/home/npc/pbt/agentic-pbt/worker_/13/hypo.py", line 26, in test_swagger_ui_html_escapes_title_properly
    assert False, f"Title not properly escaped. Got {actual_title!r} from input {title!r}"
           ^^^^^
AssertionError: Title not properly escaped. Got '<' from input '<'
Falsifying example: test_swagger_ui_html_escapes_title_properly(
    openapi_url='0',  # or any other generated value
    title='<',
)
Explanation:
    These lines were always and only run by failing examples:
        /home/npc/pbt/agentic-pbt/worker_/13/hypo.py:25
